


ARM Macro Assembler    Page 1 


    1 00000000         ;/******************************************************
                       ********************//**
    2 00000000         ; * @file     startup_LPC17xx.s
    3 00000000         ; * @brief    CMSIS Cortex-M3 Core Device Startup File f
                       or
    4 00000000         ; *           NXP LPC17xx Device Series
    5 00000000         ; * @version  V1.10
    6 00000000         ; * @date     06. April 2011
    7 00000000         ; *
    8 00000000         ; * @note
    9 00000000         ; * Copyright (C) 2009-2011 ARM Limited. All rights rese
                       rved.
   10 00000000         ; *
   11 00000000         ; * @par
   12 00000000         ; * ARM Limited (ARM) is supplying this software for use
                        with Cortex-M
   13 00000000         ; * processor based microcontrollers.  This file can be 
                       freely distributed
   14 00000000         ; * within development tools that are supporting such AR
                       M based processors.
   15 00000000         ; *
   16 00000000         ; * @par
   17 00000000         ; * THIS SOFTWARE IS PROVIDED "AS IS".  NO WARRANTIES, W
                       HETHER EXPRESS, IMPLIED
   18 00000000         ; * OR STATUTORY, INCLUDING, BUT NOT LIMITED TO, IMPLIED
                        WARRANTIES OF
   19 00000000         ; * MERCHANTABILITY AND FITNESS FOR A PARTICULAR PURPOSE
                        APPLY TO THIS SOFTWARE.
   20 00000000         ; * ARM SHALL NOT, IN ANY CIRCUMSTANCES, BE LIABLE FOR S
                       PECIAL, INCIDENTAL, OR
   21 00000000         ; * CONSEQUENTIAL DAMAGES, FOR ANY REASON WHATSOEVER.
   22 00000000         ; *
   23 00000000         ; ******************************************************
                       ************************/
   24 00000000         
   25 00000000         ; *------- <<< Use Configuration Wizard in Context Menu 
                       >>> ------------------
   26 00000000         
   27 00000000         ; <h> Stack Configuration
   28 00000000         ;   <o> Stack Size (in Bytes) <0x0-0xFFFFFFFF:8>
   29 00000000         ; </h>
   30 00000000         
   31 00000000 00000200 
                       Stack_Size
                               EQU              0x00000200
   32 00000000         
   33 00000000                 AREA             STACK, NOINIT, READWRITE, ALIGN
=3
   34 00000000         Stack_Mem
                               SPACE            Stack_Size
   35 00000200         __initial_sp
   36 00000200         
   37 00000200         
   38 00000200         ; <h> Heap Configuration
   39 00000200         ;   <o>  Heap Size (in Bytes) <0x0-0xFFFFFFFF:8>
   40 00000200         ; </h>
   41 00000200         
   42 00000200 00000000 
                       Heap_Size



ARM Macro Assembler    Page 2 


                               EQU              0x00000000
   43 00000200         
   44 00000200                 AREA             HEAP, NOINIT, READWRITE, ALIGN=
3
   45 00000000         __heap_base
   46 00000000         Heap_Mem
                               SPACE            Heap_Size
   47 00000000         __heap_limit
   48 00000000         
   49 00000000         
   50 00000000                 PRESERVE8
   51 00000000                 THUMB
   52 00000000         
   53 00000000         
   54 00000000         ; Vector Table Mapped to Address 0 at Reset
   55 00000000         
   56 00000000                 AREA             RESET, DATA, READONLY
   57 00000000                 EXPORT           __Vectors
   58 00000000         
   59 00000000 00000000 
                       __Vectors
                               DCD              __initial_sp ; Top of Stack
   60 00000004 00000000        DCD              Reset_Handler ; Reset Handler
   61 00000008 00000000        DCD              NMI_Handler ; NMI Handler
   62 0000000C 00000000        DCD              HardFault_Handler ; Hard Fault 
                                                            Handler
   63 00000010 00000000        DCD              MemManage_Handler 
                                                            ; MPU Fault Handler
                                                            
   64 00000014 00000000        DCD              BusFault_Handler 
                                                            ; Bus Fault Handler
                                                            
   65 00000018 00000000        DCD              UsageFault_Handler ; Usage Faul
                                                            t Handler
   66 0000001C 00000000        DCD              0           ; Reserved
   67 00000020 00000000        DCD              0           ; Reserved
   68 00000024 00000000        DCD              0           ; Reserved
   69 00000028 00000000        DCD              0           ; Reserved
   70 0000002C 00000000        DCD              SVC_Handler ; SVCall Handler
   71 00000030 00000000        DCD              DebugMon_Handler ; Debug Monito
                                                            r Handler
   72 00000034 00000000        DCD              0           ; Reserved
   73 00000038 00000000        DCD              PendSV_Handler ; PendSV Handler
                                                            
   74 0000003C 00000000        DCD              SysTick_Handler 
                                                            ; SysTick Handler
   75 00000040         
   76 00000040         ; External Interrupts
   77 00000040 00000000        DCD              WDT_IRQHandler ; 16: Watchdog T
                                                            imer
   78 00000044 00000000        DCD              TIMER0_IRQHandler ; 17: Timer0
   79 00000048 00000000        DCD              TIMER1_IRQHandler ; 18: Timer1
   80 0000004C 00000000        DCD              TIMER2_IRQHandler ; 19: Timer2
   81 00000050 00000000        DCD              TIMER3_IRQHandler ; 20: Timer3
   82 00000054 00000000        DCD              UART0_IRQHandler ; 21: UART0
   83 00000058 00000000        DCD              UART1_IRQHandler ; 22: UART1
   84 0000005C 00000000        DCD              UART2_IRQHandler ; 23: UART2
   85 00000060 00000000        DCD              UART3_IRQHandler ; 24: UART3
   86 00000064 00000000        DCD              PWM1_IRQHandler ; 25: PWM1



ARM Macro Assembler    Page 3 


   87 00000068 00000000        DCD              I2C0_IRQHandler ; 26: I2C0
   88 0000006C 00000000        DCD              I2C1_IRQHandler ; 27: I2C1
   89 00000070 00000000        DCD              I2C2_IRQHandler ; 28: I2C2
   90 00000074 00000000        DCD              SPI_IRQHandler ; 29: SPI
   91 00000078 00000000        DCD              SSP0_IRQHandler ; 30: SSP0
   92 0000007C 00000000        DCD              SSP1_IRQHandler ; 31: SSP1
   93 00000080 00000000        DCD              PLL0_IRQHandler ; 32: PLL0 Lock
                                                             (Main PLL)
   94 00000084 00000000        DCD              RTC_IRQHandler ; 33: Real Time 
                                                            Clock
   95 00000088 00000000        DCD              EINT0_IRQHandler ; 34: External
                                                             Interrupt 0
   96 0000008C 00000000        DCD              EINT1_IRQHandler ; 35: External
                                                             Interrupt 1
   97 00000090 00000000        DCD              EINT2_IRQHandler ; 36: External
                                                             Interrupt 2
   98 00000094 00000000        DCD              EINT3_IRQHandler ; 37: External
                                                             Interrupt 3
   99 00000098 00000000        DCD              ADC_IRQHandler 
                                                            ; 38: A/D Converter
                                                            
  100 0000009C 00000000        DCD              BOD_IRQHandler ; 39: Brown-Out 
                                                            Detect
  101 000000A0 00000000        DCD              USB_IRQHandler ; 40: USB
  102 000000A4 00000000        DCD              CAN_IRQHandler ; 41: CAN
  103 000000A8 00000000        DCD              DMA_IRQHandler ; 42: General Pu
                                                            rpose DMA
  104 000000AC 00000000        DCD              I2S_IRQHandler ; 43: I2S
  105 000000B0 00000000        DCD              ENET_IRQHandler ; 44: Ethernet
  106 000000B4 00000000        DCD              RIT_IRQHandler ; 45: Repetitive
                                                             Interrupt Timer
  107 000000B8 00000000        DCD              MCPWM_IRQHandler ; 46: Motor Co
                                                            ntrol PWM
  108 000000BC 00000000        DCD              QEI_IRQHandler ; 47: Quadrature
                                                             Encoder Interface
  109 000000C0 00000000        DCD              PLL1_IRQHandler ; 48: PLL1 Lock
                                                             (USB PLL)
  110 000000C4 00000000        DCD              USBActivity_IRQHandler ; 49: US
                                                            B Activity interrup
                                                            t to wakeup
  111 000000C8 00000000        DCD              CANActivity_IRQHandler ; 50: CA
                                                            N Activity interrup
                                                            t to wakeup
  112 000000CC         
  113 000000CC         
  114 000000CC                 IF               :LNOT::DEF:NO_CRP
  115 000000CC                 AREA             |.ARM.__at_0x02FC|, CODE, READO
NLY
  116 00000000 FFFFFFFF 
                       CRP_Key DCD              0xFFFFFFFF
  117 00000004                 ENDIF
  118 00000004         
  119 00000004         
  120 00000004                 AREA             |.text|, CODE, READONLY
  121 00000000         
  122 00000000         
  123 00000000         ; Reset Handler
  124 00000000         
  125 00000000         Reset_Handler



ARM Macro Assembler    Page 4 


                               PROC
  126 00000000                 EXPORT           Reset_Handler             [WEAK
]
  127 00000000         ; item 1
  128 00000000 F04F 001B       MOV              r0, #27
  129 00000004 F04F 0129       MOV              r1, #41
  130 00000008 F7FF FFFE       BL               binaryGCD
  131 0000000C         
  132 0000000C         ; remove comments to solve item 2
  133 0000000C         ;MOV r0, #27
  134 0000000C         ;MOV r1, #41
  135 0000000C         ;BL binaryExtendedGCD
  136 0000000C         
  137 0000000C         ; remove comments to solve item 3
  138 0000000C         ;IMPORT  SystemInit
  139 0000000C         ;IMPORT  __main
  140 0000000C         ;LDR     R0, =SystemInit
  141 0000000C         ;BLX     R0
  142 0000000C         ;LDR     R0, =__main
  143 0000000C         ;BX      R0
  144 0000000C E7FE    stop    B                stop
  145 0000000E                 ENDP
  146 0000000E         
  147 0000000E         binaryGCD
                               PROC
  148 0000000E                 EXPORT           binaryGCD
  149 0000000E B510            PUSH             {r4, LR}
  150 00000010         ; r0 = x
  151 00000010         ; r1 = y
  152 00000010 EA82 0202       EOR              r2, r2      ; r2 = g
  153 00000014 F000 0301 
                       cycle1  AND              r3, r0, #1  ; get the LSB of x
  154 00000018 EA4F 0343       LSL              r3, #1      ; shift to second b
                                                            it
  155 0000001C F001 0301       AND              r3, r1, #1  ; get the LSB of y
  156 00000020 EA43 0304       ORR              r3, r3, r4  ; union of results
  157 00000024 2B00            CMP              r3, #2_00
  158 00000026 D106            BNE              nonBothEven
  159 00000028         ; x and y are both even
  160 00000028 EA4F 0343       LSL              r3, #1      ; x/2
  161 0000002C EA4F 0444       LSL              r4, #1      ; y/2
  162 00000030 F102 0201       ADD              r2, #1      ; g+1
  163 00000034 E7EE            B                cycle1
  164 00000036 F010 0F01 
                       nonBothEven
                               TST              r0, #1      ; check the first b
                                                            it
  165 0000003A D102            BNE              xOdd
  166 0000003C EA4F 0040       LSL              r0, #1      ; x/2
  167 00000040 E7F9            B                nonBothEven
  168 00000042 F011 0F01 
                       xOdd    TST              r1, #1      ; check the fist bi
                                                            t
  169 00000046 D102            BNE              yOdd
  170 00000048 EA4F 0141       LSL              r1, #1      ; y/2
  171 0000004C E7F9            B                xOdd
  172 0000004E 4288    yOdd    CMP              r0, r1
  173 00000050 D302            BLO              xLoy
  174 00000052         ; x>=y



ARM Macro Assembler    Page 5 


  175 00000052 EBA0 0001       SUB              r0, r0, r1  ; x=x-y
  176 00000056 E001            B                continue
  177 00000058 EBA1 0100 
                       xLoy    SUB              r1, r1, r0  ; y=y-x
  178 0000005C 2800    continue
                               CMP              r0, #0
  179 0000005E D1EA            BNE              nonBothEven ; loop until x!=0
  180 00000060 4608            MOV              r0, r1
  181 00000062 FA00 F002       LSL              r0, r2
  182 00000066 BD10            POP              {r4, PC}
  183 00000068                 ENDP
  184 00000068         
  185 00000068         binaryExtendedGCD
                               PROC
  186 00000068                 EXPORT           binaryExtendedGCD
  187 00000068 E92D 47F0       PUSH             {r4-r10,LR}
  188 0000006C         ; r0 = x
  189 0000006C         ; r1 = y
  190 0000006C EA82 0202       EOR              r2, r2      ; r2 = g
  191 00000070 F000 0301 
                       cycle1Ext
                               AND              r3, r0, #1  ; get the LSB of x
  192 00000074 EA4F 0343       LSL              r3, #1      ; shift to second b
                                                            it
  193 00000078 F001 0301       AND              r3, r1, #1  ; get the LSB of y
  194 0000007C EA43 0304       ORR              r3, r3, r4  ; union of results
  195 00000080 2B00            CMP              r3, #2_00
  196 00000082 D106            BNE              nonBothEvenExt
  197 00000084         ; x and y are both even
  198 00000084 EA4F 0343       LSL              r3, #1      ; x/2
  199 00000088 EA4F 0444       LSL              r4, #1      ; y/2
  200 0000008C F102 0201       ADD              r2, #1      ; g+1
  201 00000090 E7EE            B                cycle1Ext
  202 00000092 4603    nonBothEvenExt
                               MOV              r3, r0      ; r3 = u
  203 00000094 460C            MOV              r4, r1      ; r4 = v
  204 00000096 F04F 0501       MOV              r5, #1      ; r5 = A
  205 0000009A EA86 0606       EOR              r6, r6      ; r6 = B
  206 0000009E EA87 0707       EOR              r7, r7      ; r7 = C
  207 000000A2 F04F 0801       MOV              r8, #1      ; r8 = D
  208 000000A6 F010 0F01 
                       cycle2  TST              r0, #1      ; check the first b
                                                            it
  209 000000AA D1CA            BNE              xOdd
  210 000000AC EA4F 0040       LSL              r0, #1      ; x/2
  211 000000B0 F005 0901       AND              r9, r5, #1  ; take LSB of A
  212 000000B4 EA4F 0949       LSL              r9, #1      ; shift in second b
                                                            it
  213 000000B8 F006 0A01       AND              r10, r6, #1 ; take LSB of B
  214 000000BC EA49 090A       ORR              r9, r9, r10 ; union of results
  215 000000C0 F1B9 0F00       CMP              r9, #2_00
  216 000000C4 D104            BNE              ABnotEven
  217 000000C6 EA4F 0565       ASR              r5, #1      ; A=A/2
  218 000000CA EA4F 0666       ASR              r6, #1      ; B=B/2
  219 000000CE E006            B                continueAB
  220 000000D0 4425    ABnotEven
                               ADD              r5, r5, r4  ; A=A+v
  221 000000D2 EA4F 0565       ASR              r5, #1      ; A=A/2
  222 000000D6 EBA6 0603       SUB              r6, r6, r3  ; B=B-u



ARM Macro Assembler    Page 6 


  223 000000DA EA4F 0666       ASR              r6, #1      ; B=B/2
  224 000000DE E7E2    continueAB
                               B                cycle2
  225 000000E0 F011 0F01 
                       xOddExt TST              r1, #1      ; check the fist bi
                                                            t
  226 000000E4 D119            BNE              yOddExt
  227 000000E6 EA4F 0141       LSL              r1, #1      ; y/2
  228 000000EA F007 0901       AND              r9, r7, #1  ; take LSB of C
  229 000000EE EA4F 0949       LSL              r9, #1      ; shift in second b
                                                            it
  230 000000F2 F008 0A01       AND              r10, r8, #1 ; take LSB of D
  231 000000F6 EA49 090A       ORR              r9, r9, r10 ; union of results
  232 000000FA F1B9 0F00       CMP              r9, #2_00
  233 000000FE D104            BNE              CDnotEven
  234 00000100 EA4F 0767       ASR              r7, #1      ; C=C/2
  235 00000104 EA4F 0868       ASR              r8, #1      ; D=D/2
  236 00000108 E006            B                continueCD
  237 0000010A 4427    CDnotEven
                               ADD              r7, r7, r4  ; A=A+v
  238 0000010C EA4F 0767       ASR              r7, #1      ; A=A/2
  239 00000110 EBA8 0803       SUB              r8, r8, r3  ; B=B-u
  240 00000114 EA4F 0868       ASR              r8, #1      ; B=B/2
  241 00000118 E7E2    continueCD
                               B                xOddExt
  242 0000011A 4288    yOddExt CMP              r0, r1
  243 0000011C D306            BLO              xLoyExt
  244 0000011E         ; x>=y
  245 0000011E EBA0 0001       SUB              r0, r0, r1  ; x=x-y
  246 00000122 EBA5 0507       SUB              r5, r5, r7
  247 00000126 EBA6 0608       SUB              r6, r6, r8
  248 0000012A E005            B                continueExt
  249 0000012C EBA1 0100 
                       xLoyExt SUB              r1, r1, r0  ; y=y-x
  250 00000130 EBA7 0705       SUB              r7, r7, r5
  251 00000134 EBA8 0806       SUB              r8, r8, r6
  252 00000138 2800    continueExt
                               CMP              r0, #0
  253 0000013A D1B4            BNE              cycle2      ; loop until x!=0
  254 0000013C 4638            MOV              r0, r7
  255 0000013E E8BD 87F0       POP              {r4-r10,PC}
  256 00000142                 ENDP
  257 00000142         
  258 00000142 E000E010 
                       Control EQU              0xE000E010
  259 00000142 E000E014 
                       Reload  EQU              0xE000E014
  260 00000142 E000E018 
                       Current EQU              0xE000E018
  261 00000142         
  262 00000142         startTimer
                               PROC
  263 00000142                 EXPORT           startTimer
  264 00000142         ; 100MHz i want that the timer must tick every 0.1s= 1/1
                       0s
  265 00000142 4811            LDR              r0, =10000000 ;
  266 00000144         
  267 00000144 4911            LDR              r1, =Control ; control = addres
                                                            s of control regist



ARM Macro Assembler    Page 7 


                                                            er
  268 00000146 EA82 0202       EOR              r2, r2
  269 0000014A 600A            STR              r2, [r1]    ; stop the timer
  270 0000014C         
  271 0000014C 4910            LDR              r1, =Reload ; reload = address 
                                                            of reload register
  272 0000014E 6008            STR              r0, [r1]    ; set the time
  273 00000150         
  274 00000150 4910            LDR              r1, =Current ; curret = address
                                                             of current registe
                                                            r
  275 00000152 6008            STR              r0, [r1]    ; random value
  276 00000154         
  277 00000154 490D            LDR              r1, =Control
  278 00000156 F04F 0007       MOV              r0, #7      ; 7 to start the ti
                                                            mer
  279 0000015A 6008            STR              r0, [r1]    ; start the timer 
  280 0000015C 4770            BX               LR
  281 0000015E                 ENDP
  282 0000015E         
  283 0000015E         stopTimer
                               PROC
  284 0000015E                 EXPORT           stopTimer
  285 0000015E 480B            LDR              r0, =Control ; control = addres
                                                            s of control regist
                                                            er
  286 00000160 EA81 0101       EOR              r1, r1
  287 00000164 6001            STR              r1, [r0]    ; stop the timer
  288 00000166 4770            BX               LR
  289 00000168                 ENDP
  290 00000168         
  291 00000168         
  292 00000168         
  293 00000168         ; Dummy Exception Handlers (infinite loops which can be 
                       modified)
  294 00000168         
  295 00000168         NMI_Handler
                               PROC
  296 00000168                 EXPORT           NMI_Handler               [WEAK
]
  297 00000168 E7FE            B                .
  298 0000016A                 ENDP
  300 0000016A         HardFault_Handler
                               PROC
  301 0000016A                 EXPORT           HardFault_Handler         [WEAK
]
  302 0000016A E7FE            B                .
  303 0000016C                 ENDP
  305 0000016C         MemManage_Handler
                               PROC
  306 0000016C                 EXPORT           MemManage_Handler         [WEAK
]
  307 0000016C E7FE            B                .
  308 0000016E                 ENDP
  310 0000016E         BusFault_Handler
                               PROC
  311 0000016E                 EXPORT           BusFault_Handler          [WEAK
]
  312 0000016E E7FE            B                .



ARM Macro Assembler    Page 8 


  313 00000170                 ENDP
  315 00000170         UsageFault_Handler
                               PROC
  316 00000170                 EXPORT           UsageFault_Handler        [WEAK
]
  317 00000170 E7FE            B                .
  318 00000172                 ENDP
  319 00000172         SVC_Handler
                               PROC
  320 00000172                 EXPORT           SVC_Handler               [WEAK
]
  321 00000172 E7FE            B                .
  322 00000174                 ENDP
  324 00000174         DebugMon_Handler
                               PROC
  325 00000174                 EXPORT           DebugMon_Handler          [WEAK
]
  326 00000174 E7FE            B                .
  327 00000176                 ENDP
  328 00000176         PendSV_Handler
                               PROC
  329 00000176                 EXPORT           PendSV_Handler            [WEAK
]
  330 00000176 E7FE            B                .
  331 00000178                 ENDP
  332 00000178         SysTick_Handler
                               PROC
  333 00000178                 EXPORT           SysTick_Handler           [WEAK
]
  334 00000178 E7FE            B                .
  335 0000017A                 ENDP
  336 0000017A         
  337 0000017A         Default_Handler
                               PROC
  338 0000017A         
  339 0000017A                 EXPORT           WDT_IRQHandler            [WEAK
]
  340 0000017A                 EXPORT           TIMER0_IRQHandler         [WEAK
]
  341 0000017A                 EXPORT           TIMER1_IRQHandler         [WEAK
]
  342 0000017A                 EXPORT           TIMER2_IRQHandler         [WEAK
]
  343 0000017A                 EXPORT           TIMER3_IRQHandler         [WEAK
]
  344 0000017A                 EXPORT           UART0_IRQHandler          [WEAK
]
  345 0000017A                 EXPORT           UART1_IRQHandler          [WEAK
]
  346 0000017A                 EXPORT           UART2_IRQHandler          [WEAK
]
  347 0000017A                 EXPORT           UART3_IRQHandler          [WEAK
]
  348 0000017A                 EXPORT           PWM1_IRQHandler           [WEAK
]
  349 0000017A                 EXPORT           I2C0_IRQHandler           [WEAK
]
  350 0000017A                 EXPORT           I2C1_IRQHandler           [WEAK
]



ARM Macro Assembler    Page 9 


  351 0000017A                 EXPORT           I2C2_IRQHandler           [WEAK
]
  352 0000017A                 EXPORT           SPI_IRQHandler            [WEAK
]
  353 0000017A                 EXPORT           SSP0_IRQHandler           [WEAK
]
  354 0000017A                 EXPORT           SSP1_IRQHandler           [WEAK
]
  355 0000017A                 EXPORT           PLL0_IRQHandler           [WEAK
]
  356 0000017A                 EXPORT           RTC_IRQHandler            [WEAK
]
  357 0000017A                 EXPORT           EINT0_IRQHandler          [WEAK
]
  358 0000017A                 EXPORT           EINT1_IRQHandler          [WEAK
]
  359 0000017A                 EXPORT           EINT2_IRQHandler          [WEAK
]
  360 0000017A                 EXPORT           EINT3_IRQHandler          [WEAK
]
  361 0000017A                 EXPORT           ADC_IRQHandler            [WEAK
]
  362 0000017A                 EXPORT           BOD_IRQHandler            [WEAK
]
  363 0000017A                 EXPORT           USB_IRQHandler            [WEAK
]
  364 0000017A                 EXPORT           CAN_IRQHandler            [WEAK
]
  365 0000017A                 EXPORT           DMA_IRQHandler            [WEAK
]
  366 0000017A                 EXPORT           I2S_IRQHandler            [WEAK
]
  367 0000017A                 EXPORT           ENET_IRQHandler           [WEAK
]
  368 0000017A                 EXPORT           RIT_IRQHandler            [WEAK
]
  369 0000017A                 EXPORT           MCPWM_IRQHandler          [WEAK
]
  370 0000017A                 EXPORT           QEI_IRQHandler            [WEAK
]
  371 0000017A                 EXPORT           PLL1_IRQHandler           [WEAK
]
  372 0000017A                 EXPORT           USBActivity_IRQHandler    [WEAK
]
  373 0000017A                 EXPORT           CANActivity_IRQHandler    [WEAK
]
  374 0000017A         
  375 0000017A         WDT_IRQHandler
  376 0000017A         TIMER0_IRQHandler
  377 0000017A         TIMER1_IRQHandler
  378 0000017A         TIMER2_IRQHandler
  379 0000017A         TIMER3_IRQHandler
  380 0000017A         UART0_IRQHandler
  381 0000017A         UART1_IRQHandler
  382 0000017A         UART2_IRQHandler
  383 0000017A         UART3_IRQHandler
  384 0000017A         PWM1_IRQHandler
  385 0000017A         I2C0_IRQHandler
  386 0000017A         I2C1_IRQHandler



ARM Macro Assembler    Page 10 


  387 0000017A         I2C2_IRQHandler
  388 0000017A         SPI_IRQHandler
  389 0000017A         SSP0_IRQHandler
  390 0000017A         SSP1_IRQHandler
  391 0000017A         PLL0_IRQHandler
  392 0000017A         RTC_IRQHandler
  393 0000017A         EINT0_IRQHandler
  394 0000017A         EINT1_IRQHandler
  395 0000017A         EINT2_IRQHandler
  396 0000017A         EINT3_IRQHandler
  397 0000017A         ADC_IRQHandler
  398 0000017A         BOD_IRQHandler
  399 0000017A         USB_IRQHandler
  400 0000017A         CAN_IRQHandler
  401 0000017A         DMA_IRQHandler
  402 0000017A         I2S_IRQHandler
  403 0000017A         ENET_IRQHandler
  404 0000017A         RIT_IRQHandler
  405 0000017A         MCPWM_IRQHandler
  406 0000017A         QEI_IRQHandler
  407 0000017A         PLL1_IRQHandler
  408 0000017A         USBActivity_IRQHandler
  409 0000017A         CANActivity_IRQHandler
  410 0000017A         
  411 0000017A E7FE            B                .
  412 0000017C         
  413 0000017C                 ENDP
  414 0000017C         
  415 0000017C         
  416 0000017C                 ALIGN
  417 0000017C         
  418 0000017C         
  419 0000017C         ; User Initial Stack & Heap
  420 0000017C         
  421 0000017C                 IF               :DEF:__MICROLIB
  428 0000017C         
  429 0000017C                 IMPORT           __use_two_region_memory
  430 0000017C                 EXPORT           __user_initial_stackheap
  431 0000017C         __user_initial_stackheap
  432 0000017C         
  433 0000017C 4806            LDR              R0, =  Heap_Mem
  434 0000017E 4907            LDR              R1, =(Stack_Mem + Stack_Size)
  435 00000180 4A05            LDR              R2, = (Heap_Mem +  Heap_Size)
  436 00000182 4B07            LDR              R3, = Stack_Mem
  437 00000184 4770            BX               LR
  438 00000186         
  439 00000186 00 00           ALIGN
  440 00000188         
  441 00000188                 ENDIF
  442 00000188         
  443 00000188         
  444 00000188                 END
              00989680 
              E000E010 
              E000E014 
              E000E018 
              00000000 
              00000200 
              00000000 



ARM Macro Assembler    Page 11 


Command Line: --debug --xref --diag_suppress=9931 --cpu=Cortex-M3 --apcs=interw
ork --depend=.\objects\startup_lpc17xx.d -o.\objects\startup_lpc17xx.o -I.\RTE\
Device\LPC1768 -I.\RTE\_Target_1 -IC:\Users\asus\AppData\Local\Arm\Packs\ARM\CM
SIS\5.8.0\CMSIS\Core\Include -IC:\Users\asus\AppData\Local\Arm\Packs\Keil\LPC17
00_DFP\2.7.1\Device\Include --predefine="__EVAL SETA 1" --predefine="__UVISION_
VERSION SETA 536" --predefine="_RTE_ SETA 1" --predefine="LPC175x_6x SETA 1" --
predefine="_RTE_ SETA 1" --list=.\listings\startup_lpc17xx.lst RTE\Device\LPC17
68\startup_LPC17xx.s



ARM Macro Assembler    Page 1 Alphabetic symbol ordering
Relocatable symbols

STACK 00000000

Symbol: STACK
   Definitions
      At line 33 in file RTE\Device\LPC1768\startup_LPC17xx.s
   Uses
      None
Comment: STACK unused
Stack_Mem 00000000

Symbol: Stack_Mem
   Definitions
      At line 34 in file RTE\Device\LPC1768\startup_LPC17xx.s
   Uses
      At line 434 in file RTE\Device\LPC1768\startup_LPC17xx.s
      At line 436 in file RTE\Device\LPC1768\startup_LPC17xx.s

__initial_sp 00000200

Symbol: __initial_sp
   Definitions
      At line 35 in file RTE\Device\LPC1768\startup_LPC17xx.s
   Uses
      At line 59 in file RTE\Device\LPC1768\startup_LPC17xx.s
Comment: __initial_sp used once
3 symbols



ARM Macro Assembler    Page 1 Alphabetic symbol ordering
Relocatable symbols

HEAP 00000000

Symbol: HEAP
   Definitions
      At line 44 in file RTE\Device\LPC1768\startup_LPC17xx.s
   Uses
      None
Comment: HEAP unused
Heap_Mem 00000000

Symbol: Heap_Mem
   Definitions
      At line 46 in file RTE\Device\LPC1768\startup_LPC17xx.s
   Uses
      At line 433 in file RTE\Device\LPC1768\startup_LPC17xx.s
      At line 435 in file RTE\Device\LPC1768\startup_LPC17xx.s

__heap_base 00000000

Symbol: __heap_base
   Definitions
      At line 45 in file RTE\Device\LPC1768\startup_LPC17xx.s
   Uses
      None
Comment: __heap_base unused
__heap_limit 00000000

Symbol: __heap_limit
   Definitions
      At line 47 in file RTE\Device\LPC1768\startup_LPC17xx.s
   Uses
      None
Comment: __heap_limit unused
4 symbols



ARM Macro Assembler    Page 1 Alphabetic symbol ordering
Relocatable symbols

RESET 00000000

Symbol: RESET
   Definitions
      At line 56 in file RTE\Device\LPC1768\startup_LPC17xx.s
   Uses
      None
Comment: RESET unused
__Vectors 00000000

Symbol: __Vectors
   Definitions
      At line 59 in file RTE\Device\LPC1768\startup_LPC17xx.s
   Uses
      At line 57 in file RTE\Device\LPC1768\startup_LPC17xx.s
Comment: __Vectors used once
2 symbols



ARM Macro Assembler    Page 1 Alphabetic symbol ordering
Relocatable symbols

.ARM.__at_0x02FC 00000000

Symbol: .ARM.__at_0x02FC
   Definitions
      At line 115 in file RTE\Device\LPC1768\startup_LPC17xx.s
   Uses
      None
Comment: .ARM.__at_0x02FC unused
CRP_Key 00000000

Symbol: CRP_Key
   Definitions
      At line 116 in file RTE\Device\LPC1768\startup_LPC17xx.s
   Uses
      None
Comment: CRP_Key unused
2 symbols



ARM Macro Assembler    Page 1 Alphabetic symbol ordering
Relocatable symbols

.text 00000000

Symbol: .text
   Definitions
      At line 120 in file RTE\Device\LPC1768\startup_LPC17xx.s
   Uses
      None
Comment: .text unused
ABnotEven 000000D0

Symbol: ABnotEven
   Definitions
      At line 220 in file RTE\Device\LPC1768\startup_LPC17xx.s
   Uses
      At line 216 in file RTE\Device\LPC1768\startup_LPC17xx.s
Comment: ABnotEven used once
ADC_IRQHandler 0000017A

Symbol: ADC_IRQHandler
   Definitions
      At line 397 in file RTE\Device\LPC1768\startup_LPC17xx.s
   Uses
      At line 99 in file RTE\Device\LPC1768\startup_LPC17xx.s
      At line 361 in file RTE\Device\LPC1768\startup_LPC17xx.s

BOD_IRQHandler 0000017A

Symbol: BOD_IRQHandler
   Definitions
      At line 398 in file RTE\Device\LPC1768\startup_LPC17xx.s
   Uses
      At line 100 in file RTE\Device\LPC1768\startup_LPC17xx.s
      At line 362 in file RTE\Device\LPC1768\startup_LPC17xx.s

BusFault_Handler 0000016E

Symbol: BusFault_Handler
   Definitions
      At line 310 in file RTE\Device\LPC1768\startup_LPC17xx.s
   Uses
      At line 64 in file RTE\Device\LPC1768\startup_LPC17xx.s
      At line 311 in file RTE\Device\LPC1768\startup_LPC17xx.s

CANActivity_IRQHandler 0000017A

Symbol: CANActivity_IRQHandler
   Definitions
      At line 409 in file RTE\Device\LPC1768\startup_LPC17xx.s
   Uses
      At line 111 in file RTE\Device\LPC1768\startup_LPC17xx.s
      At line 373 in file RTE\Device\LPC1768\startup_LPC17xx.s

CAN_IRQHandler 0000017A

Symbol: CAN_IRQHandler
   Definitions
      At line 400 in file RTE\Device\LPC1768\startup_LPC17xx.s
   Uses
      At line 102 in file RTE\Device\LPC1768\startup_LPC17xx.s



ARM Macro Assembler    Page 2 Alphabetic symbol ordering
Relocatable symbols

      At line 364 in file RTE\Device\LPC1768\startup_LPC17xx.s

CDnotEven 0000010A

Symbol: CDnotEven
   Definitions
      At line 237 in file RTE\Device\LPC1768\startup_LPC17xx.s
   Uses
      At line 233 in file RTE\Device\LPC1768\startup_LPC17xx.s
Comment: CDnotEven used once
DMA_IRQHandler 0000017A

Symbol: DMA_IRQHandler
   Definitions
      At line 401 in file RTE\Device\LPC1768\startup_LPC17xx.s
   Uses
      At line 103 in file RTE\Device\LPC1768\startup_LPC17xx.s
      At line 365 in file RTE\Device\LPC1768\startup_LPC17xx.s

DebugMon_Handler 00000174

Symbol: DebugMon_Handler
   Definitions
      At line 324 in file RTE\Device\LPC1768\startup_LPC17xx.s
   Uses
      At line 71 in file RTE\Device\LPC1768\startup_LPC17xx.s
      At line 325 in file RTE\Device\LPC1768\startup_LPC17xx.s

Default_Handler 0000017A

Symbol: Default_Handler
   Definitions
      At line 337 in file RTE\Device\LPC1768\startup_LPC17xx.s
   Uses
      None
Comment: Default_Handler unused
EINT0_IRQHandler 0000017A

Symbol: EINT0_IRQHandler
   Definitions
      At line 393 in file RTE\Device\LPC1768\startup_LPC17xx.s
   Uses
      At line 95 in file RTE\Device\LPC1768\startup_LPC17xx.s
      At line 357 in file RTE\Device\LPC1768\startup_LPC17xx.s

EINT1_IRQHandler 0000017A

Symbol: EINT1_IRQHandler
   Definitions
      At line 394 in file RTE\Device\LPC1768\startup_LPC17xx.s
   Uses
      At line 96 in file RTE\Device\LPC1768\startup_LPC17xx.s
      At line 358 in file RTE\Device\LPC1768\startup_LPC17xx.s

EINT2_IRQHandler 0000017A

Symbol: EINT2_IRQHandler
   Definitions
      At line 395 in file RTE\Device\LPC1768\startup_LPC17xx.s



ARM Macro Assembler    Page 3 Alphabetic symbol ordering
Relocatable symbols

   Uses
      At line 97 in file RTE\Device\LPC1768\startup_LPC17xx.s
      At line 359 in file RTE\Device\LPC1768\startup_LPC17xx.s

EINT3_IRQHandler 0000017A

Symbol: EINT3_IRQHandler
   Definitions
      At line 396 in file RTE\Device\LPC1768\startup_LPC17xx.s
   Uses
      At line 98 in file RTE\Device\LPC1768\startup_LPC17xx.s
      At line 360 in file RTE\Device\LPC1768\startup_LPC17xx.s

ENET_IRQHandler 0000017A

Symbol: ENET_IRQHandler
   Definitions
      At line 403 in file RTE\Device\LPC1768\startup_LPC17xx.s
   Uses
      At line 105 in file RTE\Device\LPC1768\startup_LPC17xx.s
      At line 367 in file RTE\Device\LPC1768\startup_LPC17xx.s

HardFault_Handler 0000016A

Symbol: HardFault_Handler
   Definitions
      At line 300 in file RTE\Device\LPC1768\startup_LPC17xx.s
   Uses
      At line 62 in file RTE\Device\LPC1768\startup_LPC17xx.s
      At line 301 in file RTE\Device\LPC1768\startup_LPC17xx.s

I2C0_IRQHandler 0000017A

Symbol: I2C0_IRQHandler
   Definitions
      At line 385 in file RTE\Device\LPC1768\startup_LPC17xx.s
   Uses
      At line 87 in file RTE\Device\LPC1768\startup_LPC17xx.s
      At line 349 in file RTE\Device\LPC1768\startup_LPC17xx.s

I2C1_IRQHandler 0000017A

Symbol: I2C1_IRQHandler
   Definitions
      At line 386 in file RTE\Device\LPC1768\startup_LPC17xx.s
   Uses
      At line 88 in file RTE\Device\LPC1768\startup_LPC17xx.s
      At line 350 in file RTE\Device\LPC1768\startup_LPC17xx.s

I2C2_IRQHandler 0000017A

Symbol: I2C2_IRQHandler
   Definitions
      At line 387 in file RTE\Device\LPC1768\startup_LPC17xx.s
   Uses
      At line 89 in file RTE\Device\LPC1768\startup_LPC17xx.s
      At line 351 in file RTE\Device\LPC1768\startup_LPC17xx.s

I2S_IRQHandler 0000017A



ARM Macro Assembler    Page 4 Alphabetic symbol ordering
Relocatable symbols


Symbol: I2S_IRQHandler
   Definitions
      At line 402 in file RTE\Device\LPC1768\startup_LPC17xx.s
   Uses
      At line 104 in file RTE\Device\LPC1768\startup_LPC17xx.s
      At line 366 in file RTE\Device\LPC1768\startup_LPC17xx.s

MCPWM_IRQHandler 0000017A

Symbol: MCPWM_IRQHandler
   Definitions
      At line 405 in file RTE\Device\LPC1768\startup_LPC17xx.s
   Uses
      At line 107 in file RTE\Device\LPC1768\startup_LPC17xx.s
      At line 369 in file RTE\Device\LPC1768\startup_LPC17xx.s

MemManage_Handler 0000016C

Symbol: MemManage_Handler
   Definitions
      At line 305 in file RTE\Device\LPC1768\startup_LPC17xx.s
   Uses
      At line 63 in file RTE\Device\LPC1768\startup_LPC17xx.s
      At line 306 in file RTE\Device\LPC1768\startup_LPC17xx.s

NMI_Handler 00000168

Symbol: NMI_Handler
   Definitions
      At line 295 in file RTE\Device\LPC1768\startup_LPC17xx.s
   Uses
      At line 61 in file RTE\Device\LPC1768\startup_LPC17xx.s
      At line 296 in file RTE\Device\LPC1768\startup_LPC17xx.s

PLL0_IRQHandler 0000017A

Symbol: PLL0_IRQHandler
   Definitions
      At line 391 in file RTE\Device\LPC1768\startup_LPC17xx.s
   Uses
      At line 93 in file RTE\Device\LPC1768\startup_LPC17xx.s
      At line 355 in file RTE\Device\LPC1768\startup_LPC17xx.s

PLL1_IRQHandler 0000017A

Symbol: PLL1_IRQHandler
   Definitions
      At line 407 in file RTE\Device\LPC1768\startup_LPC17xx.s
   Uses
      At line 109 in file RTE\Device\LPC1768\startup_LPC17xx.s
      At line 371 in file RTE\Device\LPC1768\startup_LPC17xx.s

PWM1_IRQHandler 0000017A

Symbol: PWM1_IRQHandler
   Definitions
      At line 384 in file RTE\Device\LPC1768\startup_LPC17xx.s
   Uses



ARM Macro Assembler    Page 5 Alphabetic symbol ordering
Relocatable symbols

      At line 86 in file RTE\Device\LPC1768\startup_LPC17xx.s
      At line 348 in file RTE\Device\LPC1768\startup_LPC17xx.s

PendSV_Handler 00000176

Symbol: PendSV_Handler
   Definitions
      At line 328 in file RTE\Device\LPC1768\startup_LPC17xx.s
   Uses
      At line 73 in file RTE\Device\LPC1768\startup_LPC17xx.s
      At line 329 in file RTE\Device\LPC1768\startup_LPC17xx.s

QEI_IRQHandler 0000017A

Symbol: QEI_IRQHandler
   Definitions
      At line 406 in file RTE\Device\LPC1768\startup_LPC17xx.s
   Uses
      At line 108 in file RTE\Device\LPC1768\startup_LPC17xx.s
      At line 370 in file RTE\Device\LPC1768\startup_LPC17xx.s

RIT_IRQHandler 0000017A

Symbol: RIT_IRQHandler
   Definitions
      At line 404 in file RTE\Device\LPC1768\startup_LPC17xx.s
   Uses
      At line 106 in file RTE\Device\LPC1768\startup_LPC17xx.s
      At line 368 in file RTE\Device\LPC1768\startup_LPC17xx.s

RTC_IRQHandler 0000017A

Symbol: RTC_IRQHandler
   Definitions
      At line 392 in file RTE\Device\LPC1768\startup_LPC17xx.s
   Uses
      At line 94 in file RTE\Device\LPC1768\startup_LPC17xx.s
      At line 356 in file RTE\Device\LPC1768\startup_LPC17xx.s

Reset_Handler 00000000

Symbol: Reset_Handler
   Definitions
      At line 125 in file RTE\Device\LPC1768\startup_LPC17xx.s
   Uses
      At line 60 in file RTE\Device\LPC1768\startup_LPC17xx.s
      At line 126 in file RTE\Device\LPC1768\startup_LPC17xx.s

SPI_IRQHandler 0000017A

Symbol: SPI_IRQHandler
   Definitions
      At line 388 in file RTE\Device\LPC1768\startup_LPC17xx.s
   Uses
      At line 90 in file RTE\Device\LPC1768\startup_LPC17xx.s
      At line 352 in file RTE\Device\LPC1768\startup_LPC17xx.s

SSP0_IRQHandler 0000017A




ARM Macro Assembler    Page 6 Alphabetic symbol ordering
Relocatable symbols

Symbol: SSP0_IRQHandler
   Definitions
      At line 389 in file RTE\Device\LPC1768\startup_LPC17xx.s
   Uses
      At line 91 in file RTE\Device\LPC1768\startup_LPC17xx.s
      At line 353 in file RTE\Device\LPC1768\startup_LPC17xx.s

SSP1_IRQHandler 0000017A

Symbol: SSP1_IRQHandler
   Definitions
      At line 390 in file RTE\Device\LPC1768\startup_LPC17xx.s
   Uses
      At line 92 in file RTE\Device\LPC1768\startup_LPC17xx.s
      At line 354 in file RTE\Device\LPC1768\startup_LPC17xx.s

SVC_Handler 00000172

Symbol: SVC_Handler
   Definitions
      At line 319 in file RTE\Device\LPC1768\startup_LPC17xx.s
   Uses
      At line 70 in file RTE\Device\LPC1768\startup_LPC17xx.s
      At line 320 in file RTE\Device\LPC1768\startup_LPC17xx.s

SysTick_Handler 00000178

Symbol: SysTick_Handler
   Definitions
      At line 332 in file RTE\Device\LPC1768\startup_LPC17xx.s
   Uses
      At line 74 in file RTE\Device\LPC1768\startup_LPC17xx.s
      At line 333 in file RTE\Device\LPC1768\startup_LPC17xx.s

TIMER0_IRQHandler 0000017A

Symbol: TIMER0_IRQHandler
   Definitions
      At line 376 in file RTE\Device\LPC1768\startup_LPC17xx.s
   Uses
      At line 78 in file RTE\Device\LPC1768\startup_LPC17xx.s
      At line 340 in file RTE\Device\LPC1768\startup_LPC17xx.s

TIMER1_IRQHandler 0000017A

Symbol: TIMER1_IRQHandler
   Definitions
      At line 377 in file RTE\Device\LPC1768\startup_LPC17xx.s
   Uses
      At line 79 in file RTE\Device\LPC1768\startup_LPC17xx.s
      At line 341 in file RTE\Device\LPC1768\startup_LPC17xx.s

TIMER2_IRQHandler 0000017A

Symbol: TIMER2_IRQHandler
   Definitions
      At line 378 in file RTE\Device\LPC1768\startup_LPC17xx.s
   Uses
      At line 80 in file RTE\Device\LPC1768\startup_LPC17xx.s



ARM Macro Assembler    Page 7 Alphabetic symbol ordering
Relocatable symbols

      At line 342 in file RTE\Device\LPC1768\startup_LPC17xx.s

TIMER3_IRQHandler 0000017A

Symbol: TIMER3_IRQHandler
   Definitions
      At line 379 in file RTE\Device\LPC1768\startup_LPC17xx.s
   Uses
      At line 81 in file RTE\Device\LPC1768\startup_LPC17xx.s
      At line 343 in file RTE\Device\LPC1768\startup_LPC17xx.s

UART0_IRQHandler 0000017A

Symbol: UART0_IRQHandler
   Definitions
      At line 380 in file RTE\Device\LPC1768\startup_LPC17xx.s
   Uses
      At line 82 in file RTE\Device\LPC1768\startup_LPC17xx.s
      At line 344 in file RTE\Device\LPC1768\startup_LPC17xx.s

UART1_IRQHandler 0000017A

Symbol: UART1_IRQHandler
   Definitions
      At line 381 in file RTE\Device\LPC1768\startup_LPC17xx.s
   Uses
      At line 83 in file RTE\Device\LPC1768\startup_LPC17xx.s
      At line 345 in file RTE\Device\LPC1768\startup_LPC17xx.s

UART2_IRQHandler 0000017A

Symbol: UART2_IRQHandler
   Definitions
      At line 382 in file RTE\Device\LPC1768\startup_LPC17xx.s
   Uses
      At line 84 in file RTE\Device\LPC1768\startup_LPC17xx.s
      At line 346 in file RTE\Device\LPC1768\startup_LPC17xx.s

UART3_IRQHandler 0000017A

Symbol: UART3_IRQHandler
   Definitions
      At line 383 in file RTE\Device\LPC1768\startup_LPC17xx.s
   Uses
      At line 85 in file RTE\Device\LPC1768\startup_LPC17xx.s
      At line 347 in file RTE\Device\LPC1768\startup_LPC17xx.s

USBActivity_IRQHandler 0000017A

Symbol: USBActivity_IRQHandler
   Definitions
      At line 408 in file RTE\Device\LPC1768\startup_LPC17xx.s
   Uses
      At line 110 in file RTE\Device\LPC1768\startup_LPC17xx.s
      At line 372 in file RTE\Device\LPC1768\startup_LPC17xx.s

USB_IRQHandler 0000017A

Symbol: USB_IRQHandler



ARM Macro Assembler    Page 8 Alphabetic symbol ordering
Relocatable symbols

   Definitions
      At line 399 in file RTE\Device\LPC1768\startup_LPC17xx.s
   Uses
      At line 101 in file RTE\Device\LPC1768\startup_LPC17xx.s
      At line 363 in file RTE\Device\LPC1768\startup_LPC17xx.s

UsageFault_Handler 00000170

Symbol: UsageFault_Handler
   Definitions
      At line 315 in file RTE\Device\LPC1768\startup_LPC17xx.s
   Uses
      At line 65 in file RTE\Device\LPC1768\startup_LPC17xx.s
      At line 316 in file RTE\Device\LPC1768\startup_LPC17xx.s

WDT_IRQHandler 0000017A

Symbol: WDT_IRQHandler
   Definitions
      At line 375 in file RTE\Device\LPC1768\startup_LPC17xx.s
   Uses
      At line 77 in file RTE\Device\LPC1768\startup_LPC17xx.s
      At line 339 in file RTE\Device\LPC1768\startup_LPC17xx.s

__user_initial_stackheap 0000017C

Symbol: __user_initial_stackheap
   Definitions
      At line 431 in file RTE\Device\LPC1768\startup_LPC17xx.s
   Uses
      At line 430 in file RTE\Device\LPC1768\startup_LPC17xx.s
Comment: __user_initial_stackheap used once
binaryExtendedGCD 00000068

Symbol: binaryExtendedGCD
   Definitions
      At line 185 in file RTE\Device\LPC1768\startup_LPC17xx.s
   Uses
      At line 186 in file RTE\Device\LPC1768\startup_LPC17xx.s
Comment: binaryExtendedGCD used once
binaryGCD 0000000E

Symbol: binaryGCD
   Definitions
      At line 147 in file RTE\Device\LPC1768\startup_LPC17xx.s
   Uses
      At line 130 in file RTE\Device\LPC1768\startup_LPC17xx.s
      At line 148 in file RTE\Device\LPC1768\startup_LPC17xx.s

continue 0000005C

Symbol: continue
   Definitions
      At line 178 in file RTE\Device\LPC1768\startup_LPC17xx.s
   Uses
      At line 176 in file RTE\Device\LPC1768\startup_LPC17xx.s
Comment: continue used once
continueAB 000000DE




ARM Macro Assembler    Page 9 Alphabetic symbol ordering
Relocatable symbols

Symbol: continueAB
   Definitions
      At line 224 in file RTE\Device\LPC1768\startup_LPC17xx.s
   Uses
      At line 219 in file RTE\Device\LPC1768\startup_LPC17xx.s
Comment: continueAB used once
continueCD 00000118

Symbol: continueCD
   Definitions
      At line 241 in file RTE\Device\LPC1768\startup_LPC17xx.s
   Uses
      At line 236 in file RTE\Device\LPC1768\startup_LPC17xx.s
Comment: continueCD used once
continueExt 00000138

Symbol: continueExt
   Definitions
      At line 252 in file RTE\Device\LPC1768\startup_LPC17xx.s
   Uses
      At line 248 in file RTE\Device\LPC1768\startup_LPC17xx.s
Comment: continueExt used once
cycle1 00000014

Symbol: cycle1
   Definitions
      At line 153 in file RTE\Device\LPC1768\startup_LPC17xx.s
   Uses
      At line 163 in file RTE\Device\LPC1768\startup_LPC17xx.s
Comment: cycle1 used once
cycle1Ext 00000070

Symbol: cycle1Ext
   Definitions
      At line 191 in file RTE\Device\LPC1768\startup_LPC17xx.s
   Uses
      At line 201 in file RTE\Device\LPC1768\startup_LPC17xx.s
Comment: cycle1Ext used once
cycle2 000000A6

Symbol: cycle2
   Definitions
      At line 208 in file RTE\Device\LPC1768\startup_LPC17xx.s
   Uses
      At line 224 in file RTE\Device\LPC1768\startup_LPC17xx.s
      At line 253 in file RTE\Device\LPC1768\startup_LPC17xx.s

nonBothEven 00000036

Symbol: nonBothEven
   Definitions
      At line 164 in file RTE\Device\LPC1768\startup_LPC17xx.s
   Uses
      At line 158 in file RTE\Device\LPC1768\startup_LPC17xx.s
      At line 167 in file RTE\Device\LPC1768\startup_LPC17xx.s
      At line 179 in file RTE\Device\LPC1768\startup_LPC17xx.s

nonBothEvenExt 00000092




ARM Macro Assembler    Page 10 Alphabetic symbol ordering
Relocatable symbols

Symbol: nonBothEvenExt
   Definitions
      At line 202 in file RTE\Device\LPC1768\startup_LPC17xx.s
   Uses
      At line 196 in file RTE\Device\LPC1768\startup_LPC17xx.s
Comment: nonBothEvenExt used once
startTimer 00000142

Symbol: startTimer
   Definitions
      At line 262 in file RTE\Device\LPC1768\startup_LPC17xx.s
   Uses
      At line 263 in file RTE\Device\LPC1768\startup_LPC17xx.s
Comment: startTimer used once
stop 0000000C

Symbol: stop
   Definitions
      At line 144 in file RTE\Device\LPC1768\startup_LPC17xx.s
   Uses
      At line 144 in file RTE\Device\LPC1768\startup_LPC17xx.s
Comment: stop used once
stopTimer 0000015E

Symbol: stopTimer
   Definitions
      At line 283 in file RTE\Device\LPC1768\startup_LPC17xx.s
   Uses
      At line 284 in file RTE\Device\LPC1768\startup_LPC17xx.s
Comment: stopTimer used once
xLoy 00000058

Symbol: xLoy
   Definitions
      At line 177 in file RTE\Device\LPC1768\startup_LPC17xx.s
   Uses
      At line 173 in file RTE\Device\LPC1768\startup_LPC17xx.s
Comment: xLoy used once
xLoyExt 0000012C

Symbol: xLoyExt
   Definitions
      At line 249 in file RTE\Device\LPC1768\startup_LPC17xx.s
   Uses
      At line 243 in file RTE\Device\LPC1768\startup_LPC17xx.s
Comment: xLoyExt used once
xOdd 00000042

Symbol: xOdd
   Definitions
      At line 168 in file RTE\Device\LPC1768\startup_LPC17xx.s
   Uses
      At line 165 in file RTE\Device\LPC1768\startup_LPC17xx.s
      At line 171 in file RTE\Device\LPC1768\startup_LPC17xx.s
      At line 209 in file RTE\Device\LPC1768\startup_LPC17xx.s

xOddExt 000000E0

Symbol: xOddExt



ARM Macro Assembler    Page 11 Alphabetic symbol ordering
Relocatable symbols

   Definitions
      At line 225 in file RTE\Device\LPC1768\startup_LPC17xx.s
   Uses
      At line 241 in file RTE\Device\LPC1768\startup_LPC17xx.s
Comment: xOddExt used once
yOdd 0000004E

Symbol: yOdd
   Definitions
      At line 172 in file RTE\Device\LPC1768\startup_LPC17xx.s
   Uses
      At line 169 in file RTE\Device\LPC1768\startup_LPC17xx.s
Comment: yOdd used once
yOddExt 0000011A

Symbol: yOddExt
   Definitions
      At line 242 in file RTE\Device\LPC1768\startup_LPC17xx.s
   Uses
      At line 226 in file RTE\Device\LPC1768\startup_LPC17xx.s
Comment: yOddExt used once
70 symbols



ARM Macro Assembler    Page 1 Alphabetic symbol ordering
Absolute symbols

Control E000E010

Symbol: Control
   Definitions
      At line 258 in file RTE\Device\LPC1768\startup_LPC17xx.s
   Uses
      At line 267 in file RTE\Device\LPC1768\startup_LPC17xx.s
      At line 277 in file RTE\Device\LPC1768\startup_LPC17xx.s
      At line 285 in file RTE\Device\LPC1768\startup_LPC17xx.s

Current E000E018

Symbol: Current
   Definitions
      At line 260 in file RTE\Device\LPC1768\startup_LPC17xx.s
   Uses
      At line 274 in file RTE\Device\LPC1768\startup_LPC17xx.s
Comment: Current used once
Heap_Size 00000000

Symbol: Heap_Size
   Definitions
      At line 42 in file RTE\Device\LPC1768\startup_LPC17xx.s
   Uses
      At line 46 in file RTE\Device\LPC1768\startup_LPC17xx.s
      At line 435 in file RTE\Device\LPC1768\startup_LPC17xx.s

Reload E000E014

Symbol: Reload
   Definitions
      At line 259 in file RTE\Device\LPC1768\startup_LPC17xx.s
   Uses
      At line 271 in file RTE\Device\LPC1768\startup_LPC17xx.s
Comment: Reload used once
Stack_Size 00000200

Symbol: Stack_Size
   Definitions
      At line 31 in file RTE\Device\LPC1768\startup_LPC17xx.s
   Uses
      At line 34 in file RTE\Device\LPC1768\startup_LPC17xx.s
      At line 434 in file RTE\Device\LPC1768\startup_LPC17xx.s

5 symbols



ARM Macro Assembler    Page 1 Alphabetic symbol ordering
External symbols

__use_two_region_memory 00000000

Symbol: __use_two_region_memory
   Definitions
      At line 429 in file RTE\Device\LPC1768\startup_LPC17xx.s
   Uses
      None
Comment: __use_two_region_memory unused
1 symbol
427 symbols in table
