


ARM Macro Assembler    Page 1 


    1 00000000         ;/******************************************************
                       ********************//**
    2 00000000         ; * @file     startup_LPC17xx.s
    3 00000000         ; * @brief    CMSIS Cortex-M3 Core Device Startup File f
                       or
    4 00000000         ; *           NXP LPC17xx Device Series
    5 00000000         ; * @version  V1.10
    6 00000000         ; * @date     06. April 2011
    7 00000000         ; *
    8 00000000         ; * @note
    9 00000000         ; * Copyright (C) 2009-2011 ARM Limited. All rights rese
                       rved.
   10 00000000         ; *
   11 00000000         ; * @par
   12 00000000         ; * ARM Limited (ARM) is supplying this software for use
                        with Cortex-M
   13 00000000         ; * processor based microcontrollers.  This file can be 
                       freely distributed
   14 00000000         ; * within development tools that are supporting such AR
                       M based processors.
   15 00000000         ; *
   16 00000000         ; * @par
   17 00000000         ; * THIS SOFTWARE IS PROVIDED "AS IS".  NO WARRANTIES, W
                       HETHER EXPRESS, IMPLIED
   18 00000000         ; * OR STATUTORY, INCLUDING, BUT NOT LIMITED TO, IMPLIED
                        WARRANTIES OF
   19 00000000         ; * MERCHANTABILITY AND FITNESS FOR A PARTICULAR PURPOSE
                        APPLY TO THIS SOFTWARE.
   20 00000000         ; * ARM SHALL NOT, IN ANY CIRCUMSTANCES, BE LIABLE FOR S
                       PECIAL, INCIDENTAL, OR
   21 00000000         ; * CONSEQUENTIAL DAMAGES, FOR ANY REASON WHATSOEVER.
   22 00000000         ; *
   23 00000000         ; ******************************************************
                       ************************/
   24 00000000         
   25 00000000         ; *------- <<< Use Configuration Wizard in Context Menu 
                       >>> ------------------
   26 00000000         
   27 00000000         ; <h> Stack Configuration
   28 00000000         ;   <o> Stack Size (in Bytes) <0x0-0xFFFFFFFF:8>
   29 00000000         ; </h>
   30 00000000         
   31 00000000 00000200 
                       Stack_Size
                               EQU              0x00000200
   32 00000000         
   33 00000000                 AREA             STACK, NOINIT, READWRITE, ALIGN
=3
   34 00000000         Stack_Mem
                               SPACE            Stack_Size
   35 00000200         __initial_sp
   36 00000200         
   37 00000200         
   38 00000200         ; <h> Heap Configuration
   39 00000200         ;   <o>  Heap Size (in Bytes) <0x0-0xFFFFFFFF:8>
   40 00000200         ; </h>
   41 00000200         
   42 00000200 00000000 
                       Heap_Size



ARM Macro Assembler    Page 2 


                               EQU              0x00000000
   43 00000200         
   44 00000200                 AREA             HEAP, NOINIT, READWRITE, ALIGN=
3
   45 00000000         __heap_base
   46 00000000         Heap_Mem
                               SPACE            Heap_Size
   47 00000000         __heap_limit
   48 00000000         
   49 00000000         
   50 00000000                 PRESERVE8
   51 00000000                 THUMB
   52 00000000         
   53 00000000         
   54 00000000         ; Vector Table Mapped to Address 0 at Reset
   55 00000000         
   56 00000000                 AREA             RESET, DATA, READONLY
   57 00000000                 EXPORT           __Vectors
   58 00000000         
   59 00000000 00000000 
                       __Vectors
                               DCD              __initial_sp ; Top of Stack
   60 00000004 00000000        DCD              Reset_Handler ; Reset Handler
   61 00000008 00000000        DCD              NMI_Handler ; NMI Handler
   62 0000000C 00000000        DCD              HardFault_Handler ; Hard Fault 
                                                            Handler
   63 00000010 00000000        DCD              MemManage_Handler 
                                                            ; MPU Fault Handler
                                                            
   64 00000014 00000000        DCD              BusFault_Handler 
                                                            ; Bus Fault Handler
                                                            
   65 00000018 00000000        DCD              UsageFault_Handler ; Usage Faul
                                                            t Handler
   66 0000001C 00000000        DCD              0           ; Reserved
   67 00000020 00000000        DCD              0           ; Reserved
   68 00000024 00000000        DCD              0           ; Reserved
   69 00000028 00000000        DCD              0           ; Reserved
   70 0000002C 00000000        DCD              SVC_Handler ; SVCall Handler
   71 00000030 00000000        DCD              DebugMon_Handler ; Debug Monito
                                                            r Handler
   72 00000034 00000000        DCD              0           ; Reserved
   73 00000038 00000000        DCD              PendSV_Handler ; PendSV Handler
                                                            
   74 0000003C 00000000        DCD              SysTick_Handler 
                                                            ; SysTick Handler
   75 00000040         
   76 00000040         ; External Interrupts
   77 00000040 00000000        DCD              WDT_IRQHandler ; 16: Watchdog T
                                                            imer
   78 00000044 00000000        DCD              TIMER0_IRQHandler ; 17: Timer0
   79 00000048 00000000        DCD              TIMER1_IRQHandler ; 18: Timer1
   80 0000004C 00000000        DCD              TIMER2_IRQHandler ; 19: Timer2
   81 00000050 00000000        DCD              TIMER3_IRQHandler ; 20: Timer3
   82 00000054 00000000        DCD              UART0_IRQHandler ; 21: UART0
   83 00000058 00000000        DCD              UART1_IRQHandler ; 22: UART1
   84 0000005C 00000000        DCD              UART2_IRQHandler ; 23: UART2
   85 00000060 00000000        DCD              UART3_IRQHandler ; 24: UART3
   86 00000064 00000000        DCD              PWM1_IRQHandler ; 25: PWM1



ARM Macro Assembler    Page 3 


   87 00000068 00000000        DCD              I2C0_IRQHandler ; 26: I2C0
   88 0000006C 00000000        DCD              I2C1_IRQHandler ; 27: I2C1
   89 00000070 00000000        DCD              I2C2_IRQHandler ; 28: I2C2
   90 00000074 00000000        DCD              SPI_IRQHandler ; 29: SPI
   91 00000078 00000000        DCD              SSP0_IRQHandler ; 30: SSP0
   92 0000007C 00000000        DCD              SSP1_IRQHandler ; 31: SSP1
   93 00000080 00000000        DCD              PLL0_IRQHandler ; 32: PLL0 Lock
                                                             (Main PLL)
   94 00000084 00000000        DCD              RTC_IRQHandler ; 33: Real Time 
                                                            Clock
   95 00000088 00000000        DCD              EINT0_IRQHandler ; 34: External
                                                             Interrupt 0
   96 0000008C 00000000        DCD              EINT1_IRQHandler ; 35: External
                                                             Interrupt 1
   97 00000090 00000000        DCD              EINT2_IRQHandler ; 36: External
                                                             Interrupt 2
   98 00000094 00000000        DCD              EINT3_IRQHandler ; 37: External
                                                             Interrupt 3
   99 00000098 00000000        DCD              ADC_IRQHandler 
                                                            ; 38: A/D Converter
                                                            
  100 0000009C 00000000        DCD              BOD_IRQHandler ; 39: Brown-Out 
                                                            Detect
  101 000000A0 00000000        DCD              USB_IRQHandler ; 40: USB
  102 000000A4 00000000        DCD              CAN_IRQHandler ; 41: CAN
  103 000000A8 00000000        DCD              DMA_IRQHandler ; 42: General Pu
                                                            rpose DMA
  104 000000AC 00000000        DCD              I2S_IRQHandler ; 43: I2S
  105 000000B0 00000000        DCD              ENET_IRQHandler ; 44: Ethernet
  106 000000B4 00000000        DCD              RIT_IRQHandler ; 45: Repetitive
                                                             Interrupt Timer
  107 000000B8 00000000        DCD              MCPWM_IRQHandler ; 46: Motor Co
                                                            ntrol PWM
  108 000000BC 00000000        DCD              QEI_IRQHandler ; 47: Quadrature
                                                             Encoder Interface
  109 000000C0 00000000        DCD              PLL1_IRQHandler ; 48: PLL1 Lock
                                                             (USB PLL)
  110 000000C4 00000000        DCD              USBActivity_IRQHandler ; 49: US
                                                            B Activity interrup
                                                            t to wakeup
  111 000000C8 00000000        DCD              CANActivity_IRQHandler ; 50: CA
                                                            N Activity interrup
                                                            t to wakeup
  112 000000CC         
  113 000000CC         
  114 000000CC                 IF               :LNOT::DEF:NO_CRP
  115 000000CC                 AREA             |.ARM.__at_0x02FC|, CODE, READO
NLY
  116 00000000 FFFFFFFF 
                       CRP_Key DCD              0xFFFFFFFF
  117 00000004                 ENDIF
  118 00000004         
  119 00000004                 AREA             inputData, DATA, READONLY
  120 00000000 00 00 00 
              00 00 00 
              00       connect4
                               DCB              0, 0, 0, 0, 0, 0, 0
  121 00000007 00 00 02 
              00 00 00 



ARM Macro Assembler    Page 4 


              00               DCB              0, 0, 2, 0, 0, 0, 0
  122 0000000E 00 00 02 
              01 01 01 
              01               DCB              0, 0, 2, 1, 1, 1, 1
  123 00000015 00 01 02 
              02 01 01 
              02               DCB              0, 1, 2, 2, 1, 1, 2
  124 0000001C 02 02 02 
              02 01 02 
              01               DCB              2, 2, 2, 2, 1, 2, 1
  125 00000023 01 02 01 
              01 01 02 
              02               DCB              1, 2, 1, 1, 1, 2, 2
  126 0000002A         
  127 0000002A                 AREA             |.text|, CODE, READONLY
  128 00000000         
  129 00000000         
  130 00000000         ; Reset Handler
  131 00000000         
  132 00000000         Reset_Handler
                               PROC
  133 00000000                 EXPORT           Reset_Handler             [WEAK
]
  134 00000000         
  135 00000000         ; item 1
  136 00000000 F04F 0001       MOV              r0, #1
  137 00000004 4931            LDR              r1, =connect4
  138 00000006 F7FF FFFE       BL               checkRow
  139 0000000A         
  140 0000000A         ; remove comments to solve item 2
  141 0000000A         ;MOV r0, #1
  142 0000000A         ;LDR r1, =connect4
  143 0000000A         ;BL checkDiagonal
  144 0000000A         
  145 0000000A         ; remove comments to solve item 3
  146 0000000A         ;IMPORT  SystemInit
  147 0000000A         ;IMPORT  __main
  148 0000000A         ;LDR     R0, =SystemInit
  149 0000000A         ;BLX     R0
  150 0000000A         ;LDR     R0, =__main
  151 0000000A         ;BX      R0
  152 0000000A E7FE    stop    B                stop
  153 0000000C                 ENDP
  154 0000000C         
  155 0000000C         checkRow
                               PROC
  156 0000000C                 EXPORT           checkRow
  157 0000000C B530            PUSH             {r4-r5, LR}
  158 0000000E         ; r0 = to check
  159 0000000E         ; r1 = matrix address
  160 0000000E EA85 0505       EOR              r5, r5      ; result
  161 00000012 F04F 0206       MOV              r2, #6      ; external loop cou
                                                            nter
  162 00000016 B402    cycleRow
                               PUSH             {r1}        ; save the matrix a
                                                            ddress
  163 00000018 F04F 0304       MOV              r3, #4      ; internal loop cou
                                                            nter
  164 0000001C B402    cycleInner



ARM Macro Assembler    Page 5 


                               PUSH             {r1}        ; save the colum ad
                                                            dress
  165 0000001E F811 4B01       LDRB             r4, [r1], #1 ; take the current
                                                             value and go to ne
                                                            xt
  166 00000022 4284            CMP              r4, r0      ; check if it belon
                                                            gs to the current p
                                                            layer
  167 00000024 D10D            BNE              continue    ; go to endCheck if
                                                             it don't belogn to
                                                             the player
  168 00000026 F811 4B01       LDRB             r4, [r1], #1
  169 0000002A 4284            CMP              r4, r0
  170 0000002C D109            BNE              continue
  171 0000002E F811 4B01       LDRB             r4, [r1], #1
  172 00000032 4284            CMP              r4, r0
  173 00000034 D105            BNE              continue
  174 00000036 780C            LDRB             r4, [r1]
  175 00000038 4284            CMP              r4, r0
  176 0000003A D102            BNE              continue
  177 0000003C F04F 0501       MOV              r5, #1      ; we have found a h
                                                            orizontal sequence
  178 00000040 E009            B                endCheckRow
  179 00000042 BC02    continue
                               POP              {r1}        ; get the colum add
                                                            ress
  180 00000044 F101 0101       ADD              r1, #1      ; go to next 4 cell
                                                            s to check
  181 00000048 3B01            SUBS             r3, #1      ; decrement the cou
                                                            nter of inner loop
  182 0000004A D1E7            BNE              cycleInner
  183 0000004C BC02            POP              {r1}        ; get the matrix ad
                                                            dress
  184 0000004E F101 0107       ADD              r1, #7      ; go to next line
  185 00000052 3A01            SUBS             r2, #1      ; decrement the cou
                                                            nter
  186 00000054 D1DF            BNE              cycleRow
  187 00000056 4628    endCheckRow
                               MOV              r0, r5      ; return value
  188 00000058 BD30            POP              {r4-r5, PC}
  189 0000005A                 ENDP
  190 0000005A         
  191 0000005A         checkDiagonal
                               PROC
  192 0000005A                 EXPORT           checkDiagonal
  193 0000005A B530            PUSH             {r4-r5, LR}
  194 0000005C         ; r0 = to check
  195 0000005C         ; r1 = matrix address
  196 0000005C EA85 0505       EOR              r5, r5      ; result
  197 00000060 F101 0115       ADD              r1, #21     ; go to interessed 
                                                            row
  198 00000064 F04F 0203       MOV              r2, #3      ; external loop cou
                                                            nter
  199 00000068 B402    cycleRow1
                               PUSH             {r1}        ; save the matrix a
                                                            ddress
  200 0000006A F04F 0304       MOV              r3, #4      ; internal loop cou
                                                            nter
  201 0000006E B402    cycleInner1



ARM Macro Assembler    Page 6 


                               PUSH             {r1}        ; save the colum ad
                                                            dress
  202 00000070 F811 4906       LDRB             r4, [r1], #-6 ; take the curren
                                                            t value and go to n
                                                            ext
  203 00000074 4284            CMP              r4, r0      ; check if it belon
                                                            gs to the current p
                                                            layer
  204 00000076 D1E4            BNE              continue    ; go to endCheck if
                                                             it don't belogn to
                                                             the player
  205 00000078 F811 4906       LDRB             r4, [r1], #-6
  206 0000007C 4284            CMP              r4, r0
  207 0000007E D1E0            BNE              continue
  208 00000080 F811 4906       LDRB             r4, [r1], #-6
  209 00000084 4284            CMP              r4, r0
  210 00000086 D1DC            BNE              continue
  211 00000088 780C            LDRB             r4, [r1]
  212 0000008A 4284            CMP              r4, r0
  213 0000008C D1D9            BNE              continue
  214 0000008E F04F 0501       MOV              r5, #1      ; we have found a h
                                                            orizontal sequence
  215 00000092 E7E0            B                endCheckRow
  216 00000094 BC02    continue1
                               POP              {r1}        ; get the colum add
                                                            ress
  217 00000096 F101 0101       ADD              r1, #1      ; go to next 4 cell
                                                            s to check
  218 0000009A 3B01            SUBS             r3, #1      ; decrement the cou
                                                            nter of inner loop
  219 0000009C D1BE            BNE              cycleInner
  220 0000009E BC02            POP              {r1}        ; get the matrix ad
                                                            dress
  221 000000A0 F101 0107       ADD              r1, #7      ; go to next line
  222 000000A4 3A01            SUBS             r2, #1      ; decrement the cou
                                                            nter
  223 000000A6 D1B6            BNE              cycleRow
  224 000000A8 4628    endCheckDiagonal
                               MOV              r0, r5      ; return value
  225 000000AA BD30            POP              {r4-r5, PC}
  226 000000AC                 ENDP
  227 000000AC         
  228 000000AC         
  229 000000AC         
  230 000000AC         ; Dummy Exception Handlers (infinite loops which can be 
                       modified)
  231 000000AC         
  232 000000AC         NMI_Handler
                               PROC
  233 000000AC                 EXPORT           NMI_Handler               [WEAK
]
  234 000000AC E7FE            B                .
  235 000000AE                 ENDP
  237 000000AE         HardFault_Handler
                               PROC
  238 000000AE                 EXPORT           HardFault_Handler         [WEAK
]
  239 000000AE E7FE            B                .
  240 000000B0                 ENDP



ARM Macro Assembler    Page 7 


  242 000000B0         MemManage_Handler
                               PROC
  243 000000B0                 EXPORT           MemManage_Handler         [WEAK
]
  244 000000B0 E7FE            B                .
  245 000000B2                 ENDP
  247 000000B2         BusFault_Handler
                               PROC
  248 000000B2                 EXPORT           BusFault_Handler          [WEAK
]
  249 000000B2 E7FE            B                .
  250 000000B4                 ENDP
  252 000000B4         UsageFault_Handler
                               PROC
  253 000000B4                 EXPORT           UsageFault_Handler        [WEAK
]
  254 000000B4 E7FE            B                .
  255 000000B6                 ENDP
  256 000000B6         SVC_Handler
                               PROC
  257 000000B6                 EXPORT           SVC_Handler               [WEAK
]
  258 000000B6 E7FE            B                .
  259 000000B8                 ENDP
  261 000000B8         DebugMon_Handler
                               PROC
  262 000000B8                 EXPORT           DebugMon_Handler          [WEAK
]
  263 000000B8 E7FE            B                .
  264 000000BA                 ENDP
  265 000000BA         PendSV_Handler
                               PROC
  266 000000BA                 EXPORT           PendSV_Handler            [WEAK
]
  267 000000BA E7FE            B                .
  268 000000BC                 ENDP
  269 000000BC         SysTick_Handler
                               PROC
  270 000000BC                 EXPORT           SysTick_Handler           [WEAK
]
  271 000000BC E7FE            B                .
  272 000000BE                 ENDP
  273 000000BE         
  274 000000BE         Default_Handler
                               PROC
  275 000000BE         
  276 000000BE                 EXPORT           WDT_IRQHandler            [WEAK
]
  277 000000BE                 EXPORT           TIMER0_IRQHandler         [WEAK
]
  278 000000BE                 EXPORT           TIMER1_IRQHandler         [WEAK
]
  279 000000BE                 EXPORT           TIMER2_IRQHandler         [WEAK
]
  280 000000BE                 EXPORT           TIMER3_IRQHandler         [WEAK
]
  281 000000BE                 EXPORT           UART0_IRQHandler          [WEAK
]
  282 000000BE                 EXPORT           UART1_IRQHandler          [WEAK



ARM Macro Assembler    Page 8 


]
  283 000000BE                 EXPORT           UART2_IRQHandler          [WEAK
]
  284 000000BE                 EXPORT           UART3_IRQHandler          [WEAK
]
  285 000000BE                 EXPORT           PWM1_IRQHandler           [WEAK
]
  286 000000BE                 EXPORT           I2C0_IRQHandler           [WEAK
]
  287 000000BE                 EXPORT           I2C1_IRQHandler           [WEAK
]
  288 000000BE                 EXPORT           I2C2_IRQHandler           [WEAK
]
  289 000000BE                 EXPORT           SPI_IRQHandler            [WEAK
]
  290 000000BE                 EXPORT           SSP0_IRQHandler           [WEAK
]
  291 000000BE                 EXPORT           SSP1_IRQHandler           [WEAK
]
  292 000000BE                 EXPORT           PLL0_IRQHandler           [WEAK
]
  293 000000BE                 EXPORT           RTC_IRQHandler            [WEAK
]
  294 000000BE                 EXPORT           EINT0_IRQHandler          [WEAK
]
  295 000000BE                 EXPORT           EINT1_IRQHandler          [WEAK
]
  296 000000BE                 EXPORT           EINT2_IRQHandler          [WEAK
]
  297 000000BE                 EXPORT           EINT3_IRQHandler          [WEAK
]
  298 000000BE                 EXPORT           ADC_IRQHandler            [WEAK
]
  299 000000BE                 EXPORT           BOD_IRQHandler            [WEAK
]
  300 000000BE                 EXPORT           USB_IRQHandler            [WEAK
]
  301 000000BE                 EXPORT           CAN_IRQHandler            [WEAK
]
  302 000000BE                 EXPORT           DMA_IRQHandler            [WEAK
]
  303 000000BE                 EXPORT           I2S_IRQHandler            [WEAK
]
  304 000000BE                 EXPORT           ENET_IRQHandler           [WEAK
]
  305 000000BE                 EXPORT           RIT_IRQHandler            [WEAK
]
  306 000000BE                 EXPORT           MCPWM_IRQHandler          [WEAK
]
  307 000000BE                 EXPORT           QEI_IRQHandler            [WEAK
]
  308 000000BE                 EXPORT           PLL1_IRQHandler           [WEAK
]
  309 000000BE                 EXPORT           USBActivity_IRQHandler    [WEAK
]
  310 000000BE                 EXPORT           CANActivity_IRQHandler    [WEAK
]
  311 000000BE         
  312 000000BE         WDT_IRQHandler



ARM Macro Assembler    Page 9 


  313 000000BE         TIMER0_IRQHandler
  314 000000BE         TIMER1_IRQHandler
  315 000000BE         TIMER2_IRQHandler
  316 000000BE         TIMER3_IRQHandler
  317 000000BE         UART0_IRQHandler
  318 000000BE         UART1_IRQHandler
  319 000000BE         UART2_IRQHandler
  320 000000BE         UART3_IRQHandler
  321 000000BE         PWM1_IRQHandler
  322 000000BE         I2C0_IRQHandler
  323 000000BE         I2C1_IRQHandler
  324 000000BE         I2C2_IRQHandler
  325 000000BE         SPI_IRQHandler
  326 000000BE         SSP0_IRQHandler
  327 000000BE         SSP1_IRQHandler
  328 000000BE         PLL0_IRQHandler
  329 000000BE         RTC_IRQHandler
  330 000000BE         EINT0_IRQHandler
  331 000000BE         EINT1_IRQHandler
  332 000000BE         EINT2_IRQHandler
  333 000000BE         EINT3_IRQHandler
  334 000000BE         ADC_IRQHandler
  335 000000BE         BOD_IRQHandler
  336 000000BE         USB_IRQHandler
  337 000000BE         CAN_IRQHandler
  338 000000BE         DMA_IRQHandler
  339 000000BE         I2S_IRQHandler
  340 000000BE         ENET_IRQHandler
  341 000000BE         RIT_IRQHandler
  342 000000BE         MCPWM_IRQHandler
  343 000000BE         QEI_IRQHandler
  344 000000BE         PLL1_IRQHandler
  345 000000BE         USBActivity_IRQHandler
  346 000000BE         CANActivity_IRQHandler
  347 000000BE         
  348 000000BE E7FE            B                .
  349 000000C0         
  350 000000C0                 ENDP
  351 000000C0         
  352 000000C0         
  353 000000C0                 ALIGN
  354 000000C0         
  355 000000C0         
  356 000000C0         ; User Initial Stack & Heap
  357 000000C0         
  358 000000C0                 IF               :DEF:__MICROLIB
  365 000000C0         
  366 000000C0                 IMPORT           __use_two_region_memory
  367 000000C0                 EXPORT           __user_initial_stackheap
  368 000000C0         __user_initial_stackheap
  369 000000C0         
  370 000000C0 4803            LDR              R0, =  Heap_Mem
  371 000000C2 4904            LDR              R1, =(Stack_Mem + Stack_Size)
  372 000000C4 4A02            LDR              R2, = (Heap_Mem +  Heap_Size)
  373 000000C6 4B04            LDR              R3, = Stack_Mem
  374 000000C8 4770            BX               LR
  375 000000CA         
  376 000000CA 00 00           ALIGN
  377 000000CC         



ARM Macro Assembler    Page 10 


  378 000000CC                 ENDIF
  379 000000CC         
  380 000000CC         
  381 000000CC                 END
              00000000 
              00000000 
              00000200 
              00000000 
Command Line: --debug --xref --diag_suppress=9931 --cpu=Cortex-M3 --apcs=interw
ork --depend=.\objects\startup_lpc17xx.d -o.\objects\startup_lpc17xx.o -I.\RTE\
Device\LPC1768 -I.\RTE\_Target_1 -IC:\Users\asus\AppData\Local\Arm\Packs\ARM\CM
SIS\5.8.0\CMSIS\Core\Include -IC:\Users\asus\AppData\Local\Arm\Packs\Keil\LPC17
00_DFP\2.7.1\Device\Include --predefine="__EVAL SETA 1" --predefine="__UVISION_
VERSION SETA 536" --predefine="_RTE_ SETA 1" --predefine="LPC175x_6x SETA 1" --
predefine="_RTE_ SETA 1" --list=.\listings\startup_lpc17xx.lst RTE\Device\LPC17
68\startup_LPC17xx.s



ARM Macro Assembler    Page 1 Alphabetic symbol ordering
Relocatable symbols

STACK 00000000

Symbol: STACK
   Definitions
      At line 33 in file RTE\Device\LPC1768\startup_LPC17xx.s
   Uses
      None
Comment: STACK unused
Stack_Mem 00000000

Symbol: Stack_Mem
   Definitions
      At line 34 in file RTE\Device\LPC1768\startup_LPC17xx.s
   Uses
      At line 371 in file RTE\Device\LPC1768\startup_LPC17xx.s
      At line 373 in file RTE\Device\LPC1768\startup_LPC17xx.s

__initial_sp 00000200

Symbol: __initial_sp
   Definitions
      At line 35 in file RTE\Device\LPC1768\startup_LPC17xx.s
   Uses
      At line 59 in file RTE\Device\LPC1768\startup_LPC17xx.s
Comment: __initial_sp used once
3 symbols



ARM Macro Assembler    Page 1 Alphabetic symbol ordering
Relocatable symbols

HEAP 00000000

Symbol: HEAP
   Definitions
      At line 44 in file RTE\Device\LPC1768\startup_LPC17xx.s
   Uses
      None
Comment: HEAP unused
Heap_Mem 00000000

Symbol: Heap_Mem
   Definitions
      At line 46 in file RTE\Device\LPC1768\startup_LPC17xx.s
   Uses
      At line 370 in file RTE\Device\LPC1768\startup_LPC17xx.s
      At line 372 in file RTE\Device\LPC1768\startup_LPC17xx.s

__heap_base 00000000

Symbol: __heap_base
   Definitions
      At line 45 in file RTE\Device\LPC1768\startup_LPC17xx.s
   Uses
      None
Comment: __heap_base unused
__heap_limit 00000000

Symbol: __heap_limit
   Definitions
      At line 47 in file RTE\Device\LPC1768\startup_LPC17xx.s
   Uses
      None
Comment: __heap_limit unused
4 symbols



ARM Macro Assembler    Page 1 Alphabetic symbol ordering
Relocatable symbols

RESET 00000000

Symbol: RESET
   Definitions
      At line 56 in file RTE\Device\LPC1768\startup_LPC17xx.s
   Uses
      None
Comment: RESET unused
__Vectors 00000000

Symbol: __Vectors
   Definitions
      At line 59 in file RTE\Device\LPC1768\startup_LPC17xx.s
   Uses
      At line 57 in file RTE\Device\LPC1768\startup_LPC17xx.s
Comment: __Vectors used once
2 symbols



ARM Macro Assembler    Page 1 Alphabetic symbol ordering
Relocatable symbols

.ARM.__at_0x02FC 00000000

Symbol: .ARM.__at_0x02FC
   Definitions
      At line 115 in file RTE\Device\LPC1768\startup_LPC17xx.s
   Uses
      None
Comment: .ARM.__at_0x02FC unused
CRP_Key 00000000

Symbol: CRP_Key
   Definitions
      At line 116 in file RTE\Device\LPC1768\startup_LPC17xx.s
   Uses
      None
Comment: CRP_Key unused
2 symbols



ARM Macro Assembler    Page 1 Alphabetic symbol ordering
Relocatable symbols

connect4 00000000

Symbol: connect4
   Definitions
      At line 120 in file RTE\Device\LPC1768\startup_LPC17xx.s
   Uses
      At line 137 in file RTE\Device\LPC1768\startup_LPC17xx.s
Comment: connect4 used once
inputData 00000000

Symbol: inputData
   Definitions
      At line 119 in file RTE\Device\LPC1768\startup_LPC17xx.s
   Uses
      None
Comment: inputData unused
2 symbols



ARM Macro Assembler    Page 1 Alphabetic symbol ordering
Relocatable symbols

.text 00000000

Symbol: .text
   Definitions
      At line 127 in file RTE\Device\LPC1768\startup_LPC17xx.s
   Uses
      None
Comment: .text unused
ADC_IRQHandler 000000BE

Symbol: ADC_IRQHandler
   Definitions
      At line 334 in file RTE\Device\LPC1768\startup_LPC17xx.s
   Uses
      At line 99 in file RTE\Device\LPC1768\startup_LPC17xx.s
      At line 298 in file RTE\Device\LPC1768\startup_LPC17xx.s

BOD_IRQHandler 000000BE

Symbol: BOD_IRQHandler
   Definitions
      At line 335 in file RTE\Device\LPC1768\startup_LPC17xx.s
   Uses
      At line 100 in file RTE\Device\LPC1768\startup_LPC17xx.s
      At line 299 in file RTE\Device\LPC1768\startup_LPC17xx.s

BusFault_Handler 000000B2

Symbol: BusFault_Handler
   Definitions
      At line 247 in file RTE\Device\LPC1768\startup_LPC17xx.s
   Uses
      At line 64 in file RTE\Device\LPC1768\startup_LPC17xx.s
      At line 248 in file RTE\Device\LPC1768\startup_LPC17xx.s

CANActivity_IRQHandler 000000BE

Symbol: CANActivity_IRQHandler
   Definitions
      At line 346 in file RTE\Device\LPC1768\startup_LPC17xx.s
   Uses
      At line 111 in file RTE\Device\LPC1768\startup_LPC17xx.s
      At line 310 in file RTE\Device\LPC1768\startup_LPC17xx.s

CAN_IRQHandler 000000BE

Symbol: CAN_IRQHandler
   Definitions
      At line 337 in file RTE\Device\LPC1768\startup_LPC17xx.s
   Uses
      At line 102 in file RTE\Device\LPC1768\startup_LPC17xx.s
      At line 301 in file RTE\Device\LPC1768\startup_LPC17xx.s

DMA_IRQHandler 000000BE

Symbol: DMA_IRQHandler
   Definitions
      At line 338 in file RTE\Device\LPC1768\startup_LPC17xx.s
   Uses



ARM Macro Assembler    Page 2 Alphabetic symbol ordering
Relocatable symbols

      At line 103 in file RTE\Device\LPC1768\startup_LPC17xx.s
      At line 302 in file RTE\Device\LPC1768\startup_LPC17xx.s

DebugMon_Handler 000000B8

Symbol: DebugMon_Handler
   Definitions
      At line 261 in file RTE\Device\LPC1768\startup_LPC17xx.s
   Uses
      At line 71 in file RTE\Device\LPC1768\startup_LPC17xx.s
      At line 262 in file RTE\Device\LPC1768\startup_LPC17xx.s

Default_Handler 000000BE

Symbol: Default_Handler
   Definitions
      At line 274 in file RTE\Device\LPC1768\startup_LPC17xx.s
   Uses
      None
Comment: Default_Handler unused
EINT0_IRQHandler 000000BE

Symbol: EINT0_IRQHandler
   Definitions
      At line 330 in file RTE\Device\LPC1768\startup_LPC17xx.s
   Uses
      At line 95 in file RTE\Device\LPC1768\startup_LPC17xx.s
      At line 294 in file RTE\Device\LPC1768\startup_LPC17xx.s

EINT1_IRQHandler 000000BE

Symbol: EINT1_IRQHandler
   Definitions
      At line 331 in file RTE\Device\LPC1768\startup_LPC17xx.s
   Uses
      At line 96 in file RTE\Device\LPC1768\startup_LPC17xx.s
      At line 295 in file RTE\Device\LPC1768\startup_LPC17xx.s

EINT2_IRQHandler 000000BE

Symbol: EINT2_IRQHandler
   Definitions
      At line 332 in file RTE\Device\LPC1768\startup_LPC17xx.s
   Uses
      At line 97 in file RTE\Device\LPC1768\startup_LPC17xx.s
      At line 296 in file RTE\Device\LPC1768\startup_LPC17xx.s

EINT3_IRQHandler 000000BE

Symbol: EINT3_IRQHandler
   Definitions
      At line 333 in file RTE\Device\LPC1768\startup_LPC17xx.s
   Uses
      At line 98 in file RTE\Device\LPC1768\startup_LPC17xx.s
      At line 297 in file RTE\Device\LPC1768\startup_LPC17xx.s

ENET_IRQHandler 000000BE

Symbol: ENET_IRQHandler



ARM Macro Assembler    Page 3 Alphabetic symbol ordering
Relocatable symbols

   Definitions
      At line 340 in file RTE\Device\LPC1768\startup_LPC17xx.s
   Uses
      At line 105 in file RTE\Device\LPC1768\startup_LPC17xx.s
      At line 304 in file RTE\Device\LPC1768\startup_LPC17xx.s

HardFault_Handler 000000AE

Symbol: HardFault_Handler
   Definitions
      At line 237 in file RTE\Device\LPC1768\startup_LPC17xx.s
   Uses
      At line 62 in file RTE\Device\LPC1768\startup_LPC17xx.s
      At line 238 in file RTE\Device\LPC1768\startup_LPC17xx.s

I2C0_IRQHandler 000000BE

Symbol: I2C0_IRQHandler
   Definitions
      At line 322 in file RTE\Device\LPC1768\startup_LPC17xx.s
   Uses
      At line 87 in file RTE\Device\LPC1768\startup_LPC17xx.s
      At line 286 in file RTE\Device\LPC1768\startup_LPC17xx.s

I2C1_IRQHandler 000000BE

Symbol: I2C1_IRQHandler
   Definitions
      At line 323 in file RTE\Device\LPC1768\startup_LPC17xx.s
   Uses
      At line 88 in file RTE\Device\LPC1768\startup_LPC17xx.s
      At line 287 in file RTE\Device\LPC1768\startup_LPC17xx.s

I2C2_IRQHandler 000000BE

Symbol: I2C2_IRQHandler
   Definitions
      At line 324 in file RTE\Device\LPC1768\startup_LPC17xx.s
   Uses
      At line 89 in file RTE\Device\LPC1768\startup_LPC17xx.s
      At line 288 in file RTE\Device\LPC1768\startup_LPC17xx.s

I2S_IRQHandler 000000BE

Symbol: I2S_IRQHandler
   Definitions
      At line 339 in file RTE\Device\LPC1768\startup_LPC17xx.s
   Uses
      At line 104 in file RTE\Device\LPC1768\startup_LPC17xx.s
      At line 303 in file RTE\Device\LPC1768\startup_LPC17xx.s

MCPWM_IRQHandler 000000BE

Symbol: MCPWM_IRQHandler
   Definitions
      At line 342 in file RTE\Device\LPC1768\startup_LPC17xx.s
   Uses
      At line 107 in file RTE\Device\LPC1768\startup_LPC17xx.s
      At line 306 in file RTE\Device\LPC1768\startup_LPC17xx.s



ARM Macro Assembler    Page 4 Alphabetic symbol ordering
Relocatable symbols


MemManage_Handler 000000B0

Symbol: MemManage_Handler
   Definitions
      At line 242 in file RTE\Device\LPC1768\startup_LPC17xx.s
   Uses
      At line 63 in file RTE\Device\LPC1768\startup_LPC17xx.s
      At line 243 in file RTE\Device\LPC1768\startup_LPC17xx.s

NMI_Handler 000000AC

Symbol: NMI_Handler
   Definitions
      At line 232 in file RTE\Device\LPC1768\startup_LPC17xx.s
   Uses
      At line 61 in file RTE\Device\LPC1768\startup_LPC17xx.s
      At line 233 in file RTE\Device\LPC1768\startup_LPC17xx.s

PLL0_IRQHandler 000000BE

Symbol: PLL0_IRQHandler
   Definitions
      At line 328 in file RTE\Device\LPC1768\startup_LPC17xx.s
   Uses
      At line 93 in file RTE\Device\LPC1768\startup_LPC17xx.s
      At line 292 in file RTE\Device\LPC1768\startup_LPC17xx.s

PLL1_IRQHandler 000000BE

Symbol: PLL1_IRQHandler
   Definitions
      At line 344 in file RTE\Device\LPC1768\startup_LPC17xx.s
   Uses
      At line 109 in file RTE\Device\LPC1768\startup_LPC17xx.s
      At line 308 in file RTE\Device\LPC1768\startup_LPC17xx.s

PWM1_IRQHandler 000000BE

Symbol: PWM1_IRQHandler
   Definitions
      At line 321 in file RTE\Device\LPC1768\startup_LPC17xx.s
   Uses
      At line 86 in file RTE\Device\LPC1768\startup_LPC17xx.s
      At line 285 in file RTE\Device\LPC1768\startup_LPC17xx.s

PendSV_Handler 000000BA

Symbol: PendSV_Handler
   Definitions
      At line 265 in file RTE\Device\LPC1768\startup_LPC17xx.s
   Uses
      At line 73 in file RTE\Device\LPC1768\startup_LPC17xx.s
      At line 266 in file RTE\Device\LPC1768\startup_LPC17xx.s

QEI_IRQHandler 000000BE

Symbol: QEI_IRQHandler
   Definitions



ARM Macro Assembler    Page 5 Alphabetic symbol ordering
Relocatable symbols

      At line 343 in file RTE\Device\LPC1768\startup_LPC17xx.s
   Uses
      At line 108 in file RTE\Device\LPC1768\startup_LPC17xx.s
      At line 307 in file RTE\Device\LPC1768\startup_LPC17xx.s

RIT_IRQHandler 000000BE

Symbol: RIT_IRQHandler
   Definitions
      At line 341 in file RTE\Device\LPC1768\startup_LPC17xx.s
   Uses
      At line 106 in file RTE\Device\LPC1768\startup_LPC17xx.s
      At line 305 in file RTE\Device\LPC1768\startup_LPC17xx.s

RTC_IRQHandler 000000BE

Symbol: RTC_IRQHandler
   Definitions
      At line 329 in file RTE\Device\LPC1768\startup_LPC17xx.s
   Uses
      At line 94 in file RTE\Device\LPC1768\startup_LPC17xx.s
      At line 293 in file RTE\Device\LPC1768\startup_LPC17xx.s

Reset_Handler 00000000

Symbol: Reset_Handler
   Definitions
      At line 132 in file RTE\Device\LPC1768\startup_LPC17xx.s
   Uses
      At line 60 in file RTE\Device\LPC1768\startup_LPC17xx.s
      At line 133 in file RTE\Device\LPC1768\startup_LPC17xx.s

SPI_IRQHandler 000000BE

Symbol: SPI_IRQHandler
   Definitions
      At line 325 in file RTE\Device\LPC1768\startup_LPC17xx.s
   Uses
      At line 90 in file RTE\Device\LPC1768\startup_LPC17xx.s
      At line 289 in file RTE\Device\LPC1768\startup_LPC17xx.s

SSP0_IRQHandler 000000BE

Symbol: SSP0_IRQHandler
   Definitions
      At line 326 in file RTE\Device\LPC1768\startup_LPC17xx.s
   Uses
      At line 91 in file RTE\Device\LPC1768\startup_LPC17xx.s
      At line 290 in file RTE\Device\LPC1768\startup_LPC17xx.s

SSP1_IRQHandler 000000BE

Symbol: SSP1_IRQHandler
   Definitions
      At line 327 in file RTE\Device\LPC1768\startup_LPC17xx.s
   Uses
      At line 92 in file RTE\Device\LPC1768\startup_LPC17xx.s
      At line 291 in file RTE\Device\LPC1768\startup_LPC17xx.s




ARM Macro Assembler    Page 6 Alphabetic symbol ordering
Relocatable symbols

SVC_Handler 000000B6

Symbol: SVC_Handler
   Definitions
      At line 256 in file RTE\Device\LPC1768\startup_LPC17xx.s
   Uses
      At line 70 in file RTE\Device\LPC1768\startup_LPC17xx.s
      At line 257 in file RTE\Device\LPC1768\startup_LPC17xx.s

SysTick_Handler 000000BC

Symbol: SysTick_Handler
   Definitions
      At line 269 in file RTE\Device\LPC1768\startup_LPC17xx.s
   Uses
      At line 74 in file RTE\Device\LPC1768\startup_LPC17xx.s
      At line 270 in file RTE\Device\LPC1768\startup_LPC17xx.s

TIMER0_IRQHandler 000000BE

Symbol: TIMER0_IRQHandler
   Definitions
      At line 313 in file RTE\Device\LPC1768\startup_LPC17xx.s
   Uses
      At line 78 in file RTE\Device\LPC1768\startup_LPC17xx.s
      At line 277 in file RTE\Device\LPC1768\startup_LPC17xx.s

TIMER1_IRQHandler 000000BE

Symbol: TIMER1_IRQHandler
   Definitions
      At line 314 in file RTE\Device\LPC1768\startup_LPC17xx.s
   Uses
      At line 79 in file RTE\Device\LPC1768\startup_LPC17xx.s
      At line 278 in file RTE\Device\LPC1768\startup_LPC17xx.s

TIMER2_IRQHandler 000000BE

Symbol: TIMER2_IRQHandler
   Definitions
      At line 315 in file RTE\Device\LPC1768\startup_LPC17xx.s
   Uses
      At line 80 in file RTE\Device\LPC1768\startup_LPC17xx.s
      At line 279 in file RTE\Device\LPC1768\startup_LPC17xx.s

TIMER3_IRQHandler 000000BE

Symbol: TIMER3_IRQHandler
   Definitions
      At line 316 in file RTE\Device\LPC1768\startup_LPC17xx.s
   Uses
      At line 81 in file RTE\Device\LPC1768\startup_LPC17xx.s
      At line 280 in file RTE\Device\LPC1768\startup_LPC17xx.s

UART0_IRQHandler 000000BE

Symbol: UART0_IRQHandler
   Definitions
      At line 317 in file RTE\Device\LPC1768\startup_LPC17xx.s



ARM Macro Assembler    Page 7 Alphabetic symbol ordering
Relocatable symbols

   Uses
      At line 82 in file RTE\Device\LPC1768\startup_LPC17xx.s
      At line 281 in file RTE\Device\LPC1768\startup_LPC17xx.s

UART1_IRQHandler 000000BE

Symbol: UART1_IRQHandler
   Definitions
      At line 318 in file RTE\Device\LPC1768\startup_LPC17xx.s
   Uses
      At line 83 in file RTE\Device\LPC1768\startup_LPC17xx.s
      At line 282 in file RTE\Device\LPC1768\startup_LPC17xx.s

UART2_IRQHandler 000000BE

Symbol: UART2_IRQHandler
   Definitions
      At line 319 in file RTE\Device\LPC1768\startup_LPC17xx.s
   Uses
      At line 84 in file RTE\Device\LPC1768\startup_LPC17xx.s
      At line 283 in file RTE\Device\LPC1768\startup_LPC17xx.s

UART3_IRQHandler 000000BE

Symbol: UART3_IRQHandler
   Definitions
      At line 320 in file RTE\Device\LPC1768\startup_LPC17xx.s
   Uses
      At line 85 in file RTE\Device\LPC1768\startup_LPC17xx.s
      At line 284 in file RTE\Device\LPC1768\startup_LPC17xx.s

USBActivity_IRQHandler 000000BE

Symbol: USBActivity_IRQHandler
   Definitions
      At line 345 in file RTE\Device\LPC1768\startup_LPC17xx.s
   Uses
      At line 110 in file RTE\Device\LPC1768\startup_LPC17xx.s
      At line 309 in file RTE\Device\LPC1768\startup_LPC17xx.s

USB_IRQHandler 000000BE

Symbol: USB_IRQHandler
   Definitions
      At line 336 in file RTE\Device\LPC1768\startup_LPC17xx.s
   Uses
      At line 101 in file RTE\Device\LPC1768\startup_LPC17xx.s
      At line 300 in file RTE\Device\LPC1768\startup_LPC17xx.s

UsageFault_Handler 000000B4

Symbol: UsageFault_Handler
   Definitions
      At line 252 in file RTE\Device\LPC1768\startup_LPC17xx.s
   Uses
      At line 65 in file RTE\Device\LPC1768\startup_LPC17xx.s
      At line 253 in file RTE\Device\LPC1768\startup_LPC17xx.s

WDT_IRQHandler 000000BE



ARM Macro Assembler    Page 8 Alphabetic symbol ordering
Relocatable symbols


Symbol: WDT_IRQHandler
   Definitions
      At line 312 in file RTE\Device\LPC1768\startup_LPC17xx.s
   Uses
      At line 77 in file RTE\Device\LPC1768\startup_LPC17xx.s
      At line 276 in file RTE\Device\LPC1768\startup_LPC17xx.s

__user_initial_stackheap 000000C0

Symbol: __user_initial_stackheap
   Definitions
      At line 368 in file RTE\Device\LPC1768\startup_LPC17xx.s
   Uses
      At line 367 in file RTE\Device\LPC1768\startup_LPC17xx.s
Comment: __user_initial_stackheap used once
checkDiagonal 0000005A

Symbol: checkDiagonal
   Definitions
      At line 191 in file RTE\Device\LPC1768\startup_LPC17xx.s
   Uses
      At line 192 in file RTE\Device\LPC1768\startup_LPC17xx.s
Comment: checkDiagonal used once
checkRow 0000000C

Symbol: checkRow
   Definitions
      At line 155 in file RTE\Device\LPC1768\startup_LPC17xx.s
   Uses
      At line 138 in file RTE\Device\LPC1768\startup_LPC17xx.s
      At line 156 in file RTE\Device\LPC1768\startup_LPC17xx.s

continue 00000042

Symbol: continue
   Definitions
      At line 179 in file RTE\Device\LPC1768\startup_LPC17xx.s
   Uses
      At line 167 in file RTE\Device\LPC1768\startup_LPC17xx.s
      At line 170 in file RTE\Device\LPC1768\startup_LPC17xx.s
      At line 173 in file RTE\Device\LPC1768\startup_LPC17xx.s
      At line 176 in file RTE\Device\LPC1768\startup_LPC17xx.s
      At line 204 in file RTE\Device\LPC1768\startup_LPC17xx.s
      At line 207 in file RTE\Device\LPC1768\startup_LPC17xx.s
      At line 210 in file RTE\Device\LPC1768\startup_LPC17xx.s
      At line 213 in file RTE\Device\LPC1768\startup_LPC17xx.s

continue1 00000094

Symbol: continue1
   Definitions
      At line 216 in file RTE\Device\LPC1768\startup_LPC17xx.s
   Uses
      None
Comment: continue1 unused
cycleInner 0000001C

Symbol: cycleInner



ARM Macro Assembler    Page 9 Alphabetic symbol ordering
Relocatable symbols

   Definitions
      At line 164 in file RTE\Device\LPC1768\startup_LPC17xx.s
   Uses
      At line 182 in file RTE\Device\LPC1768\startup_LPC17xx.s
      At line 219 in file RTE\Device\LPC1768\startup_LPC17xx.s

cycleInner1 0000006E

Symbol: cycleInner1
   Definitions
      At line 201 in file RTE\Device\LPC1768\startup_LPC17xx.s
   Uses
      None
Comment: cycleInner1 unused
cycleRow 00000016

Symbol: cycleRow
   Definitions
      At line 162 in file RTE\Device\LPC1768\startup_LPC17xx.s
   Uses
      At line 186 in file RTE\Device\LPC1768\startup_LPC17xx.s
      At line 223 in file RTE\Device\LPC1768\startup_LPC17xx.s

cycleRow1 00000068

Symbol: cycleRow1
   Definitions
      At line 199 in file RTE\Device\LPC1768\startup_LPC17xx.s
   Uses
      None
Comment: cycleRow1 unused
endCheckDiagonal 000000A8

Symbol: endCheckDiagonal
   Definitions
      At line 224 in file RTE\Device\LPC1768\startup_LPC17xx.s
   Uses
      None
Comment: endCheckDiagonal unused
endCheckRow 00000056

Symbol: endCheckRow
   Definitions
      At line 187 in file RTE\Device\LPC1768\startup_LPC17xx.s
   Uses
      At line 178 in file RTE\Device\LPC1768\startup_LPC17xx.s
      At line 215 in file RTE\Device\LPC1768\startup_LPC17xx.s

stop 0000000A

Symbol: stop
   Definitions
      At line 152 in file RTE\Device\LPC1768\startup_LPC17xx.s
   Uses
      At line 152 in file RTE\Device\LPC1768\startup_LPC17xx.s
Comment: stop used once
59 symbols



ARM Macro Assembler    Page 1 Alphabetic symbol ordering
Absolute symbols

Heap_Size 00000000

Symbol: Heap_Size
   Definitions
      At line 42 in file RTE\Device\LPC1768\startup_LPC17xx.s
   Uses
      At line 46 in file RTE\Device\LPC1768\startup_LPC17xx.s
      At line 372 in file RTE\Device\LPC1768\startup_LPC17xx.s

Stack_Size 00000200

Symbol: Stack_Size
   Definitions
      At line 31 in file RTE\Device\LPC1768\startup_LPC17xx.s
   Uses
      At line 34 in file RTE\Device\LPC1768\startup_LPC17xx.s
      At line 371 in file RTE\Device\LPC1768\startup_LPC17xx.s

2 symbols



ARM Macro Assembler    Page 1 Alphabetic symbol ordering
External symbols

__use_two_region_memory 00000000

Symbol: __use_two_region_memory
   Definitions
      At line 366 in file RTE\Device\LPC1768\startup_LPC17xx.s
   Uses
      None
Comment: __use_two_region_memory unused
1 symbol
415 symbols in table
