


ARM Macro Assembler    Page 1 


    1 00000000         ;/******************************************************
                       ********************//**
    2 00000000         ; * @file     startup_LPC17xx.s
    3 00000000         ; * @brief    CMSIS Cortex-M3 Core Device Startup File f
                       or
    4 00000000         ; *           NXP LPC17xx Device Series
    5 00000000         ; * @version  V1.10
    6 00000000         ; * @date     06. April 2011
    7 00000000         ; *
    8 00000000         ; * @note
    9 00000000         ; * Copyright (C) 2009-2011 ARM Limited. All rights rese
                       rved.
   10 00000000         ; *
   11 00000000         ; * @par
   12 00000000         ; * ARM Limited (ARM) is supplying this software for use
                        with Cortex-M
   13 00000000         ; * processor based microcontrollers.  This file can be 
                       freely distributed
   14 00000000         ; * within development tools that are supporting such AR
                       M based processors.
   15 00000000         ; *
   16 00000000         ; * @par
   17 00000000         ; * THIS SOFTWARE IS PROVIDED "AS IS".  NO WARRANTIES, W
                       HETHER EXPRESS, IMPLIED
   18 00000000         ; * OR STATUTORY, INCLUDING, BUT NOT LIMITED TO, IMPLIED
                        WARRANTIES OF
   19 00000000         ; * MERCHANTABILITY AND FITNESS FOR A PARTICULAR PURPOSE
                        APPLY TO THIS SOFTWARE.
   20 00000000         ; * ARM SHALL NOT, IN ANY CIRCUMSTANCES, BE LIABLE FOR S
                       PECIAL, INCIDENTAL, OR
   21 00000000         ; * CONSEQUENTIAL DAMAGES, FOR ANY REASON WHATSOEVER.
   22 00000000         ; *
   23 00000000         ; ******************************************************
                       ************************/
   24 00000000         
   25 00000000         ; *------- <<< Use Configuration Wizard in Context Menu 
                       >>> ------------------
   26 00000000         
   27 00000000         ; <h> Stack Configuration
   28 00000000         ;   <o> Stack Size (in Bytes) <0x0-0xFFFFFFFF:8>
   29 00000000         ; </h>
   30 00000000         
   31 00000000 00000200 
                       Stack_Size
                               EQU              0x00000200
   32 00000000         
   33 00000000                 AREA             STACK, NOINIT, READWRITE, ALIGN
=3
   34 00000000         Stack_Mem
                               SPACE            Stack_Size
   35 00000200         __initial_sp
   36 00000200         
   37 00000200         
   38 00000200         ; <h> Heap Configuration
   39 00000200         ;   <o>  Heap Size (in Bytes) <0x0-0xFFFFFFFF:8>
   40 00000200         ; </h>
   41 00000200         
   42 00000200 00000000 
                       Heap_Size



ARM Macro Assembler    Page 2 


                               EQU              0x00000000
   43 00000200         
   44 00000200                 AREA             HEAP, NOINIT, READWRITE, ALIGN=
3
   45 00000000         __heap_base
   46 00000000         Heap_Mem
                               SPACE            Heap_Size
   47 00000000         __heap_limit
   48 00000000         
   49 00000000         
   50 00000000                 PRESERVE8
   51 00000000                 THUMB
   52 00000000         
   53 00000000         
   54 00000000         ; Vector Table Mapped to Address 0 at Reset
   55 00000000         
   56 00000000                 AREA             RESET, DATA, READONLY
   57 00000000                 EXPORT           __Vectors
   58 00000000         
   59 00000000 00000000 
                       __Vectors
                               DCD              __initial_sp ; Top of Stack
   60 00000004 00000000        DCD              Reset_Handler ; Reset Handler
   61 00000008 00000000        DCD              NMI_Handler ; NMI Handler
   62 0000000C 00000000        DCD              HardFault_Handler ; Hard Fault 
                                                            Handler
   63 00000010 00000000        DCD              MemManage_Handler 
                                                            ; MPU Fault Handler
                                                            
   64 00000014 00000000        DCD              BusFault_Handler 
                                                            ; Bus Fault Handler
                                                            
   65 00000018 00000000        DCD              UsageFault_Handler ; Usage Faul
                                                            t Handler
   66 0000001C 00000000        DCD              0           ; Reserved
   67 00000020 00000000        DCD              0           ; Reserved
   68 00000024 00000000        DCD              0           ; Reserved
   69 00000028 00000000        DCD              0           ; Reserved
   70 0000002C 00000000        DCD              SVC_Handler ; SVCall Handler
   71 00000030 00000000        DCD              DebugMon_Handler ; Debug Monito
                                                            r Handler
   72 00000034 00000000        DCD              0           ; Reserved
   73 00000038 00000000        DCD              PendSV_Handler ; PendSV Handler
                                                            
   74 0000003C 00000000        DCD              SysTick_Handler 
                                                            ; SysTick Handler
   75 00000040         
   76 00000040         ; External Interrupts
   77 00000040 00000000        DCD              WDT_IRQHandler ; 16: Watchdog T
                                                            imer
   78 00000044 00000000        DCD              TIMER0_IRQHandler ; 17: Timer0
   79 00000048 00000000        DCD              TIMER1_IRQHandler ; 18: Timer1
   80 0000004C 00000000        DCD              TIMER2_IRQHandler ; 19: Timer2
   81 00000050 00000000        DCD              TIMER3_IRQHandler ; 20: Timer3
   82 00000054 00000000        DCD              UART0_IRQHandler ; 21: UART0
   83 00000058 00000000        DCD              UART1_IRQHandler ; 22: UART1
   84 0000005C 00000000        DCD              UART2_IRQHandler ; 23: UART2
   85 00000060 00000000        DCD              UART3_IRQHandler ; 24: UART3
   86 00000064 00000000        DCD              PWM1_IRQHandler ; 25: PWM1



ARM Macro Assembler    Page 3 


   87 00000068 00000000        DCD              I2C0_IRQHandler ; 26: I2C0
   88 0000006C 00000000        DCD              I2C1_IRQHandler ; 27: I2C1
   89 00000070 00000000        DCD              I2C2_IRQHandler ; 28: I2C2
   90 00000074 00000000        DCD              SPI_IRQHandler ; 29: SPI
   91 00000078 00000000        DCD              SSP0_IRQHandler ; 30: SSP0
   92 0000007C 00000000        DCD              SSP1_IRQHandler ; 31: SSP1
   93 00000080 00000000        DCD              PLL0_IRQHandler ; 32: PLL0 Lock
                                                             (Main PLL)
   94 00000084 00000000        DCD              RTC_IRQHandler ; 33: Real Time 
                                                            Clock
   95 00000088 00000000        DCD              EINT0_IRQHandler ; 34: External
                                                             Interrupt 0
   96 0000008C 00000000        DCD              EINT1_IRQHandler ; 35: External
                                                             Interrupt 1
   97 00000090 00000000        DCD              EINT2_IRQHandler ; 36: External
                                                             Interrupt 2
   98 00000094 00000000        DCD              EINT3_IRQHandler ; 37: External
                                                             Interrupt 3
   99 00000098 00000000        DCD              ADC_IRQHandler 
                                                            ; 38: A/D Converter
                                                            
  100 0000009C 00000000        DCD              BOD_IRQHandler ; 39: Brown-Out 
                                                            Detect
  101 000000A0 00000000        DCD              USB_IRQHandler ; 40: USB
  102 000000A4 00000000        DCD              CAN_IRQHandler ; 41: CAN
  103 000000A8 00000000        DCD              DMA_IRQHandler ; 42: General Pu
                                                            rpose DMA
  104 000000AC 00000000        DCD              I2S_IRQHandler ; 43: I2S
  105 000000B0 00000000        DCD              ENET_IRQHandler ; 44: Ethernet
  106 000000B4 00000000        DCD              RIT_IRQHandler ; 45: Repetitive
                                                             Interrupt Timer
  107 000000B8 00000000        DCD              MCPWM_IRQHandler ; 46: Motor Co
                                                            ntrol PWM
  108 000000BC 00000000        DCD              QEI_IRQHandler ; 47: Quadrature
                                                             Encoder Interface
  109 000000C0 00000000        DCD              PLL1_IRQHandler ; 48: PLL1 Lock
                                                             (USB PLL)
  110 000000C4 00000000        DCD              USBActivity_IRQHandler ; 49: US
                                                            B Activity interrup
                                                            t to wakeup
  111 000000C8 00000000        DCD              CANActivity_IRQHandler ; 50: CA
                                                            N Activity interrup
                                                            t to wakeup
  112 000000CC         
  113 000000CC         
  114 000000CC                 IF               :LNOT::DEF:NO_CRP
  115 000000CC                 AREA             |.ARM.__at_0x02FC|, CODE, READO
NLY
  116 00000000 FFFFFFFF 
                       CRP_Key DCD              0xFFFFFFFF
  117 00000004                 ENDIF
  118 00000004         
  119 00000004         
  120 00000004                 AREA             |.text|, CODE, READONLY
  121 00000000         
  122 00000000         
  123 00000000         ; Reset Handler
  124 00000000         
  125 00000000         Reset_Handler



ARM Macro Assembler    Page 4 


                               PROC
  126 00000000                 EXPORT           Reset_Handler             [WEAK
]
  127 00000000         
  128 00000000         ; item 1
  129 00000000 F04F 001B       MOV              r0, #27
  130 00000004 F7FF FFFE       BL               iterativeCollatz ; at the end r
                                                            0 = 10
  131 00000008         
  132 00000008         ; remove comments to solve item 2
  133 00000008         ;MOV r0, #27
  134 00000008         ;MOV r1, #0
  135 00000008         ;BL recursiveCollatz ; at the end r1 = 21
  136 00000008         
  137 00000008         ; remove comments to solve item 3
  138 00000008         ;IMPORT  SystemInit
  139 00000008         ;IMPORT  __main
  140 00000008         ;LDR     R0, =SystemInit
  141 00000008         ;BLX     R0
  142 00000008         ;LDR     R0, =__main
  143 00000008         ;BX      R0
  144 00000008 E7FE    stop    B                stop
  145 0000000A                 ENDP
  146 0000000A         
  147 0000000A         iterativeCollatz
                               PROC
  148 0000000A                 EXPORT           iterativeCollatz
  149 0000000A         ; r0 = n
  150 0000000A F04F 0101       MOV              r1, #1      ; result
  151 0000000E F010 0F01 
                       cycleIterative
                               TST              r0, #1
  152 00000012 D005            BEQ              isEvenIterative
  153 00000014         ; isOddIterative
  154 00000014 EA4F 0240       LSL              r2, r0, #1  ; r2=r0*2
  155 00000018 4410            ADD              r0, r2      ; r0=3*r0
  156 0000001A F100 0001       ADD              r0, #1      ; r0=3*r0+1
  157 0000001E E001            B                continueIterative
  158 00000020 EA4F 0050 
                       isEvenIterative
                               LSR              r0, #1      ; r0/2
  159 00000024 F101 0101 
                       continueIterative
                               ADD              r1, #1      ; update the number
                                                             of elements
  160 00000028 2801            CMP              r0, #1
  161 0000002A D1F0            BNE              cycleIterative ; loop until r0 
                                                            == 1
  162 0000002C 4608            MOV              r0, r1      ; save the return
  163 0000002E 4770            BX               LR
  164 00000030                 ENDP
  165 00000030         
  166 00000030         recursiveCollatz
                               PROC
  167 00000030                 EXPORT           recursiveCollatz
  168 00000030         ; r0 = Ci
  169 00000030         ; r1 = i
  170 00000030 B500            PUSH             {LR}
  171 00000032 F101 0101       ADD              r1, #1      ; increase i



ARM Macro Assembler    Page 5 


  172 00000036 2801            CMP              r0, #1
  173 00000038 D00C            BEQ              endRecursive 
                                                            ; if P1 is 1 return
                                                            
  174 0000003A F010 0F01       TST              r0, #1
  175 0000003E D005            BEQ              isEvenRecursive
  176 00000040         ; isOddRecursive
  177 00000040 EA4F 0240       LSL              r2, r0, #1  ; r2=r0*2
  178 00000044 4410            ADD              r0, r2      ; r0=3*r0
  179 00000046 F100 0001       ADD              r0, #1      ; r0=3*r0+1
  180 0000004A E001            B                continueRecursive
  181 0000004C EA4F 0050 
                       isEvenRecursive
                               LSR              r0, #1      ; r0/2
  182 00000050 F7FF FFFE 
                       continueRecursive
                               BL               recursiveCollatz
  183 00000054 BD00    endRecursive
                               POP              {PC}
  184 00000056                 ENDP
  185 00000056         
  186 00000056 E000E010 
                       Control EQU              0xE000E010
  187 00000056 E000E014 
                       Reload  EQU              0xE000E014
  188 00000056 E000E018 
                       Current EQU              0xE000E018
  189 00000056         
  190 00000056         startTimer
                               PROC
  191 00000056                 EXPORT           startTimer
  192 00000056 4810            LDR              r0, =Control
  193 00000058 F04F 0100       MOV              r1, #0
  194 0000005C 6001            STR              r1, [r0]    ; stop the timer
  195 0000005E         
  196 0000005E 480F            LDR              r0, =Reload
  197 00000060 F06F 417F       LDR              r1, =0xFFFFFF
  198 00000064 6001            STR              r1, [r0]    ; set the tick time
                                                             
  199 00000066         
  200 00000066 480E            LDR              r0, =Current
  201 00000068 6001            STR              r1, [r0]    ; set a random valu
                                                            e
  202 0000006A         
  203 0000006A 480B            LDR              r0, =Control
  204 0000006C F04F 0107       MOV              r1, #2_111
  205 00000070 6001            STR              r1, [r0]    ; start the timer  
                                                              
  206 00000072         
  207 00000072 4770            BX               LR
  208 00000074                 ENDP
  209 00000074         
  210 00000074         getTime PROC
  211 00000074                 EXPORT           getTime
  212 00000074 480A            LDR              r0, =Current
  213 00000076 4770            BX               LR
  214 00000078                 ENDP
  215 00000078         
  216 00000078         



ARM Macro Assembler    Page 6 


  217 00000078         
  218 00000078         ; Dummy Exception Handlers (infinite loops which can be 
                       modified)
  219 00000078         
  220 00000078         NMI_Handler
                               PROC
  221 00000078                 EXPORT           NMI_Handler               [WEAK
]
  222 00000078 E7FE            B                .
  223 0000007A                 ENDP
  225 0000007A         HardFault_Handler
                               PROC
  226 0000007A                 EXPORT           HardFault_Handler         [WEAK
]
  227 0000007A E7FE            B                .
  228 0000007C                 ENDP
  230 0000007C         MemManage_Handler
                               PROC
  231 0000007C                 EXPORT           MemManage_Handler         [WEAK
]
  232 0000007C E7FE            B                .
  233 0000007E                 ENDP
  235 0000007E         BusFault_Handler
                               PROC
  236 0000007E                 EXPORT           BusFault_Handler          [WEAK
]
  237 0000007E E7FE            B                .
  238 00000080                 ENDP
  240 00000080         UsageFault_Handler
                               PROC
  241 00000080                 EXPORT           UsageFault_Handler        [WEAK
]
  242 00000080 E7FE            B                .
  243 00000082                 ENDP
  244 00000082         SVC_Handler
                               PROC
  245 00000082                 EXPORT           SVC_Handler               [WEAK
]
  246 00000082 E7FE            B                .
  247 00000084                 ENDP
  249 00000084         DebugMon_Handler
                               PROC
  250 00000084                 EXPORT           DebugMon_Handler          [WEAK
]
  251 00000084 E7FE            B                .
  252 00000086                 ENDP
  253 00000086         PendSV_Handler
                               PROC
  254 00000086                 EXPORT           PendSV_Handler            [WEAK
]
  255 00000086 E7FE            B                .
  256 00000088                 ENDP
  257 00000088         SysTick_Handler
                               PROC
  258 00000088                 EXPORT           SysTick_Handler           [WEAK
]
  259 00000088 E7FE            B                .
  260 0000008A                 ENDP
  261 0000008A         



ARM Macro Assembler    Page 7 


  262 0000008A         Default_Handler
                               PROC
  263 0000008A         
  264 0000008A                 EXPORT           WDT_IRQHandler            [WEAK
]
  265 0000008A                 EXPORT           TIMER0_IRQHandler         [WEAK
]
  266 0000008A                 EXPORT           TIMER1_IRQHandler         [WEAK
]
  267 0000008A                 EXPORT           TIMER2_IRQHandler         [WEAK
]
  268 0000008A                 EXPORT           TIMER3_IRQHandler         [WEAK
]
  269 0000008A                 EXPORT           UART0_IRQHandler          [WEAK
]
  270 0000008A                 EXPORT           UART1_IRQHandler          [WEAK
]
  271 0000008A                 EXPORT           UART2_IRQHandler          [WEAK
]
  272 0000008A                 EXPORT           UART3_IRQHandler          [WEAK
]
  273 0000008A                 EXPORT           PWM1_IRQHandler           [WEAK
]
  274 0000008A                 EXPORT           I2C0_IRQHandler           [WEAK
]
  275 0000008A                 EXPORT           I2C1_IRQHandler           [WEAK
]
  276 0000008A                 EXPORT           I2C2_IRQHandler           [WEAK
]
  277 0000008A                 EXPORT           SPI_IRQHandler            [WEAK
]
  278 0000008A                 EXPORT           SSP0_IRQHandler           [WEAK
]
  279 0000008A                 EXPORT           SSP1_IRQHandler           [WEAK
]
  280 0000008A                 EXPORT           PLL0_IRQHandler           [WEAK
]
  281 0000008A                 EXPORT           RTC_IRQHandler            [WEAK
]
  282 0000008A                 EXPORT           EINT0_IRQHandler          [WEAK
]
  283 0000008A                 EXPORT           EINT1_IRQHandler          [WEAK
]
  284 0000008A                 EXPORT           EINT2_IRQHandler          [WEAK
]
  285 0000008A                 EXPORT           EINT3_IRQHandler          [WEAK
]
  286 0000008A                 EXPORT           ADC_IRQHandler            [WEAK
]
  287 0000008A                 EXPORT           BOD_IRQHandler            [WEAK
]
  288 0000008A                 EXPORT           USB_IRQHandler            [WEAK
]
  289 0000008A                 EXPORT           CAN_IRQHandler            [WEAK
]
  290 0000008A                 EXPORT           DMA_IRQHandler            [WEAK
]
  291 0000008A                 EXPORT           I2S_IRQHandler            [WEAK
]



ARM Macro Assembler    Page 8 


  292 0000008A                 EXPORT           ENET_IRQHandler           [WEAK
]
  293 0000008A                 EXPORT           RIT_IRQHandler            [WEAK
]
  294 0000008A                 EXPORT           MCPWM_IRQHandler          [WEAK
]
  295 0000008A                 EXPORT           QEI_IRQHandler            [WEAK
]
  296 0000008A                 EXPORT           PLL1_IRQHandler           [WEAK
]
  297 0000008A                 EXPORT           USBActivity_IRQHandler    [WEAK
]
  298 0000008A                 EXPORT           CANActivity_IRQHandler    [WEAK
]
  299 0000008A         
  300 0000008A         WDT_IRQHandler
  301 0000008A         TIMER0_IRQHandler
  302 0000008A         TIMER1_IRQHandler
  303 0000008A         TIMER2_IRQHandler
  304 0000008A         TIMER3_IRQHandler
  305 0000008A         UART0_IRQHandler
  306 0000008A         UART1_IRQHandler
  307 0000008A         UART2_IRQHandler
  308 0000008A         UART3_IRQHandler
  309 0000008A         PWM1_IRQHandler
  310 0000008A         I2C0_IRQHandler
  311 0000008A         I2C1_IRQHandler
  312 0000008A         I2C2_IRQHandler
  313 0000008A         SPI_IRQHandler
  314 0000008A         SSP0_IRQHandler
  315 0000008A         SSP1_IRQHandler
  316 0000008A         PLL0_IRQHandler
  317 0000008A         RTC_IRQHandler
  318 0000008A         EINT0_IRQHandler
  319 0000008A         EINT1_IRQHandler
  320 0000008A         EINT2_IRQHandler
  321 0000008A         EINT3_IRQHandler
  322 0000008A         ADC_IRQHandler
  323 0000008A         BOD_IRQHandler
  324 0000008A         USB_IRQHandler
  325 0000008A         CAN_IRQHandler
  326 0000008A         DMA_IRQHandler
  327 0000008A         I2S_IRQHandler
  328 0000008A         ENET_IRQHandler
  329 0000008A         RIT_IRQHandler
  330 0000008A         MCPWM_IRQHandler
  331 0000008A         QEI_IRQHandler
  332 0000008A         PLL1_IRQHandler
  333 0000008A         USBActivity_IRQHandler
  334 0000008A         CANActivity_IRQHandler
  335 0000008A         
  336 0000008A E7FE            B                .
  337 0000008C         
  338 0000008C                 ENDP
  339 0000008C         
  340 0000008C         
  341 0000008C                 ALIGN
  342 0000008C         
  343 0000008C         



ARM Macro Assembler    Page 9 


  344 0000008C         ; User Initial Stack & Heap
  345 0000008C         
  346 0000008C                 IF               :DEF:__MICROLIB
  353 0000008C         
  354 0000008C                 IMPORT           __use_two_region_memory
  355 0000008C                 EXPORT           __user_initial_stackheap
  356 0000008C         __user_initial_stackheap
  357 0000008C         
  358 0000008C 4805            LDR              R0, =  Heap_Mem
  359 0000008E 4906            LDR              R1, =(Stack_Mem + Stack_Size)
  360 00000090 4A04            LDR              R2, = (Heap_Mem +  Heap_Size)
  361 00000092 4B06            LDR              R3, = Stack_Mem
  362 00000094 4770            BX               LR
  363 00000096         
  364 00000096 00 00           ALIGN
  365 00000098         
  366 00000098                 ENDIF
  367 00000098         
  368 00000098         
  369 00000098                 END
              E000E010 
              E000E014 
              E000E018 
              00000000 
              00000200 
              00000000 
Command Line: --debug --xref --diag_suppress=9931 --cpu=Cortex-M3 --apcs=interw
ork --depend=.\objects\startup_lpc17xx.d -o.\objects\startup_lpc17xx.o -I.\RTE\
Device\LPC1768 -I.\RTE\_Target_1 -IC:\Users\asus\AppData\Local\Arm\Packs\ARM\CM
SIS\5.8.0\CMSIS\Core\Include -IC:\Users\asus\AppData\Local\Arm\Packs\Keil\LPC17
00_DFP\2.7.1\Device\Include --predefine="__EVAL SETA 1" --predefine="__UVISION_
VERSION SETA 536" --predefine="_RTE_ SETA 1" --predefine="LPC175x_6x SETA 1" --
predefine="_RTE_ SETA 1" --list=.\listings\startup_lpc17xx.lst RTE\Device\LPC17
68\startup_LPC17xx.s



ARM Macro Assembler    Page 1 Alphabetic symbol ordering
Relocatable symbols

STACK 00000000

Symbol: STACK
   Definitions
      At line 33 in file RTE\Device\LPC1768\startup_LPC17xx.s
   Uses
      None
Comment: STACK unused
Stack_Mem 00000000

Symbol: Stack_Mem
   Definitions
      At line 34 in file RTE\Device\LPC1768\startup_LPC17xx.s
   Uses
      At line 359 in file RTE\Device\LPC1768\startup_LPC17xx.s
      At line 361 in file RTE\Device\LPC1768\startup_LPC17xx.s

__initial_sp 00000200

Symbol: __initial_sp
   Definitions
      At line 35 in file RTE\Device\LPC1768\startup_LPC17xx.s
   Uses
      At line 59 in file RTE\Device\LPC1768\startup_LPC17xx.s
Comment: __initial_sp used once
3 symbols



ARM Macro Assembler    Page 1 Alphabetic symbol ordering
Relocatable symbols

HEAP 00000000

Symbol: HEAP
   Definitions
      At line 44 in file RTE\Device\LPC1768\startup_LPC17xx.s
   Uses
      None
Comment: HEAP unused
Heap_Mem 00000000

Symbol: Heap_Mem
   Definitions
      At line 46 in file RTE\Device\LPC1768\startup_LPC17xx.s
   Uses
      At line 358 in file RTE\Device\LPC1768\startup_LPC17xx.s
      At line 360 in file RTE\Device\LPC1768\startup_LPC17xx.s

__heap_base 00000000

Symbol: __heap_base
   Definitions
      At line 45 in file RTE\Device\LPC1768\startup_LPC17xx.s
   Uses
      None
Comment: __heap_base unused
__heap_limit 00000000

Symbol: __heap_limit
   Definitions
      At line 47 in file RTE\Device\LPC1768\startup_LPC17xx.s
   Uses
      None
Comment: __heap_limit unused
4 symbols



ARM Macro Assembler    Page 1 Alphabetic symbol ordering
Relocatable symbols

RESET 00000000

Symbol: RESET
   Definitions
      At line 56 in file RTE\Device\LPC1768\startup_LPC17xx.s
   Uses
      None
Comment: RESET unused
__Vectors 00000000

Symbol: __Vectors
   Definitions
      At line 59 in file RTE\Device\LPC1768\startup_LPC17xx.s
   Uses
      At line 57 in file RTE\Device\LPC1768\startup_LPC17xx.s
Comment: __Vectors used once
2 symbols



ARM Macro Assembler    Page 1 Alphabetic symbol ordering
Relocatable symbols

.ARM.__at_0x02FC 00000000

Symbol: .ARM.__at_0x02FC
   Definitions
      At line 115 in file RTE\Device\LPC1768\startup_LPC17xx.s
   Uses
      None
Comment: .ARM.__at_0x02FC unused
CRP_Key 00000000

Symbol: CRP_Key
   Definitions
      At line 116 in file RTE\Device\LPC1768\startup_LPC17xx.s
   Uses
      None
Comment: CRP_Key unused
2 symbols



ARM Macro Assembler    Page 1 Alphabetic symbol ordering
Relocatable symbols

.text 00000000

Symbol: .text
   Definitions
      At line 120 in file RTE\Device\LPC1768\startup_LPC17xx.s
   Uses
      None
Comment: .text unused
ADC_IRQHandler 0000008A

Symbol: ADC_IRQHandler
   Definitions
      At line 322 in file RTE\Device\LPC1768\startup_LPC17xx.s
   Uses
      At line 99 in file RTE\Device\LPC1768\startup_LPC17xx.s
      At line 286 in file RTE\Device\LPC1768\startup_LPC17xx.s

BOD_IRQHandler 0000008A

Symbol: BOD_IRQHandler
   Definitions
      At line 323 in file RTE\Device\LPC1768\startup_LPC17xx.s
   Uses
      At line 100 in file RTE\Device\LPC1768\startup_LPC17xx.s
      At line 287 in file RTE\Device\LPC1768\startup_LPC17xx.s

BusFault_Handler 0000007E

Symbol: BusFault_Handler
   Definitions
      At line 235 in file RTE\Device\LPC1768\startup_LPC17xx.s
   Uses
      At line 64 in file RTE\Device\LPC1768\startup_LPC17xx.s
      At line 236 in file RTE\Device\LPC1768\startup_LPC17xx.s

CANActivity_IRQHandler 0000008A

Symbol: CANActivity_IRQHandler
   Definitions
      At line 334 in file RTE\Device\LPC1768\startup_LPC17xx.s
   Uses
      At line 111 in file RTE\Device\LPC1768\startup_LPC17xx.s
      At line 298 in file RTE\Device\LPC1768\startup_LPC17xx.s

CAN_IRQHandler 0000008A

Symbol: CAN_IRQHandler
   Definitions
      At line 325 in file RTE\Device\LPC1768\startup_LPC17xx.s
   Uses
      At line 102 in file RTE\Device\LPC1768\startup_LPC17xx.s
      At line 289 in file RTE\Device\LPC1768\startup_LPC17xx.s

DMA_IRQHandler 0000008A

Symbol: DMA_IRQHandler
   Definitions
      At line 326 in file RTE\Device\LPC1768\startup_LPC17xx.s
   Uses



ARM Macro Assembler    Page 2 Alphabetic symbol ordering
Relocatable symbols

      At line 103 in file RTE\Device\LPC1768\startup_LPC17xx.s
      At line 290 in file RTE\Device\LPC1768\startup_LPC17xx.s

DebugMon_Handler 00000084

Symbol: DebugMon_Handler
   Definitions
      At line 249 in file RTE\Device\LPC1768\startup_LPC17xx.s
   Uses
      At line 71 in file RTE\Device\LPC1768\startup_LPC17xx.s
      At line 250 in file RTE\Device\LPC1768\startup_LPC17xx.s

Default_Handler 0000008A

Symbol: Default_Handler
   Definitions
      At line 262 in file RTE\Device\LPC1768\startup_LPC17xx.s
   Uses
      None
Comment: Default_Handler unused
EINT0_IRQHandler 0000008A

Symbol: EINT0_IRQHandler
   Definitions
      At line 318 in file RTE\Device\LPC1768\startup_LPC17xx.s
   Uses
      At line 95 in file RTE\Device\LPC1768\startup_LPC17xx.s
      At line 282 in file RTE\Device\LPC1768\startup_LPC17xx.s

EINT1_IRQHandler 0000008A

Symbol: EINT1_IRQHandler
   Definitions
      At line 319 in file RTE\Device\LPC1768\startup_LPC17xx.s
   Uses
      At line 96 in file RTE\Device\LPC1768\startup_LPC17xx.s
      At line 283 in file RTE\Device\LPC1768\startup_LPC17xx.s

EINT2_IRQHandler 0000008A

Symbol: EINT2_IRQHandler
   Definitions
      At line 320 in file RTE\Device\LPC1768\startup_LPC17xx.s
   Uses
      At line 97 in file RTE\Device\LPC1768\startup_LPC17xx.s
      At line 284 in file RTE\Device\LPC1768\startup_LPC17xx.s

EINT3_IRQHandler 0000008A

Symbol: EINT3_IRQHandler
   Definitions
      At line 321 in file RTE\Device\LPC1768\startup_LPC17xx.s
   Uses
      At line 98 in file RTE\Device\LPC1768\startup_LPC17xx.s
      At line 285 in file RTE\Device\LPC1768\startup_LPC17xx.s

ENET_IRQHandler 0000008A

Symbol: ENET_IRQHandler



ARM Macro Assembler    Page 3 Alphabetic symbol ordering
Relocatable symbols

   Definitions
      At line 328 in file RTE\Device\LPC1768\startup_LPC17xx.s
   Uses
      At line 105 in file RTE\Device\LPC1768\startup_LPC17xx.s
      At line 292 in file RTE\Device\LPC1768\startup_LPC17xx.s

HardFault_Handler 0000007A

Symbol: HardFault_Handler
   Definitions
      At line 225 in file RTE\Device\LPC1768\startup_LPC17xx.s
   Uses
      At line 62 in file RTE\Device\LPC1768\startup_LPC17xx.s
      At line 226 in file RTE\Device\LPC1768\startup_LPC17xx.s

I2C0_IRQHandler 0000008A

Symbol: I2C0_IRQHandler
   Definitions
      At line 310 in file RTE\Device\LPC1768\startup_LPC17xx.s
   Uses
      At line 87 in file RTE\Device\LPC1768\startup_LPC17xx.s
      At line 274 in file RTE\Device\LPC1768\startup_LPC17xx.s

I2C1_IRQHandler 0000008A

Symbol: I2C1_IRQHandler
   Definitions
      At line 311 in file RTE\Device\LPC1768\startup_LPC17xx.s
   Uses
      At line 88 in file RTE\Device\LPC1768\startup_LPC17xx.s
      At line 275 in file RTE\Device\LPC1768\startup_LPC17xx.s

I2C2_IRQHandler 0000008A

Symbol: I2C2_IRQHandler
   Definitions
      At line 312 in file RTE\Device\LPC1768\startup_LPC17xx.s
   Uses
      At line 89 in file RTE\Device\LPC1768\startup_LPC17xx.s
      At line 276 in file RTE\Device\LPC1768\startup_LPC17xx.s

I2S_IRQHandler 0000008A

Symbol: I2S_IRQHandler
   Definitions
      At line 327 in file RTE\Device\LPC1768\startup_LPC17xx.s
   Uses
      At line 104 in file RTE\Device\LPC1768\startup_LPC17xx.s
      At line 291 in file RTE\Device\LPC1768\startup_LPC17xx.s

MCPWM_IRQHandler 0000008A

Symbol: MCPWM_IRQHandler
   Definitions
      At line 330 in file RTE\Device\LPC1768\startup_LPC17xx.s
   Uses
      At line 107 in file RTE\Device\LPC1768\startup_LPC17xx.s
      At line 294 in file RTE\Device\LPC1768\startup_LPC17xx.s



ARM Macro Assembler    Page 4 Alphabetic symbol ordering
Relocatable symbols


MemManage_Handler 0000007C

Symbol: MemManage_Handler
   Definitions
      At line 230 in file RTE\Device\LPC1768\startup_LPC17xx.s
   Uses
      At line 63 in file RTE\Device\LPC1768\startup_LPC17xx.s
      At line 231 in file RTE\Device\LPC1768\startup_LPC17xx.s

NMI_Handler 00000078

Symbol: NMI_Handler
   Definitions
      At line 220 in file RTE\Device\LPC1768\startup_LPC17xx.s
   Uses
      At line 61 in file RTE\Device\LPC1768\startup_LPC17xx.s
      At line 221 in file RTE\Device\LPC1768\startup_LPC17xx.s

PLL0_IRQHandler 0000008A

Symbol: PLL0_IRQHandler
   Definitions
      At line 316 in file RTE\Device\LPC1768\startup_LPC17xx.s
   Uses
      At line 93 in file RTE\Device\LPC1768\startup_LPC17xx.s
      At line 280 in file RTE\Device\LPC1768\startup_LPC17xx.s

PLL1_IRQHandler 0000008A

Symbol: PLL1_IRQHandler
   Definitions
      At line 332 in file RTE\Device\LPC1768\startup_LPC17xx.s
   Uses
      At line 109 in file RTE\Device\LPC1768\startup_LPC17xx.s
      At line 296 in file RTE\Device\LPC1768\startup_LPC17xx.s

PWM1_IRQHandler 0000008A

Symbol: PWM1_IRQHandler
   Definitions
      At line 309 in file RTE\Device\LPC1768\startup_LPC17xx.s
   Uses
      At line 86 in file RTE\Device\LPC1768\startup_LPC17xx.s
      At line 273 in file RTE\Device\LPC1768\startup_LPC17xx.s

PendSV_Handler 00000086

Symbol: PendSV_Handler
   Definitions
      At line 253 in file RTE\Device\LPC1768\startup_LPC17xx.s
   Uses
      At line 73 in file RTE\Device\LPC1768\startup_LPC17xx.s
      At line 254 in file RTE\Device\LPC1768\startup_LPC17xx.s

QEI_IRQHandler 0000008A

Symbol: QEI_IRQHandler
   Definitions



ARM Macro Assembler    Page 5 Alphabetic symbol ordering
Relocatable symbols

      At line 331 in file RTE\Device\LPC1768\startup_LPC17xx.s
   Uses
      At line 108 in file RTE\Device\LPC1768\startup_LPC17xx.s
      At line 295 in file RTE\Device\LPC1768\startup_LPC17xx.s

RIT_IRQHandler 0000008A

Symbol: RIT_IRQHandler
   Definitions
      At line 329 in file RTE\Device\LPC1768\startup_LPC17xx.s
   Uses
      At line 106 in file RTE\Device\LPC1768\startup_LPC17xx.s
      At line 293 in file RTE\Device\LPC1768\startup_LPC17xx.s

RTC_IRQHandler 0000008A

Symbol: RTC_IRQHandler
   Definitions
      At line 317 in file RTE\Device\LPC1768\startup_LPC17xx.s
   Uses
      At line 94 in file RTE\Device\LPC1768\startup_LPC17xx.s
      At line 281 in file RTE\Device\LPC1768\startup_LPC17xx.s

Reset_Handler 00000000

Symbol: Reset_Handler
   Definitions
      At line 125 in file RTE\Device\LPC1768\startup_LPC17xx.s
   Uses
      At line 60 in file RTE\Device\LPC1768\startup_LPC17xx.s
      At line 126 in file RTE\Device\LPC1768\startup_LPC17xx.s

SPI_IRQHandler 0000008A

Symbol: SPI_IRQHandler
   Definitions
      At line 313 in file RTE\Device\LPC1768\startup_LPC17xx.s
   Uses
      At line 90 in file RTE\Device\LPC1768\startup_LPC17xx.s
      At line 277 in file RTE\Device\LPC1768\startup_LPC17xx.s

SSP0_IRQHandler 0000008A

Symbol: SSP0_IRQHandler
   Definitions
      At line 314 in file RTE\Device\LPC1768\startup_LPC17xx.s
   Uses
      At line 91 in file RTE\Device\LPC1768\startup_LPC17xx.s
      At line 278 in file RTE\Device\LPC1768\startup_LPC17xx.s

SSP1_IRQHandler 0000008A

Symbol: SSP1_IRQHandler
   Definitions
      At line 315 in file RTE\Device\LPC1768\startup_LPC17xx.s
   Uses
      At line 92 in file RTE\Device\LPC1768\startup_LPC17xx.s
      At line 279 in file RTE\Device\LPC1768\startup_LPC17xx.s




ARM Macro Assembler    Page 6 Alphabetic symbol ordering
Relocatable symbols

SVC_Handler 00000082

Symbol: SVC_Handler
   Definitions
      At line 244 in file RTE\Device\LPC1768\startup_LPC17xx.s
   Uses
      At line 70 in file RTE\Device\LPC1768\startup_LPC17xx.s
      At line 245 in file RTE\Device\LPC1768\startup_LPC17xx.s

SysTick_Handler 00000088

Symbol: SysTick_Handler
   Definitions
      At line 257 in file RTE\Device\LPC1768\startup_LPC17xx.s
   Uses
      At line 74 in file RTE\Device\LPC1768\startup_LPC17xx.s
      At line 258 in file RTE\Device\LPC1768\startup_LPC17xx.s

TIMER0_IRQHandler 0000008A

Symbol: TIMER0_IRQHandler
   Definitions
      At line 301 in file RTE\Device\LPC1768\startup_LPC17xx.s
   Uses
      At line 78 in file RTE\Device\LPC1768\startup_LPC17xx.s
      At line 265 in file RTE\Device\LPC1768\startup_LPC17xx.s

TIMER1_IRQHandler 0000008A

Symbol: TIMER1_IRQHandler
   Definitions
      At line 302 in file RTE\Device\LPC1768\startup_LPC17xx.s
   Uses
      At line 79 in file RTE\Device\LPC1768\startup_LPC17xx.s
      At line 266 in file RTE\Device\LPC1768\startup_LPC17xx.s

TIMER2_IRQHandler 0000008A

Symbol: TIMER2_IRQHandler
   Definitions
      At line 303 in file RTE\Device\LPC1768\startup_LPC17xx.s
   Uses
      At line 80 in file RTE\Device\LPC1768\startup_LPC17xx.s
      At line 267 in file RTE\Device\LPC1768\startup_LPC17xx.s

TIMER3_IRQHandler 0000008A

Symbol: TIMER3_IRQHandler
   Definitions
      At line 304 in file RTE\Device\LPC1768\startup_LPC17xx.s
   Uses
      At line 81 in file RTE\Device\LPC1768\startup_LPC17xx.s
      At line 268 in file RTE\Device\LPC1768\startup_LPC17xx.s

UART0_IRQHandler 0000008A

Symbol: UART0_IRQHandler
   Definitions
      At line 305 in file RTE\Device\LPC1768\startup_LPC17xx.s



ARM Macro Assembler    Page 7 Alphabetic symbol ordering
Relocatable symbols

   Uses
      At line 82 in file RTE\Device\LPC1768\startup_LPC17xx.s
      At line 269 in file RTE\Device\LPC1768\startup_LPC17xx.s

UART1_IRQHandler 0000008A

Symbol: UART1_IRQHandler
   Definitions
      At line 306 in file RTE\Device\LPC1768\startup_LPC17xx.s
   Uses
      At line 83 in file RTE\Device\LPC1768\startup_LPC17xx.s
      At line 270 in file RTE\Device\LPC1768\startup_LPC17xx.s

UART2_IRQHandler 0000008A

Symbol: UART2_IRQHandler
   Definitions
      At line 307 in file RTE\Device\LPC1768\startup_LPC17xx.s
   Uses
      At line 84 in file RTE\Device\LPC1768\startup_LPC17xx.s
      At line 271 in file RTE\Device\LPC1768\startup_LPC17xx.s

UART3_IRQHandler 0000008A

Symbol: UART3_IRQHandler
   Definitions
      At line 308 in file RTE\Device\LPC1768\startup_LPC17xx.s
   Uses
      At line 85 in file RTE\Device\LPC1768\startup_LPC17xx.s
      At line 272 in file RTE\Device\LPC1768\startup_LPC17xx.s

USBActivity_IRQHandler 0000008A

Symbol: USBActivity_IRQHandler
   Definitions
      At line 333 in file RTE\Device\LPC1768\startup_LPC17xx.s
   Uses
      At line 110 in file RTE\Device\LPC1768\startup_LPC17xx.s
      At line 297 in file RTE\Device\LPC1768\startup_LPC17xx.s

USB_IRQHandler 0000008A

Symbol: USB_IRQHandler
   Definitions
      At line 324 in file RTE\Device\LPC1768\startup_LPC17xx.s
   Uses
      At line 101 in file RTE\Device\LPC1768\startup_LPC17xx.s
      At line 288 in file RTE\Device\LPC1768\startup_LPC17xx.s

UsageFault_Handler 00000080

Symbol: UsageFault_Handler
   Definitions
      At line 240 in file RTE\Device\LPC1768\startup_LPC17xx.s
   Uses
      At line 65 in file RTE\Device\LPC1768\startup_LPC17xx.s
      At line 241 in file RTE\Device\LPC1768\startup_LPC17xx.s

WDT_IRQHandler 0000008A



ARM Macro Assembler    Page 8 Alphabetic symbol ordering
Relocatable symbols


Symbol: WDT_IRQHandler
   Definitions
      At line 300 in file RTE\Device\LPC1768\startup_LPC17xx.s
   Uses
      At line 77 in file RTE\Device\LPC1768\startup_LPC17xx.s
      At line 264 in file RTE\Device\LPC1768\startup_LPC17xx.s

__user_initial_stackheap 0000008C

Symbol: __user_initial_stackheap
   Definitions
      At line 356 in file RTE\Device\LPC1768\startup_LPC17xx.s
   Uses
      At line 355 in file RTE\Device\LPC1768\startup_LPC17xx.s
Comment: __user_initial_stackheap used once
continueIterative 00000024

Symbol: continueIterative
   Definitions
      At line 159 in file RTE\Device\LPC1768\startup_LPC17xx.s
   Uses
      At line 157 in file RTE\Device\LPC1768\startup_LPC17xx.s
Comment: continueIterative used once
continueRecursive 00000050

Symbol: continueRecursive
   Definitions
      At line 182 in file RTE\Device\LPC1768\startup_LPC17xx.s
   Uses
      At line 180 in file RTE\Device\LPC1768\startup_LPC17xx.s
Comment: continueRecursive used once
cycleIterative 0000000E

Symbol: cycleIterative
   Definitions
      At line 151 in file RTE\Device\LPC1768\startup_LPC17xx.s
   Uses
      At line 161 in file RTE\Device\LPC1768\startup_LPC17xx.s
Comment: cycleIterative used once
endRecursive 00000054

Symbol: endRecursive
   Definitions
      At line 183 in file RTE\Device\LPC1768\startup_LPC17xx.s
   Uses
      At line 173 in file RTE\Device\LPC1768\startup_LPC17xx.s
Comment: endRecursive used once
getTime 00000074

Symbol: getTime
   Definitions
      At line 210 in file RTE\Device\LPC1768\startup_LPC17xx.s
   Uses
      At line 211 in file RTE\Device\LPC1768\startup_LPC17xx.s
Comment: getTime used once
isEvenIterative 00000020

Symbol: isEvenIterative



ARM Macro Assembler    Page 9 Alphabetic symbol ordering
Relocatable symbols

   Definitions
      At line 158 in file RTE\Device\LPC1768\startup_LPC17xx.s
   Uses
      At line 152 in file RTE\Device\LPC1768\startup_LPC17xx.s
Comment: isEvenIterative used once
isEvenRecursive 0000004C

Symbol: isEvenRecursive
   Definitions
      At line 181 in file RTE\Device\LPC1768\startup_LPC17xx.s
   Uses
      At line 175 in file RTE\Device\LPC1768\startup_LPC17xx.s
Comment: isEvenRecursive used once
iterativeCollatz 0000000A

Symbol: iterativeCollatz
   Definitions
      At line 147 in file RTE\Device\LPC1768\startup_LPC17xx.s
   Uses
      At line 130 in file RTE\Device\LPC1768\startup_LPC17xx.s
      At line 148 in file RTE\Device\LPC1768\startup_LPC17xx.s

recursiveCollatz 00000030

Symbol: recursiveCollatz
   Definitions
      At line 166 in file RTE\Device\LPC1768\startup_LPC17xx.s
   Uses
      At line 167 in file RTE\Device\LPC1768\startup_LPC17xx.s
      At line 182 in file RTE\Device\LPC1768\startup_LPC17xx.s

startTimer 00000056

Symbol: startTimer
   Definitions
      At line 190 in file RTE\Device\LPC1768\startup_LPC17xx.s
   Uses
      At line 191 in file RTE\Device\LPC1768\startup_LPC17xx.s
Comment: startTimer used once
stop 00000008

Symbol: stop
   Definitions
      At line 144 in file RTE\Device\LPC1768\startup_LPC17xx.s
   Uses
      At line 144 in file RTE\Device\LPC1768\startup_LPC17xx.s
Comment: stop used once
59 symbols



ARM Macro Assembler    Page 1 Alphabetic symbol ordering
Absolute symbols

Control E000E010

Symbol: Control
   Definitions
      At line 186 in file RTE\Device\LPC1768\startup_LPC17xx.s
   Uses
      At line 192 in file RTE\Device\LPC1768\startup_LPC17xx.s
      At line 203 in file RTE\Device\LPC1768\startup_LPC17xx.s

Current E000E018

Symbol: Current
   Definitions
      At line 188 in file RTE\Device\LPC1768\startup_LPC17xx.s
   Uses
      At line 200 in file RTE\Device\LPC1768\startup_LPC17xx.s
      At line 212 in file RTE\Device\LPC1768\startup_LPC17xx.s

Heap_Size 00000000

Symbol: Heap_Size
   Definitions
      At line 42 in file RTE\Device\LPC1768\startup_LPC17xx.s
   Uses
      At line 46 in file RTE\Device\LPC1768\startup_LPC17xx.s
      At line 360 in file RTE\Device\LPC1768\startup_LPC17xx.s

Reload E000E014

Symbol: Reload
   Definitions
      At line 187 in file RTE\Device\LPC1768\startup_LPC17xx.s
   Uses
      At line 196 in file RTE\Device\LPC1768\startup_LPC17xx.s
Comment: Reload used once
Stack_Size 00000200

Symbol: Stack_Size
   Definitions
      At line 31 in file RTE\Device\LPC1768\startup_LPC17xx.s
   Uses
      At line 34 in file RTE\Device\LPC1768\startup_LPC17xx.s
      At line 359 in file RTE\Device\LPC1768\startup_LPC17xx.s

5 symbols



ARM Macro Assembler    Page 1 Alphabetic symbol ordering
External symbols

__use_two_region_memory 00000000

Symbol: __use_two_region_memory
   Definitions
      At line 354 in file RTE\Device\LPC1768\startup_LPC17xx.s
   Uses
      None
Comment: __use_two_region_memory unused
1 symbol
416 symbols in table
