


ARM Macro Assembler    Page 1 


    1 00000000         ;/******************************************************
                       ********************//**
    2 00000000         ; * @file     startup_LPC17xx.s
    3 00000000         ; * @brief    CMSIS Cortex-M3 Core Device Startup File f
                       or
    4 00000000         ; *           NXP LPC17xx Device Series
    5 00000000         ; * @version  V1.10
    6 00000000         ; * @date     06. April 2011
    7 00000000         ; *
    8 00000000         ; * @note
    9 00000000         ; * Copyright (C) 2009-2011 ARM Limited. All rights rese
                       rved.
   10 00000000         ; *
   11 00000000         ; * @par
   12 00000000         ; * ARM Limited (ARM) is supplying this software for use
                        with Cortex-M
   13 00000000         ; * processor based microcontrollers.  This file can be 
                       freely distributed
   14 00000000         ; * within development tools that are supporting such AR
                       M based processors.
   15 00000000         ; *
   16 00000000         ; * @par
   17 00000000         ; * THIS SOFTWARE IS PROVIDED "AS IS".  NO WARRANTIES, W
                       HETHER EXPRESS, IMPLIED
   18 00000000         ; * OR STATUTORY, INCLUDING, BUT NOT LIMITED TO, IMPLIED
                        WARRANTIES OF
   19 00000000         ; * MERCHANTABILITY AND FITNESS FOR A PARTICULAR PURPOSE
                        APPLY TO THIS SOFTWARE.
   20 00000000         ; * ARM SHALL NOT, IN ANY CIRCUMSTANCES, BE LIABLE FOR S
                       PECIAL, INCIDENTAL, OR
   21 00000000         ; * CONSEQUENTIAL DAMAGES, FOR ANY REASON WHATSOEVER.
   22 00000000         ; *
   23 00000000         ; ******************************************************
                       ************************/
   24 00000000         
   25 00000000         ; *------- <<< Use Configuration Wizard in Context Menu 
                       >>> ------------------
   26 00000000         
   27 00000000         ; <h> Stack Configuration
   28 00000000         ;   <o> Stack Size (in Bytes) <0x0-0xFFFFFFFF:8>
   29 00000000         ; </h>
   30 00000000         
   31 00000000 00000200 
                       Stack_Size
                               EQU              0x00000200
   32 00000000         
   33 00000000                 AREA             STACK, NOINIT, READWRITE, ALIGN
=3
   34 00000000         Stack_Mem
                               SPACE            Stack_Size
   35 00000200         __initial_sp
   36 00000200         
   37 00000200         
   38 00000200         ; <h> Heap Configuration
   39 00000200         ;   <o>  Heap Size (in Bytes) <0x0-0xFFFFFFFF:8>
   40 00000200         ; </h>
   41 00000200         
   42 00000200 00000000 
                       Heap_Size



ARM Macro Assembler    Page 2 


                               EQU              0x00000000
   43 00000200         
   44 00000200                 AREA             HEAP, NOINIT, READWRITE, ALIGN=
3
   45 00000000         __heap_base
   46 00000000         Heap_Mem
                               SPACE            Heap_Size
   47 00000000         __heap_limit
   48 00000000         
   49 00000000         
   50 00000000                 PRESERVE8
   51 00000000                 THUMB
   52 00000000         
   53 00000000         
   54 00000000         ; Vector Table Mapped to Address 0 at Reset
   55 00000000         
   56 00000000                 AREA             RESET, DATA, READONLY
   57 00000000                 EXPORT           __Vectors
   58 00000000         
   59 00000000 00000000 
                       __Vectors
                               DCD              __initial_sp ; Top of Stack
   60 00000004 00000000        DCD              Reset_Handler ; Reset Handler
   61 00000008 00000000        DCD              NMI_Handler ; NMI Handler
   62 0000000C 00000000        DCD              HardFault_Handler ; Hard Fault 
                                                            Handler
   63 00000010 00000000        DCD              MemManage_Handler 
                                                            ; MPU Fault Handler
                                                            
   64 00000014 00000000        DCD              BusFault_Handler 
                                                            ; Bus Fault Handler
                                                            
   65 00000018 00000000        DCD              UsageFault_Handler ; Usage Faul
                                                            t Handler
   66 0000001C 00000000        DCD              0           ; Reserved
   67 00000020 00000000        DCD              0           ; Reserved
   68 00000024 00000000        DCD              0           ; Reserved
   69 00000028 00000000        DCD              0           ; Reserved
   70 0000002C 00000000        DCD              SVC_Handler ; SVCall Handler
   71 00000030 00000000        DCD              DebugMon_Handler ; Debug Monito
                                                            r Handler
   72 00000034 00000000        DCD              0           ; Reserved
   73 00000038 00000000        DCD              PendSV_Handler ; PendSV Handler
                                                            
   74 0000003C 00000000        DCD              SysTick_Handler 
                                                            ; SysTick Handler
   75 00000040         
   76 00000040         ; External Interrupts
   77 00000040 00000000        DCD              WDT_IRQHandler ; 16: Watchdog T
                                                            imer
   78 00000044 00000000        DCD              TIMER0_IRQHandler ; 17: Timer0
   79 00000048 00000000        DCD              TIMER1_IRQHandler ; 18: Timer1
   80 0000004C 00000000        DCD              TIMER2_IRQHandler ; 19: Timer2
   81 00000050 00000000        DCD              TIMER3_IRQHandler ; 20: Timer3
   82 00000054 00000000        DCD              UART0_IRQHandler ; 21: UART0
   83 00000058 00000000        DCD              UART1_IRQHandler ; 22: UART1
   84 0000005C 00000000        DCD              UART2_IRQHandler ; 23: UART2
   85 00000060 00000000        DCD              UART3_IRQHandler ; 24: UART3
   86 00000064 00000000        DCD              PWM1_IRQHandler ; 25: PWM1



ARM Macro Assembler    Page 3 


   87 00000068 00000000        DCD              I2C0_IRQHandler ; 26: I2C0
   88 0000006C 00000000        DCD              I2C1_IRQHandler ; 27: I2C1
   89 00000070 00000000        DCD              I2C2_IRQHandler ; 28: I2C2
   90 00000074 00000000        DCD              SPI_IRQHandler ; 29: SPI
   91 00000078 00000000        DCD              SSP0_IRQHandler ; 30: SSP0
   92 0000007C 00000000        DCD              SSP1_IRQHandler ; 31: SSP1
   93 00000080 00000000        DCD              PLL0_IRQHandler ; 32: PLL0 Lock
                                                             (Main PLL)
   94 00000084 00000000        DCD              RTC_IRQHandler ; 33: Real Time 
                                                            Clock
   95 00000088 00000000        DCD              EINT0_IRQHandler ; 34: External
                                                             Interrupt 0
   96 0000008C 00000000        DCD              EINT1_IRQHandler ; 35: External
                                                             Interrupt 1
   97 00000090 00000000        DCD              EINT2_IRQHandler ; 36: External
                                                             Interrupt 2
   98 00000094 00000000        DCD              EINT3_IRQHandler ; 37: External
                                                             Interrupt 3
   99 00000098 00000000        DCD              ADC_IRQHandler 
                                                            ; 38: A/D Converter
                                                            
  100 0000009C 00000000        DCD              BOD_IRQHandler ; 39: Brown-Out 
                                                            Detect
  101 000000A0 00000000        DCD              USB_IRQHandler ; 40: USB
  102 000000A4 00000000        DCD              CAN_IRQHandler ; 41: CAN
  103 000000A8 00000000        DCD              DMA_IRQHandler ; 42: General Pu
                                                            rpose DMA
  104 000000AC 00000000        DCD              I2S_IRQHandler ; 43: I2S
  105 000000B0 00000000        DCD              ENET_IRQHandler ; 44: Ethernet
  106 000000B4 00000000        DCD              RIT_IRQHandler ; 45: Repetitive
                                                             Interrupt Timer
  107 000000B8 00000000        DCD              MCPWM_IRQHandler ; 46: Motor Co
                                                            ntrol PWM
  108 000000BC 00000000        DCD              QEI_IRQHandler ; 47: Quadrature
                                                             Encoder Interface
  109 000000C0 00000000        DCD              PLL1_IRQHandler ; 48: PLL1 Lock
                                                             (USB PLL)
  110 000000C4 00000000        DCD              USBActivity_IRQHandler ; 49: US
                                                            B Activity interrup
                                                            t to wakeup
  111 000000C8 00000000        DCD              CANActivity_IRQHandler ; 50: CA
                                                            N Activity interrup
                                                            t to wakeup
  112 000000CC         
  113 000000CC         
  114 000000CC                 IF               :LNOT::DEF:NO_CRP
  115 000000CC                 AREA             |.ARM.__at_0x02FC|, CODE, READO
NLY
  116 00000000 FFFFFFFF 
                       CRP_Key DCD              0xFFFFFFFF
  117 00000004                 ENDIF
  118 00000004         
  119 00000004         
  120 00000004                 AREA             |.text|, CODE, READONLY
  121 00000000 E000E010 
                       Control EQU              0xE000E010
  122 00000000 E000E014 
                       Reload  EQU              0xE000E014
  123 00000000 E000E018 



ARM Macro Assembler    Page 4 


                       Current EQU              0xE000E018
  124 00000000         
  125 00000000         ; Reset Handler
  126 00000000         
  127 00000000         Reset_Handler
                               PROC
  128 00000000                 EXPORT           Reset_Handler             [WEAK
]
  129 00000000                 IMPORT           SystemInit
  130 00000000                 IMPORT           __main
  131 00000000 481E            LDR              R0, =SystemInit
  132 00000002 4780            BLX              R0
  133 00000004 481E            LDR              R0, =__main
  134 00000006 4700            BX               R0
  135 00000008                 ENDP
  136 00000008         
  137 00000008         startTimer
                               PROC
  138 00000008                 EXPORT           startTimer
  139 00000008         ; r0 = time in 0.x s
  140 00000008         ; clock 100MHz => 0.1s = 10.000.000 clocks
  141 00000008         ; begin r0 * 10.000.000
  142 00000008 4601            MOV              r1, r0      ; save r0
  143 0000000A EA4F 1000       LSL              r0, #4
  144 0000000E 4408            ADD              r0, r1
  145 00000010 EA4F 1000       LSL              r0, #4
  146 00000014 4408            ADD              r0, r1
  147 00000016 EA4F 00C0       LSL              r0, #3
  148 0000001A 4408            ADD              r0, r1
  149 0000001C EA4F 0080       LSL              r0, #2
  150 00000020 4408            ADD              r0, r1
  151 00000022 EA4F 0040       LSL              r0, #1
  152 00000026 4408            ADD              r0, r1
  153 00000028 EA4F 0080       LSL              r0, #2
  154 0000002C 4408            ADD              r0, r1
  155 0000002E EA4F 10C0       LSL              r0, #7
  156 00000032         ; end multiplication
  157 00000032 4914            LDR              r1, =Control
  158 00000034 F04F 0200       MOV              r2, #0      ; stop the timer to
                                                             start a new one
  159 00000038 600A            STR              r2, [r1]
  160 0000003A 4913            LDR              r1, =Reload
  161 0000003C 6008            STR              r0, [r1]    ; upload the time
  162 0000003E 4913            LDR              r1, =Current
  163 00000040 6008            STR              r0, [r1]    ; random value
  164 00000042 4810            LDR              r0, =Control
  165 00000044 F04F 0107       MOV              r1, #7      ; start the timer
  166 00000048 6002            STR              r2, [r0]
  167 0000004A 4770            BX               LR          ; return
  168 0000004C                 ENDP
  169 0000004C         
  170 0000004C         stopTimer
                               PROC
  171 0000004C                 EXPORT           stopTimer
  172 0000004C 490D            LDR              r1, =Control
  173 0000004E F04F 0200       MOV              r2, #0      ; stop the timer
  174 00000052 600A            STR              r2, [r1]
  175 00000054 4770            BX               LR
  176 00000056                 ENDP



ARM Macro Assembler    Page 5 


  177 00000056         
  178 00000056         getTimer
                               PROC
  179 00000056                 EXPORT           getTimer
  180 00000056 480D            LDR              r0, =Current
  181 00000058 4770            BX               LR
  182 0000005A                 ENDP
  183 0000005A         
  184 0000005A         
  185 0000005A         
  186 0000005A         ; Dummy Exception Handlers (infinite loops which can be 
                       modified)
  187 0000005A         
  188 0000005A         NMI_Handler
                               PROC
  189 0000005A                 EXPORT           NMI_Handler               [WEAK
]
  190 0000005A E7FE            B                .
  191 0000005C                 ENDP
  193 0000005C         HardFault_Handler
                               PROC
  194 0000005C                 EXPORT           HardFault_Handler         [WEAK
]
  195 0000005C E7FE            B                .
  196 0000005E                 ENDP
  198 0000005E         MemManage_Handler
                               PROC
  199 0000005E                 EXPORT           MemManage_Handler         [WEAK
]
  200 0000005E E7FE            B                .
  201 00000060                 ENDP
  203 00000060         BusFault_Handler
                               PROC
  204 00000060                 EXPORT           BusFault_Handler          [WEAK
]
  205 00000060 E7FE            B                .
  206 00000062                 ENDP
  208 00000062         UsageFault_Handler
                               PROC
  209 00000062                 EXPORT           UsageFault_Handler        [WEAK
]
  210 00000062 E7FE            B                .
  211 00000064                 ENDP
  212 00000064         SVC_Handler
                               PROC
  213 00000064                 EXPORT           SVC_Handler               [WEAK
]
  214 00000064 E7FE            B                .
  215 00000066                 ENDP
  217 00000066         DebugMon_Handler
                               PROC
  218 00000066                 EXPORT           DebugMon_Handler          [WEAK
]
  219 00000066 E7FE            B                .
  220 00000068                 ENDP
  221 00000068         PendSV_Handler
                               PROC
  222 00000068                 EXPORT           PendSV_Handler            [WEAK
]



ARM Macro Assembler    Page 6 


  223 00000068 E7FE            B                .
  224 0000006A                 ENDP
  225 0000006A         SysTick_Handler
                               PROC
  226 0000006A                 EXPORT           SysTick_Handler           [WEAK
]
  227 0000006A E7FE            B                .
  228 0000006C                 ENDP
  229 0000006C         
  230 0000006C         Default_Handler
                               PROC
  231 0000006C         
  232 0000006C                 EXPORT           WDT_IRQHandler            [WEAK
]
  233 0000006C                 EXPORT           TIMER0_IRQHandler         [WEAK
]
  234 0000006C                 EXPORT           TIMER1_IRQHandler         [WEAK
]
  235 0000006C                 EXPORT           TIMER2_IRQHandler         [WEAK
]
  236 0000006C                 EXPORT           TIMER3_IRQHandler         [WEAK
]
  237 0000006C                 EXPORT           UART0_IRQHandler          [WEAK
]
  238 0000006C                 EXPORT           UART1_IRQHandler          [WEAK
]
  239 0000006C                 EXPORT           UART2_IRQHandler          [WEAK
]
  240 0000006C                 EXPORT           UART3_IRQHandler          [WEAK
]
  241 0000006C                 EXPORT           PWM1_IRQHandler           [WEAK
]
  242 0000006C                 EXPORT           I2C0_IRQHandler           [WEAK
]
  243 0000006C                 EXPORT           I2C1_IRQHandler           [WEAK
]
  244 0000006C                 EXPORT           I2C2_IRQHandler           [WEAK
]
  245 0000006C                 EXPORT           SPI_IRQHandler            [WEAK
]
  246 0000006C                 EXPORT           SSP0_IRQHandler           [WEAK
]
  247 0000006C                 EXPORT           SSP1_IRQHandler           [WEAK
]
  248 0000006C                 EXPORT           PLL0_IRQHandler           [WEAK
]
  249 0000006C                 EXPORT           RTC_IRQHandler            [WEAK
]
  250 0000006C                 EXPORT           EINT0_IRQHandler          [WEAK
]
  251 0000006C                 EXPORT           EINT1_IRQHandler          [WEAK
]
  252 0000006C                 EXPORT           EINT2_IRQHandler          [WEAK
]
  253 0000006C                 EXPORT           EINT3_IRQHandler          [WEAK
]
  254 0000006C                 EXPORT           ADC_IRQHandler            [WEAK
]
  255 0000006C                 EXPORT           BOD_IRQHandler            [WEAK



ARM Macro Assembler    Page 7 


]
  256 0000006C                 EXPORT           USB_IRQHandler            [WEAK
]
  257 0000006C                 EXPORT           CAN_IRQHandler            [WEAK
]
  258 0000006C                 EXPORT           DMA_IRQHandler            [WEAK
]
  259 0000006C                 EXPORT           I2S_IRQHandler            [WEAK
]
  260 0000006C                 EXPORT           ENET_IRQHandler           [WEAK
]
  261 0000006C                 EXPORT           RIT_IRQHandler            [WEAK
]
  262 0000006C                 EXPORT           MCPWM_IRQHandler          [WEAK
]
  263 0000006C                 EXPORT           QEI_IRQHandler            [WEAK
]
  264 0000006C                 EXPORT           PLL1_IRQHandler           [WEAK
]
  265 0000006C                 EXPORT           USBActivity_IRQHandler    [WEAK
]
  266 0000006C                 EXPORT           CANActivity_IRQHandler    [WEAK
]
  267 0000006C         
  268 0000006C         WDT_IRQHandler
  269 0000006C         TIMER0_IRQHandler
  270 0000006C         TIMER1_IRQHandler
  271 0000006C         TIMER2_IRQHandler
  272 0000006C         TIMER3_IRQHandler
  273 0000006C         UART0_IRQHandler
  274 0000006C         UART1_IRQHandler
  275 0000006C         UART2_IRQHandler
  276 0000006C         UART3_IRQHandler
  277 0000006C         PWM1_IRQHandler
  278 0000006C         I2C0_IRQHandler
  279 0000006C         I2C1_IRQHandler
  280 0000006C         I2C2_IRQHandler
  281 0000006C         SPI_IRQHandler
  282 0000006C         SSP0_IRQHandler
  283 0000006C         SSP1_IRQHandler
  284 0000006C         PLL0_IRQHandler
  285 0000006C         RTC_IRQHandler
  286 0000006C         EINT0_IRQHandler
  287 0000006C         EINT1_IRQHandler
  288 0000006C         EINT2_IRQHandler
  289 0000006C         EINT3_IRQHandler
  290 0000006C         ADC_IRQHandler
  291 0000006C         BOD_IRQHandler
  292 0000006C         USB_IRQHandler
  293 0000006C         CAN_IRQHandler
  294 0000006C         DMA_IRQHandler
  295 0000006C         I2S_IRQHandler
  296 0000006C         ENET_IRQHandler
  297 0000006C         RIT_IRQHandler
  298 0000006C         MCPWM_IRQHandler
  299 0000006C         QEI_IRQHandler
  300 0000006C         PLL1_IRQHandler
  301 0000006C         USBActivity_IRQHandler
  302 0000006C         CANActivity_IRQHandler



ARM Macro Assembler    Page 8 


  303 0000006C         
  304 0000006C E7FE            B                .
  305 0000006E         
  306 0000006E                 ENDP
  307 0000006E         
  308 0000006E         
  309 0000006E 00 00           ALIGN
  310 00000070         
  311 00000070         
  312 00000070         ; User Initial Stack & Heap
  313 00000070         
  314 00000070                 IF               :DEF:__MICROLIB
  321 00000070         
  322 00000070                 IMPORT           __use_two_region_memory
  323 00000070                 EXPORT           __user_initial_stackheap
  324 00000070         __user_initial_stackheap
  325 00000070         
  326 00000070 4807            LDR              R0, =  Heap_Mem
  327 00000072 4908            LDR              R1, =(Stack_Mem + Stack_Size)
  328 00000074 4A06            LDR              R2, = (Heap_Mem +  Heap_Size)
  329 00000076 4B08            LDR              R3, = Stack_Mem
  330 00000078 4770            BX               LR
  331 0000007A         
  332 0000007A 00 00           ALIGN
  333 0000007C         
  334 0000007C                 ENDIF
  335 0000007C         
  336 0000007C         
  337 0000007C                 END
              00000000 
              00000000 
              E000E010 
              E000E014 
              E000E018 
              00000000 
              00000200 
              00000000 
Command Line: --debug --xref --diag_suppress=9931 --cpu=Cortex-M3 --apcs=interw
ork --depend=.\objects\startup_lpc17xx.d -o.\objects\startup_lpc17xx.o -I.\RTE\
Device\LPC1768 -I.\RTE\_Target_1 -IC:\Users\asus\AppData\Local\Arm\Packs\ARM\CM
SIS\5.8.0\CMSIS\Core\Include -IC:\Users\asus\AppData\Local\Arm\Packs\Keil\LPC17
00_DFP\2.7.1\Device\Include --predefine="__EVAL SETA 1" --predefine="__UVISION_
VERSION SETA 536" --predefine="_RTE_ SETA 1" --predefine="LPC175x_6x SETA 1" --
predefine="_RTE_ SETA 1" --list=.\listings\startup_lpc17xx.lst RTE\Device\LPC17
68\startup_LPC17xx.s



ARM Macro Assembler    Page 1 Alphabetic symbol ordering
Relocatable symbols

STACK 00000000

Symbol: STACK
   Definitions
      At line 33 in file RTE\Device\LPC1768\startup_LPC17xx.s
   Uses
      None
Comment: STACK unused
Stack_Mem 00000000

Symbol: Stack_Mem
   Definitions
      At line 34 in file RTE\Device\LPC1768\startup_LPC17xx.s
   Uses
      At line 327 in file RTE\Device\LPC1768\startup_LPC17xx.s
      At line 329 in file RTE\Device\LPC1768\startup_LPC17xx.s

__initial_sp 00000200

Symbol: __initial_sp
   Definitions
      At line 35 in file RTE\Device\LPC1768\startup_LPC17xx.s
   Uses
      At line 59 in file RTE\Device\LPC1768\startup_LPC17xx.s
Comment: __initial_sp used once
3 symbols



ARM Macro Assembler    Page 1 Alphabetic symbol ordering
Relocatable symbols

HEAP 00000000

Symbol: HEAP
   Definitions
      At line 44 in file RTE\Device\LPC1768\startup_LPC17xx.s
   Uses
      None
Comment: HEAP unused
Heap_Mem 00000000

Symbol: Heap_Mem
   Definitions
      At line 46 in file RTE\Device\LPC1768\startup_LPC17xx.s
   Uses
      At line 326 in file RTE\Device\LPC1768\startup_LPC17xx.s
      At line 328 in file RTE\Device\LPC1768\startup_LPC17xx.s

__heap_base 00000000

Symbol: __heap_base
   Definitions
      At line 45 in file RTE\Device\LPC1768\startup_LPC17xx.s
   Uses
      None
Comment: __heap_base unused
__heap_limit 00000000

Symbol: __heap_limit
   Definitions
      At line 47 in file RTE\Device\LPC1768\startup_LPC17xx.s
   Uses
      None
Comment: __heap_limit unused
4 symbols



ARM Macro Assembler    Page 1 Alphabetic symbol ordering
Relocatable symbols

RESET 00000000

Symbol: RESET
   Definitions
      At line 56 in file RTE\Device\LPC1768\startup_LPC17xx.s
   Uses
      None
Comment: RESET unused
__Vectors 00000000

Symbol: __Vectors
   Definitions
      At line 59 in file RTE\Device\LPC1768\startup_LPC17xx.s
   Uses
      At line 57 in file RTE\Device\LPC1768\startup_LPC17xx.s
Comment: __Vectors used once
2 symbols



ARM Macro Assembler    Page 1 Alphabetic symbol ordering
Relocatable symbols

.ARM.__at_0x02FC 00000000

Symbol: .ARM.__at_0x02FC
   Definitions
      At line 115 in file RTE\Device\LPC1768\startup_LPC17xx.s
   Uses
      None
Comment: .ARM.__at_0x02FC unused
CRP_Key 00000000

Symbol: CRP_Key
   Definitions
      At line 116 in file RTE\Device\LPC1768\startup_LPC17xx.s
   Uses
      None
Comment: CRP_Key unused
2 symbols



ARM Macro Assembler    Page 1 Alphabetic symbol ordering
Relocatable symbols

.text 00000000

Symbol: .text
   Definitions
      At line 120 in file RTE\Device\LPC1768\startup_LPC17xx.s
   Uses
      None
Comment: .text unused
ADC_IRQHandler 0000006C

Symbol: ADC_IRQHandler
   Definitions
      At line 290 in file RTE\Device\LPC1768\startup_LPC17xx.s
   Uses
      At line 99 in file RTE\Device\LPC1768\startup_LPC17xx.s
      At line 254 in file RTE\Device\LPC1768\startup_LPC17xx.s

BOD_IRQHandler 0000006C

Symbol: BOD_IRQHandler
   Definitions
      At line 291 in file RTE\Device\LPC1768\startup_LPC17xx.s
   Uses
      At line 100 in file RTE\Device\LPC1768\startup_LPC17xx.s
      At line 255 in file RTE\Device\LPC1768\startup_LPC17xx.s

BusFault_Handler 00000060

Symbol: BusFault_Handler
   Definitions
      At line 203 in file RTE\Device\LPC1768\startup_LPC17xx.s
   Uses
      At line 64 in file RTE\Device\LPC1768\startup_LPC17xx.s
      At line 204 in file RTE\Device\LPC1768\startup_LPC17xx.s

CANActivity_IRQHandler 0000006C

Symbol: CANActivity_IRQHandler
   Definitions
      At line 302 in file RTE\Device\LPC1768\startup_LPC17xx.s
   Uses
      At line 111 in file RTE\Device\LPC1768\startup_LPC17xx.s
      At line 266 in file RTE\Device\LPC1768\startup_LPC17xx.s

CAN_IRQHandler 0000006C

Symbol: CAN_IRQHandler
   Definitions
      At line 293 in file RTE\Device\LPC1768\startup_LPC17xx.s
   Uses
      At line 102 in file RTE\Device\LPC1768\startup_LPC17xx.s
      At line 257 in file RTE\Device\LPC1768\startup_LPC17xx.s

DMA_IRQHandler 0000006C

Symbol: DMA_IRQHandler
   Definitions
      At line 294 in file RTE\Device\LPC1768\startup_LPC17xx.s
   Uses



ARM Macro Assembler    Page 2 Alphabetic symbol ordering
Relocatable symbols

      At line 103 in file RTE\Device\LPC1768\startup_LPC17xx.s
      At line 258 in file RTE\Device\LPC1768\startup_LPC17xx.s

DebugMon_Handler 00000066

Symbol: DebugMon_Handler
   Definitions
      At line 217 in file RTE\Device\LPC1768\startup_LPC17xx.s
   Uses
      At line 71 in file RTE\Device\LPC1768\startup_LPC17xx.s
      At line 218 in file RTE\Device\LPC1768\startup_LPC17xx.s

Default_Handler 0000006C

Symbol: Default_Handler
   Definitions
      At line 230 in file RTE\Device\LPC1768\startup_LPC17xx.s
   Uses
      None
Comment: Default_Handler unused
EINT0_IRQHandler 0000006C

Symbol: EINT0_IRQHandler
   Definitions
      At line 286 in file RTE\Device\LPC1768\startup_LPC17xx.s
   Uses
      At line 95 in file RTE\Device\LPC1768\startup_LPC17xx.s
      At line 250 in file RTE\Device\LPC1768\startup_LPC17xx.s

EINT1_IRQHandler 0000006C

Symbol: EINT1_IRQHandler
   Definitions
      At line 287 in file RTE\Device\LPC1768\startup_LPC17xx.s
   Uses
      At line 96 in file RTE\Device\LPC1768\startup_LPC17xx.s
      At line 251 in file RTE\Device\LPC1768\startup_LPC17xx.s

EINT2_IRQHandler 0000006C

Symbol: EINT2_IRQHandler
   Definitions
      At line 288 in file RTE\Device\LPC1768\startup_LPC17xx.s
   Uses
      At line 97 in file RTE\Device\LPC1768\startup_LPC17xx.s
      At line 252 in file RTE\Device\LPC1768\startup_LPC17xx.s

EINT3_IRQHandler 0000006C

Symbol: EINT3_IRQHandler
   Definitions
      At line 289 in file RTE\Device\LPC1768\startup_LPC17xx.s
   Uses
      At line 98 in file RTE\Device\LPC1768\startup_LPC17xx.s
      At line 253 in file RTE\Device\LPC1768\startup_LPC17xx.s

ENET_IRQHandler 0000006C

Symbol: ENET_IRQHandler



ARM Macro Assembler    Page 3 Alphabetic symbol ordering
Relocatable symbols

   Definitions
      At line 296 in file RTE\Device\LPC1768\startup_LPC17xx.s
   Uses
      At line 105 in file RTE\Device\LPC1768\startup_LPC17xx.s
      At line 260 in file RTE\Device\LPC1768\startup_LPC17xx.s

HardFault_Handler 0000005C

Symbol: HardFault_Handler
   Definitions
      At line 193 in file RTE\Device\LPC1768\startup_LPC17xx.s
   Uses
      At line 62 in file RTE\Device\LPC1768\startup_LPC17xx.s
      At line 194 in file RTE\Device\LPC1768\startup_LPC17xx.s

I2C0_IRQHandler 0000006C

Symbol: I2C0_IRQHandler
   Definitions
      At line 278 in file RTE\Device\LPC1768\startup_LPC17xx.s
   Uses
      At line 87 in file RTE\Device\LPC1768\startup_LPC17xx.s
      At line 242 in file RTE\Device\LPC1768\startup_LPC17xx.s

I2C1_IRQHandler 0000006C

Symbol: I2C1_IRQHandler
   Definitions
      At line 279 in file RTE\Device\LPC1768\startup_LPC17xx.s
   Uses
      At line 88 in file RTE\Device\LPC1768\startup_LPC17xx.s
      At line 243 in file RTE\Device\LPC1768\startup_LPC17xx.s

I2C2_IRQHandler 0000006C

Symbol: I2C2_IRQHandler
   Definitions
      At line 280 in file RTE\Device\LPC1768\startup_LPC17xx.s
   Uses
      At line 89 in file RTE\Device\LPC1768\startup_LPC17xx.s
      At line 244 in file RTE\Device\LPC1768\startup_LPC17xx.s

I2S_IRQHandler 0000006C

Symbol: I2S_IRQHandler
   Definitions
      At line 295 in file RTE\Device\LPC1768\startup_LPC17xx.s
   Uses
      At line 104 in file RTE\Device\LPC1768\startup_LPC17xx.s
      At line 259 in file RTE\Device\LPC1768\startup_LPC17xx.s

MCPWM_IRQHandler 0000006C

Symbol: MCPWM_IRQHandler
   Definitions
      At line 298 in file RTE\Device\LPC1768\startup_LPC17xx.s
   Uses
      At line 107 in file RTE\Device\LPC1768\startup_LPC17xx.s
      At line 262 in file RTE\Device\LPC1768\startup_LPC17xx.s



ARM Macro Assembler    Page 4 Alphabetic symbol ordering
Relocatable symbols


MemManage_Handler 0000005E

Symbol: MemManage_Handler
   Definitions
      At line 198 in file RTE\Device\LPC1768\startup_LPC17xx.s
   Uses
      At line 63 in file RTE\Device\LPC1768\startup_LPC17xx.s
      At line 199 in file RTE\Device\LPC1768\startup_LPC17xx.s

NMI_Handler 0000005A

Symbol: NMI_Handler
   Definitions
      At line 188 in file RTE\Device\LPC1768\startup_LPC17xx.s
   Uses
      At line 61 in file RTE\Device\LPC1768\startup_LPC17xx.s
      At line 189 in file RTE\Device\LPC1768\startup_LPC17xx.s

PLL0_IRQHandler 0000006C

Symbol: PLL0_IRQHandler
   Definitions
      At line 284 in file RTE\Device\LPC1768\startup_LPC17xx.s
   Uses
      At line 93 in file RTE\Device\LPC1768\startup_LPC17xx.s
      At line 248 in file RTE\Device\LPC1768\startup_LPC17xx.s

PLL1_IRQHandler 0000006C

Symbol: PLL1_IRQHandler
   Definitions
      At line 300 in file RTE\Device\LPC1768\startup_LPC17xx.s
   Uses
      At line 109 in file RTE\Device\LPC1768\startup_LPC17xx.s
      At line 264 in file RTE\Device\LPC1768\startup_LPC17xx.s

PWM1_IRQHandler 0000006C

Symbol: PWM1_IRQHandler
   Definitions
      At line 277 in file RTE\Device\LPC1768\startup_LPC17xx.s
   Uses
      At line 86 in file RTE\Device\LPC1768\startup_LPC17xx.s
      At line 241 in file RTE\Device\LPC1768\startup_LPC17xx.s

PendSV_Handler 00000068

Symbol: PendSV_Handler
   Definitions
      At line 221 in file RTE\Device\LPC1768\startup_LPC17xx.s
   Uses
      At line 73 in file RTE\Device\LPC1768\startup_LPC17xx.s
      At line 222 in file RTE\Device\LPC1768\startup_LPC17xx.s

QEI_IRQHandler 0000006C

Symbol: QEI_IRQHandler
   Definitions



ARM Macro Assembler    Page 5 Alphabetic symbol ordering
Relocatable symbols

      At line 299 in file RTE\Device\LPC1768\startup_LPC17xx.s
   Uses
      At line 108 in file RTE\Device\LPC1768\startup_LPC17xx.s
      At line 263 in file RTE\Device\LPC1768\startup_LPC17xx.s

RIT_IRQHandler 0000006C

Symbol: RIT_IRQHandler
   Definitions
      At line 297 in file RTE\Device\LPC1768\startup_LPC17xx.s
   Uses
      At line 106 in file RTE\Device\LPC1768\startup_LPC17xx.s
      At line 261 in file RTE\Device\LPC1768\startup_LPC17xx.s

RTC_IRQHandler 0000006C

Symbol: RTC_IRQHandler
   Definitions
      At line 285 in file RTE\Device\LPC1768\startup_LPC17xx.s
   Uses
      At line 94 in file RTE\Device\LPC1768\startup_LPC17xx.s
      At line 249 in file RTE\Device\LPC1768\startup_LPC17xx.s

Reset_Handler 00000000

Symbol: Reset_Handler
   Definitions
      At line 127 in file RTE\Device\LPC1768\startup_LPC17xx.s
   Uses
      At line 60 in file RTE\Device\LPC1768\startup_LPC17xx.s
      At line 128 in file RTE\Device\LPC1768\startup_LPC17xx.s

SPI_IRQHandler 0000006C

Symbol: SPI_IRQHandler
   Definitions
      At line 281 in file RTE\Device\LPC1768\startup_LPC17xx.s
   Uses
      At line 90 in file RTE\Device\LPC1768\startup_LPC17xx.s
      At line 245 in file RTE\Device\LPC1768\startup_LPC17xx.s

SSP0_IRQHandler 0000006C

Symbol: SSP0_IRQHandler
   Definitions
      At line 282 in file RTE\Device\LPC1768\startup_LPC17xx.s
   Uses
      At line 91 in file RTE\Device\LPC1768\startup_LPC17xx.s
      At line 246 in file RTE\Device\LPC1768\startup_LPC17xx.s

SSP1_IRQHandler 0000006C

Symbol: SSP1_IRQHandler
   Definitions
      At line 283 in file RTE\Device\LPC1768\startup_LPC17xx.s
   Uses
      At line 92 in file RTE\Device\LPC1768\startup_LPC17xx.s
      At line 247 in file RTE\Device\LPC1768\startup_LPC17xx.s




ARM Macro Assembler    Page 6 Alphabetic symbol ordering
Relocatable symbols

SVC_Handler 00000064

Symbol: SVC_Handler
   Definitions
      At line 212 in file RTE\Device\LPC1768\startup_LPC17xx.s
   Uses
      At line 70 in file RTE\Device\LPC1768\startup_LPC17xx.s
      At line 213 in file RTE\Device\LPC1768\startup_LPC17xx.s

SysTick_Handler 0000006A

Symbol: SysTick_Handler
   Definitions
      At line 225 in file RTE\Device\LPC1768\startup_LPC17xx.s
   Uses
      At line 74 in file RTE\Device\LPC1768\startup_LPC17xx.s
      At line 226 in file RTE\Device\LPC1768\startup_LPC17xx.s

TIMER0_IRQHandler 0000006C

Symbol: TIMER0_IRQHandler
   Definitions
      At line 269 in file RTE\Device\LPC1768\startup_LPC17xx.s
   Uses
      At line 78 in file RTE\Device\LPC1768\startup_LPC17xx.s
      At line 233 in file RTE\Device\LPC1768\startup_LPC17xx.s

TIMER1_IRQHandler 0000006C

Symbol: TIMER1_IRQHandler
   Definitions
      At line 270 in file RTE\Device\LPC1768\startup_LPC17xx.s
   Uses
      At line 79 in file RTE\Device\LPC1768\startup_LPC17xx.s
      At line 234 in file RTE\Device\LPC1768\startup_LPC17xx.s

TIMER2_IRQHandler 0000006C

Symbol: TIMER2_IRQHandler
   Definitions
      At line 271 in file RTE\Device\LPC1768\startup_LPC17xx.s
   Uses
      At line 80 in file RTE\Device\LPC1768\startup_LPC17xx.s
      At line 235 in file RTE\Device\LPC1768\startup_LPC17xx.s

TIMER3_IRQHandler 0000006C

Symbol: TIMER3_IRQHandler
   Definitions
      At line 272 in file RTE\Device\LPC1768\startup_LPC17xx.s
   Uses
      At line 81 in file RTE\Device\LPC1768\startup_LPC17xx.s
      At line 236 in file RTE\Device\LPC1768\startup_LPC17xx.s

UART0_IRQHandler 0000006C

Symbol: UART0_IRQHandler
   Definitions
      At line 273 in file RTE\Device\LPC1768\startup_LPC17xx.s



ARM Macro Assembler    Page 7 Alphabetic symbol ordering
Relocatable symbols

   Uses
      At line 82 in file RTE\Device\LPC1768\startup_LPC17xx.s
      At line 237 in file RTE\Device\LPC1768\startup_LPC17xx.s

UART1_IRQHandler 0000006C

Symbol: UART1_IRQHandler
   Definitions
      At line 274 in file RTE\Device\LPC1768\startup_LPC17xx.s
   Uses
      At line 83 in file RTE\Device\LPC1768\startup_LPC17xx.s
      At line 238 in file RTE\Device\LPC1768\startup_LPC17xx.s

UART2_IRQHandler 0000006C

Symbol: UART2_IRQHandler
   Definitions
      At line 275 in file RTE\Device\LPC1768\startup_LPC17xx.s
   Uses
      At line 84 in file RTE\Device\LPC1768\startup_LPC17xx.s
      At line 239 in file RTE\Device\LPC1768\startup_LPC17xx.s

UART3_IRQHandler 0000006C

Symbol: UART3_IRQHandler
   Definitions
      At line 276 in file RTE\Device\LPC1768\startup_LPC17xx.s
   Uses
      At line 85 in file RTE\Device\LPC1768\startup_LPC17xx.s
      At line 240 in file RTE\Device\LPC1768\startup_LPC17xx.s

USBActivity_IRQHandler 0000006C

Symbol: USBActivity_IRQHandler
   Definitions
      At line 301 in file RTE\Device\LPC1768\startup_LPC17xx.s
   Uses
      At line 110 in file RTE\Device\LPC1768\startup_LPC17xx.s
      At line 265 in file RTE\Device\LPC1768\startup_LPC17xx.s

USB_IRQHandler 0000006C

Symbol: USB_IRQHandler
   Definitions
      At line 292 in file RTE\Device\LPC1768\startup_LPC17xx.s
   Uses
      At line 101 in file RTE\Device\LPC1768\startup_LPC17xx.s
      At line 256 in file RTE\Device\LPC1768\startup_LPC17xx.s

UsageFault_Handler 00000062

Symbol: UsageFault_Handler
   Definitions
      At line 208 in file RTE\Device\LPC1768\startup_LPC17xx.s
   Uses
      At line 65 in file RTE\Device\LPC1768\startup_LPC17xx.s
      At line 209 in file RTE\Device\LPC1768\startup_LPC17xx.s

WDT_IRQHandler 0000006C



ARM Macro Assembler    Page 8 Alphabetic symbol ordering
Relocatable symbols


Symbol: WDT_IRQHandler
   Definitions
      At line 268 in file RTE\Device\LPC1768\startup_LPC17xx.s
   Uses
      At line 77 in file RTE\Device\LPC1768\startup_LPC17xx.s
      At line 232 in file RTE\Device\LPC1768\startup_LPC17xx.s

__user_initial_stackheap 00000070

Symbol: __user_initial_stackheap
   Definitions
      At line 324 in file RTE\Device\LPC1768\startup_LPC17xx.s
   Uses
      At line 323 in file RTE\Device\LPC1768\startup_LPC17xx.s
Comment: __user_initial_stackheap used once
getTimer 00000056

Symbol: getTimer
   Definitions
      At line 178 in file RTE\Device\LPC1768\startup_LPC17xx.s
   Uses
      At line 179 in file RTE\Device\LPC1768\startup_LPC17xx.s
Comment: getTimer used once
startTimer 00000008

Symbol: startTimer
   Definitions
      At line 137 in file RTE\Device\LPC1768\startup_LPC17xx.s
   Uses
      At line 138 in file RTE\Device\LPC1768\startup_LPC17xx.s
Comment: startTimer used once
stopTimer 0000004C

Symbol: stopTimer
   Definitions
      At line 170 in file RTE\Device\LPC1768\startup_LPC17xx.s
   Uses
      At line 171 in file RTE\Device\LPC1768\startup_LPC17xx.s
Comment: stopTimer used once
51 symbols



ARM Macro Assembler    Page 1 Alphabetic symbol ordering
Absolute symbols

Control E000E010

Symbol: Control
   Definitions
      At line 121 in file RTE\Device\LPC1768\startup_LPC17xx.s
   Uses
      At line 157 in file RTE\Device\LPC1768\startup_LPC17xx.s
      At line 164 in file RTE\Device\LPC1768\startup_LPC17xx.s
      At line 172 in file RTE\Device\LPC1768\startup_LPC17xx.s

Current E000E018

Symbol: Current
   Definitions
      At line 123 in file RTE\Device\LPC1768\startup_LPC17xx.s
   Uses
      At line 162 in file RTE\Device\LPC1768\startup_LPC17xx.s
      At line 180 in file RTE\Device\LPC1768\startup_LPC17xx.s

Heap_Size 00000000

Symbol: Heap_Size
   Definitions
      At line 42 in file RTE\Device\LPC1768\startup_LPC17xx.s
   Uses
      At line 46 in file RTE\Device\LPC1768\startup_LPC17xx.s
      At line 328 in file RTE\Device\LPC1768\startup_LPC17xx.s

Reload E000E014

Symbol: Reload
   Definitions
      At line 122 in file RTE\Device\LPC1768\startup_LPC17xx.s
   Uses
      At line 160 in file RTE\Device\LPC1768\startup_LPC17xx.s
Comment: Reload used once
Stack_Size 00000200

Symbol: Stack_Size
   Definitions
      At line 31 in file RTE\Device\LPC1768\startup_LPC17xx.s
   Uses
      At line 34 in file RTE\Device\LPC1768\startup_LPC17xx.s
      At line 327 in file RTE\Device\LPC1768\startup_LPC17xx.s

5 symbols



ARM Macro Assembler    Page 1 Alphabetic symbol ordering
External symbols

SystemInit 00000000

Symbol: SystemInit
   Definitions
      At line 129 in file RTE\Device\LPC1768\startup_LPC17xx.s
   Uses
      At line 131 in file RTE\Device\LPC1768\startup_LPC17xx.s
Comment: SystemInit used once
__main 00000000

Symbol: __main
   Definitions
      At line 130 in file RTE\Device\LPC1768\startup_LPC17xx.s
   Uses
      At line 133 in file RTE\Device\LPC1768\startup_LPC17xx.s
Comment: __main used once
__use_two_region_memory 00000000

Symbol: __use_two_region_memory
   Definitions
      At line 322 in file RTE\Device\LPC1768\startup_LPC17xx.s
   Uses
      None
Comment: __use_two_region_memory unused
3 symbols
410 symbols in table
