


ARM Macro Assembler    Page 1 


    1 00000000         ;/******************************************************
                       ********************//**
    2 00000000         ; * @file     startup_LPC17xx.s
    3 00000000         ; * @brief    CMSIS Cortex-M3 Core Device Startup File f
                       or
    4 00000000         ; *           NXP LPC17xx Device Series
    5 00000000         ; * @version  V1.10
    6 00000000         ; * @date     06. April 2011
    7 00000000         ; *
    8 00000000         ; * @note
    9 00000000         ; * Copyright (C) 2009-2011 ARM Limited. All rights rese
                       rved.
   10 00000000         ; *
   11 00000000         ; * @par
   12 00000000         ; * ARM Limited (ARM) is supplying this software for use
                        with Cortex-M
   13 00000000         ; * processor based microcontrollers.  This file can be 
                       freely distributed
   14 00000000         ; * within development tools that are supporting such AR
                       M based processors.
   15 00000000         ; *
   16 00000000         ; * @par
   17 00000000         ; * THIS SOFTWARE IS PROVIDED "AS IS".  NO WARRANTIES, W
                       HETHER EXPRESS, IMPLIED
   18 00000000         ; * OR STATUTORY, INCLUDING, BUT NOT LIMITED TO, IMPLIED
                        WARRANTIES OF
   19 00000000         ; * MERCHANTABILITY AND FITNESS FOR A PARTICULAR PURPOSE
                        APPLY TO THIS SOFTWARE.
   20 00000000         ; * ARM SHALL NOT, IN ANY CIRCUMSTANCES, BE LIABLE FOR S
                       PECIAL, INCIDENTAL, OR
   21 00000000         ; * CONSEQUENTIAL DAMAGES, FOR ANY REASON WHATSOEVER.
   22 00000000         ; *
   23 00000000         ; ******************************************************
                       ************************/
   24 00000000         
   25 00000000         ; *------- <<< Use Configuration Wizard in Context Menu 
                       >>> ------------------
   26 00000000         
   27 00000000         ; <h> Stack Configuration
   28 00000000         ;   <o> Stack Size (in Bytes) <0x0-0xFFFFFFFF:8>
   29 00000000         ; </h>
   30 00000000         
   31 00000000 00000200 
                       Stack_Size
                               EQU              0x00000200
   32 00000000         
   33 00000000                 AREA             STACK, NOINIT, READWRITE, ALIGN
=3
   34 00000000         Stack_Mem
                               SPACE            Stack_Size
   35 00000200         __initial_sp
   36 00000200         
   37 00000200         
   38 00000200         ; <h> Heap Configuration
   39 00000200         ;   <o>  Heap Size (in Bytes) <0x0-0xFFFFFFFF:8>
   40 00000200         ; </h>
   41 00000200         
   42 00000200 00000000 
                       Heap_Size



ARM Macro Assembler    Page 2 


                               EQU              0x00000000
   43 00000200         
   44 00000200                 AREA             HEAP, NOINIT, READWRITE, ALIGN=
3
   45 00000000         __heap_base
   46 00000000         Heap_Mem
                               SPACE            Heap_Size
   47 00000000         __heap_limit
   48 00000000         
   49 00000000         
   50 00000000                 PRESERVE8
   51 00000000                 THUMB
   52 00000000         
   53 00000000         
   54 00000000         ; Vector Table Mapped to Address 0 at Reset
   55 00000000         
   56 00000000                 AREA             RESET, DATA, READONLY
   57 00000000                 EXPORT           __Vectors
   58 00000000         
   59 00000000 00000000 
                       __Vectors
                               DCD              __initial_sp ; Top of Stack
   60 00000004 00000000        DCD              Reset_Handler ; Reset Handler
   61 00000008 00000000        DCD              NMI_Handler ; NMI Handler
   62 0000000C 00000000        DCD              HardFault_Handler ; Hard Fault 
                                                            Handler
   63 00000010 00000000        DCD              MemManage_Handler 
                                                            ; MPU Fault Handler
                                                            
   64 00000014 00000000        DCD              BusFault_Handler 
                                                            ; Bus Fault Handler
                                                            
   65 00000018 00000000        DCD              UsageFault_Handler ; Usage Faul
                                                            t Handler
   66 0000001C 00000000        DCD              0           ; Reserved
   67 00000020 00000000        DCD              0           ; Reserved
   68 00000024 00000000        DCD              0           ; Reserved
   69 00000028 00000000        DCD              0           ; Reserved
   70 0000002C 00000000        DCD              SVC_Handler ; SVCall Handler
   71 00000030 00000000        DCD              DebugMon_Handler ; Debug Monito
                                                            r Handler
   72 00000034 00000000        DCD              0           ; Reserved
   73 00000038 00000000        DCD              PendSV_Handler ; PendSV Handler
                                                            
   74 0000003C 00000000        DCD              SysTick_Handler 
                                                            ; SysTick Handler
   75 00000040         
   76 00000040         ; External Interrupts
   77 00000040 00000000        DCD              WDT_IRQHandler ; 16: Watchdog T
                                                            imer
   78 00000044 00000000        DCD              TIMER0_IRQHandler ; 17: Timer0
   79 00000048 00000000        DCD              TIMER1_IRQHandler ; 18: Timer1
   80 0000004C 00000000        DCD              TIMER2_IRQHandler ; 19: Timer2
   81 00000050 00000000        DCD              TIMER3_IRQHandler ; 20: Timer3
   82 00000054 00000000        DCD              UART0_IRQHandler ; 21: UART0
   83 00000058 00000000        DCD              UART1_IRQHandler ; 22: UART1
   84 0000005C 00000000        DCD              UART2_IRQHandler ; 23: UART2
   85 00000060 00000000        DCD              UART3_IRQHandler ; 24: UART3
   86 00000064 00000000        DCD              PWM1_IRQHandler ; 25: PWM1



ARM Macro Assembler    Page 3 


   87 00000068 00000000        DCD              I2C0_IRQHandler ; 26: I2C0
   88 0000006C 00000000        DCD              I2C1_IRQHandler ; 27: I2C1
   89 00000070 00000000        DCD              I2C2_IRQHandler ; 28: I2C2
   90 00000074 00000000        DCD              SPI_IRQHandler ; 29: SPI
   91 00000078 00000000        DCD              SSP0_IRQHandler ; 30: SSP0
   92 0000007C 00000000        DCD              SSP1_IRQHandler ; 31: SSP1
   93 00000080 00000000        DCD              PLL0_IRQHandler ; 32: PLL0 Lock
                                                             (Main PLL)
   94 00000084 00000000        DCD              RTC_IRQHandler ; 33: Real Time 
                                                            Clock
   95 00000088 00000000        DCD              EINT0_IRQHandler ; 34: External
                                                             Interrupt 0
   96 0000008C 00000000        DCD              EINT1_IRQHandler ; 35: External
                                                             Interrupt 1
   97 00000090 00000000        DCD              EINT2_IRQHandler ; 36: External
                                                             Interrupt 2
   98 00000094 00000000        DCD              EINT3_IRQHandler ; 37: External
                                                             Interrupt 3
   99 00000098 00000000        DCD              ADC_IRQHandler 
                                                            ; 38: A/D Converter
                                                            
  100 0000009C 00000000        DCD              BOD_IRQHandler ; 39: Brown-Out 
                                                            Detect
  101 000000A0 00000000        DCD              USB_IRQHandler ; 40: USB
  102 000000A4 00000000        DCD              CAN_IRQHandler ; 41: CAN
  103 000000A8 00000000        DCD              DMA_IRQHandler ; 42: General Pu
                                                            rpose DMA
  104 000000AC 00000000        DCD              I2S_IRQHandler ; 43: I2S
  105 000000B0 00000000        DCD              ENET_IRQHandler ; 44: Ethernet
  106 000000B4 00000000        DCD              RIT_IRQHandler ; 45: Repetitive
                                                             Interrupt Timer
  107 000000B8 00000000        DCD              MCPWM_IRQHandler ; 46: Motor Co
                                                            ntrol PWM
  108 000000BC 00000000        DCD              QEI_IRQHandler ; 47: Quadrature
                                                             Encoder Interface
  109 000000C0 00000000        DCD              PLL1_IRQHandler ; 48: PLL1 Lock
                                                             (USB PLL)
  110 000000C4 00000000        DCD              USBActivity_IRQHandler ; 49: US
                                                            B Activity interrup
                                                            t to wakeup
  111 000000C8 00000000        DCD              CANActivity_IRQHandler ; 50: CA
                                                            N Activity interrup
                                                            t to wakeup
  112 000000CC         
  113 000000CC         
  114 000000CC                 IF               :LNOT::DEF:NO_CRP
  115 000000CC                 AREA             |.ARM.__at_0x02FC|, CODE, READO
NLY
  116 00000000 FFFFFFFF 
                       CRP_Key DCD              0xFFFFFFFF
  117 00000004                 ENDIF
  118 00000004         
  119 00000004         
  120 00000004                 AREA             |.text|, CODE, READONLY
  121 00000000         
  122 00000000         
  123 00000000         ; Reset Handler
  124 00000000         
  125 00000000         Reset_Handler



ARM Macro Assembler    Page 4 


                               PROC
  126 00000000                 EXPORT           Reset_Handler             [WEAK
]
  127 00000000                 IMPORT           SystemInit
  128 00000000                 IMPORT           __main
  129 00000000 4821            LDR              R0, =SystemInit
  130 00000002 4780            BLX              R0
  131 00000004 4821            LDR              R0, =__main
  132 00000006 4700            BX               R0
  133 00000008                 ENDP
  134 00000008         
  135 00000008         restoringSquareRoot
                               PROC
  136 00000008                 EXPORT           restoringSquareRoot
  137 00000008         ; r0 = x 
  138 00000008         ; r1 = k 
  139 00000008 B5F0            PUSH             {r4-r7, LR}
  140 0000000A EA4F 0240       LSL              r2, r0, #1  ; r2 = r 
  141 0000000E EA83 0303       EOR              r3, r3      ; r3 = Q 
  142 00000012 F1A1 0401       SUB              r4, r1, #1  ; k-1 = number of s
                                                            hift to do 
  143 00000016 F04F 0501       MOV              r5, #1      ; useful to setup T
                                                             
  144 0000001A FA05 F404       LSL              r4, r5, r4  ; r4 = T, obtained 
                                                            shifting k-1 times 
                                                            1 
  145 0000001E F04F 0501       MOV              r5, #1      ; r5 = i
  146 00000022         
  147 00000022 42A2    cycle   CMP              r2, r4      ; cmp r, T 
  148 00000024 D308            BLO              rLowerT
  149 00000026         ; r great equal T 
  150 00000026 EBA2 0204       SUB              r2, r4      ; r = r-T 
  151 0000002A F04F 0601       MOV              r6, #1      ; set up the number
                                                             to calculate 2^-i
  152 0000002E EBA1 0705       SUB              r7, r1, r5  ; calculate the off
                                                            set: k-i: indicates
                                                             the number of shif
                                                            t to do
  153 00000032 FA06 F607       LSL              r6, r6, r7  ; compute the 2^-i
  154 00000036 4433            ADD              r3, r6      ; Compute Q = Q + 2
                                                            ^-i 
  155 00000038 EA4F 0443 
                       rLowerT MOV              r4, r3, LSL #1 ; T= 2*Q 
  156 0000003C 428D            CMP              r5, r1      ; cmp i and K 
  157 0000003E D102            BNE              notLastCycle
  158 00000040         ; last cycle 
  159 00000040 EA86 0606       EOR              r6, r6
  160 00000044 E007            B                continue
  161 00000046 F04F 0601 
                       notLastCycle
                               MOV              r6, #1      ; set up the number
                                                             
  162 0000004A EBA1 0705       SUB              r7, r1, r5  ; calculate the off
                                                            set 
  163 0000004E F1A7 0701       SUB              r7, #1      ; i+1 
  164 00000052 FA06 F607       LSL              r6, r6, r7  ; compute the 2^-(i
                                                            +1) 
  165 00000056 4434    continue
                               ADD              r4, r6      ; Compute T



ARM Macro Assembler    Page 5 


  166 00000058 EA4F 0242       LSL              r2, #1      ; r = r*2
  167 0000005C         
  168 0000005C F105 0501       ADD              r5, #1      ; go forward
  169 00000060 428D            CMP              r5, r1
  170 00000062 D9DE            BLS              cycle       ; loop untill i<=k
  171 00000064         
  172 00000064 4618            MOV              r0, r3      ; save the return r
                                                            esult
  173 00000066 BDF0            POP              {r4-r7, PC}
  174 00000068                 ENDP
  175 00000068         
  176 00000068         
  177 00000068         ; Dummy Exception Handlers (infinite loops which can be 
                       modified)
  178 00000068         
  179 00000068         NMI_Handler
                               PROC
  180 00000068                 EXPORT           NMI_Handler               [WEAK
]
  181 00000068 E7FE            B                .
  182 0000006A                 ENDP
  184 0000006A         HardFault_Handler
                               PROC
  185 0000006A                 EXPORT           HardFault_Handler         [WEAK
]
  186 0000006A E7FE            B                .
  187 0000006C                 ENDP
  189 0000006C         MemManage_Handler
                               PROC
  190 0000006C                 EXPORT           MemManage_Handler         [WEAK
]
  191 0000006C E7FE            B                .
  192 0000006E                 ENDP
  194 0000006E         BusFault_Handler
                               PROC
  195 0000006E                 EXPORT           BusFault_Handler          [WEAK
]
  196 0000006E E7FE            B                .
  197 00000070                 ENDP
  199 00000070         UsageFault_Handler
                               PROC
  200 00000070                 EXPORT           UsageFault_Handler        [WEAK
]
  201 00000070 E7FE            B                .
  202 00000072                 ENDP
  203 00000072         SVC_Handler
                               PROC
  204 00000072                 EXPORT           SVC_Handler               [WEAK
]
  205 00000072 E7FE            B                .
  206 00000074                 ENDP
  208 00000074         DebugMon_Handler
                               PROC
  209 00000074                 EXPORT           DebugMon_Handler          [WEAK
]
  210 00000074 E7FE            B                .
  211 00000076                 ENDP
  212 00000076         PendSV_Handler
                               PROC



ARM Macro Assembler    Page 6 


  213 00000076                 EXPORT           PendSV_Handler            [WEAK
]
  214 00000076 E7FE            B                .
  215 00000078                 ENDP
  216 00000078         SysTick_Handler
                               PROC
  217 00000078                 EXPORT           SysTick_Handler           [WEAK
]
  218 00000078 E7FE            B                .
  219 0000007A                 ENDP
  220 0000007A         
  221 0000007A         Default_Handler
                               PROC
  222 0000007A         
  223 0000007A                 EXPORT           WDT_IRQHandler            [WEAK
]
  224 0000007A                 EXPORT           TIMER0_IRQHandler         [WEAK
]
  225 0000007A                 EXPORT           TIMER1_IRQHandler         [WEAK
]
  226 0000007A                 EXPORT           TIMER2_IRQHandler         [WEAK
]
  227 0000007A                 EXPORT           TIMER3_IRQHandler         [WEAK
]
  228 0000007A                 EXPORT           UART0_IRQHandler          [WEAK
]
  229 0000007A                 EXPORT           UART1_IRQHandler          [WEAK
]
  230 0000007A                 EXPORT           UART2_IRQHandler          [WEAK
]
  231 0000007A                 EXPORT           UART3_IRQHandler          [WEAK
]
  232 0000007A                 EXPORT           PWM1_IRQHandler           [WEAK
]
  233 0000007A                 EXPORT           I2C0_IRQHandler           [WEAK
]
  234 0000007A                 EXPORT           I2C1_IRQHandler           [WEAK
]
  235 0000007A                 EXPORT           I2C2_IRQHandler           [WEAK
]
  236 0000007A                 EXPORT           SPI_IRQHandler            [WEAK
]
  237 0000007A                 EXPORT           SSP0_IRQHandler           [WEAK
]
  238 0000007A                 EXPORT           SSP1_IRQHandler           [WEAK
]
  239 0000007A                 EXPORT           PLL0_IRQHandler           [WEAK
]
  240 0000007A                 EXPORT           RTC_IRQHandler            [WEAK
]
  241 0000007A                 EXPORT           EINT0_IRQHandler          [WEAK
]
  242 0000007A                 EXPORT           EINT1_IRQHandler          [WEAK
]
  243 0000007A                 EXPORT           EINT2_IRQHandler          [WEAK
]
  244 0000007A                 EXPORT           EINT3_IRQHandler          [WEAK
]
  245 0000007A                 EXPORT           ADC_IRQHandler            [WEAK



ARM Macro Assembler    Page 7 


]
  246 0000007A                 EXPORT           BOD_IRQHandler            [WEAK
]
  247 0000007A                 EXPORT           USB_IRQHandler            [WEAK
]
  248 0000007A                 EXPORT           CAN_IRQHandler            [WEAK
]
  249 0000007A                 EXPORT           DMA_IRQHandler            [WEAK
]
  250 0000007A                 EXPORT           I2S_IRQHandler            [WEAK
]
  251 0000007A                 EXPORT           ENET_IRQHandler           [WEAK
]
  252 0000007A                 EXPORT           RIT_IRQHandler            [WEAK
]
  253 0000007A                 EXPORT           MCPWM_IRQHandler          [WEAK
]
  254 0000007A                 EXPORT           QEI_IRQHandler            [WEAK
]
  255 0000007A                 EXPORT           PLL1_IRQHandler           [WEAK
]
  256 0000007A                 EXPORT           USBActivity_IRQHandler    [WEAK
]
  257 0000007A                 EXPORT           CANActivity_IRQHandler    [WEAK
]
  258 0000007A         
  259 0000007A         WDT_IRQHandler
  260 0000007A         TIMER0_IRQHandler
  261 0000007A         TIMER1_IRQHandler
  262 0000007A         TIMER2_IRQHandler
  263 0000007A         TIMER3_IRQHandler
  264 0000007A         UART0_IRQHandler
  265 0000007A         UART1_IRQHandler
  266 0000007A         UART2_IRQHandler
  267 0000007A         UART3_IRQHandler
  268 0000007A         PWM1_IRQHandler
  269 0000007A         I2C0_IRQHandler
  270 0000007A         I2C1_IRQHandler
  271 0000007A         I2C2_IRQHandler
  272 0000007A         SPI_IRQHandler
  273 0000007A         SSP0_IRQHandler
  274 0000007A         SSP1_IRQHandler
  275 0000007A         PLL0_IRQHandler
  276 0000007A         RTC_IRQHandler
  277 0000007A         EINT0_IRQHandler
  278 0000007A         EINT1_IRQHandler
  279 0000007A         EINT2_IRQHandler
  280 0000007A         EINT3_IRQHandler
  281 0000007A         ADC_IRQHandler
  282 0000007A         BOD_IRQHandler
  283 0000007A         USB_IRQHandler
  284 0000007A         CAN_IRQHandler
  285 0000007A         DMA_IRQHandler
  286 0000007A         I2S_IRQHandler
  287 0000007A         ENET_IRQHandler
  288 0000007A         RIT_IRQHandler
  289 0000007A         MCPWM_IRQHandler
  290 0000007A         QEI_IRQHandler
  291 0000007A         PLL1_IRQHandler



ARM Macro Assembler    Page 8 


  292 0000007A         USBActivity_IRQHandler
  293 0000007A         CANActivity_IRQHandler
  294 0000007A         
  295 0000007A E7FE            B                .
  296 0000007C         
  297 0000007C                 ENDP
  298 0000007C         
  299 0000007C         
  300 0000007C                 ALIGN
  301 0000007C         
  302 0000007C         
  303 0000007C         ; User Initial Stack & Heap
  304 0000007C         
  305 0000007C                 IF               :DEF:__MICROLIB
  312 0000007C         
  313 0000007C                 IMPORT           __use_two_region_memory
  314 0000007C                 EXPORT           __user_initial_stackheap
  315 0000007C         __user_initial_stackheap
  316 0000007C         
  317 0000007C 4804            LDR              R0, =  Heap_Mem
  318 0000007E 4905            LDR              R1, =(Stack_Mem + Stack_Size)
  319 00000080 4A03            LDR              R2, = (Heap_Mem +  Heap_Size)
  320 00000082 4B05            LDR              R3, = Stack_Mem
  321 00000084 4770            BX               LR
  322 00000086         
  323 00000086 00 00           ALIGN
  324 00000088         
  325 00000088                 ENDIF
  326 00000088         
  327 00000088         
  328 00000088                 END
              00000000 
              00000000 
              00000000 
              00000200 
              00000000 
Command Line: --debug --xref --diag_suppress=9931 --cpu=Cortex-M3 --apcs=interw
ork --depend=.\objects\startup_lpc17xx.d -o.\objects\startup_lpc17xx.o -I.\RTE\
Device\LPC1768 -I.\RTE\_Target_1 -IC:\Users\asus\AppData\Local\Arm\Packs\ARM\CM
SIS\5.8.0\CMSIS\Core\Include -IC:\Users\asus\AppData\Local\Arm\Packs\Keil\LPC17
00_DFP\2.7.1\Device\Include --predefine="__EVAL SETA 1" --predefine="__UVISION_
VERSION SETA 536" --predefine="_RTE_ SETA 1" --predefine="LPC175x_6x SETA 1" --
predefine="_RTE_ SETA 1" --list=.\listings\startup_lpc17xx.lst RTE\Device\LPC17
68\startup_LPC17xx.s



ARM Macro Assembler    Page 1 Alphabetic symbol ordering
Relocatable symbols

STACK 00000000

Symbol: STACK
   Definitions
      At line 33 in file RTE\Device\LPC1768\startup_LPC17xx.s
   Uses
      None
Comment: STACK unused
Stack_Mem 00000000

Symbol: Stack_Mem
   Definitions
      At line 34 in file RTE\Device\LPC1768\startup_LPC17xx.s
   Uses
      At line 318 in file RTE\Device\LPC1768\startup_LPC17xx.s
      At line 320 in file RTE\Device\LPC1768\startup_LPC17xx.s

__initial_sp 00000200

Symbol: __initial_sp
   Definitions
      At line 35 in file RTE\Device\LPC1768\startup_LPC17xx.s
   Uses
      At line 59 in file RTE\Device\LPC1768\startup_LPC17xx.s
Comment: __initial_sp used once
3 symbols



ARM Macro Assembler    Page 1 Alphabetic symbol ordering
Relocatable symbols

HEAP 00000000

Symbol: HEAP
   Definitions
      At line 44 in file RTE\Device\LPC1768\startup_LPC17xx.s
   Uses
      None
Comment: HEAP unused
Heap_Mem 00000000

Symbol: Heap_Mem
   Definitions
      At line 46 in file RTE\Device\LPC1768\startup_LPC17xx.s
   Uses
      At line 317 in file RTE\Device\LPC1768\startup_LPC17xx.s
      At line 319 in file RTE\Device\LPC1768\startup_LPC17xx.s

__heap_base 00000000

Symbol: __heap_base
   Definitions
      At line 45 in file RTE\Device\LPC1768\startup_LPC17xx.s
   Uses
      None
Comment: __heap_base unused
__heap_limit 00000000

Symbol: __heap_limit
   Definitions
      At line 47 in file RTE\Device\LPC1768\startup_LPC17xx.s
   Uses
      None
Comment: __heap_limit unused
4 symbols



ARM Macro Assembler    Page 1 Alphabetic symbol ordering
Relocatable symbols

RESET 00000000

Symbol: RESET
   Definitions
      At line 56 in file RTE\Device\LPC1768\startup_LPC17xx.s
   Uses
      None
Comment: RESET unused
__Vectors 00000000

Symbol: __Vectors
   Definitions
      At line 59 in file RTE\Device\LPC1768\startup_LPC17xx.s
   Uses
      At line 57 in file RTE\Device\LPC1768\startup_LPC17xx.s
Comment: __Vectors used once
2 symbols



ARM Macro Assembler    Page 1 Alphabetic symbol ordering
Relocatable symbols

.ARM.__at_0x02FC 00000000

Symbol: .ARM.__at_0x02FC
   Definitions
      At line 115 in file RTE\Device\LPC1768\startup_LPC17xx.s
   Uses
      None
Comment: .ARM.__at_0x02FC unused
CRP_Key 00000000

Symbol: CRP_Key
   Definitions
      At line 116 in file RTE\Device\LPC1768\startup_LPC17xx.s
   Uses
      None
Comment: CRP_Key unused
2 symbols



ARM Macro Assembler    Page 1 Alphabetic symbol ordering
Relocatable symbols

.text 00000000

Symbol: .text
   Definitions
      At line 120 in file RTE\Device\LPC1768\startup_LPC17xx.s
   Uses
      None
Comment: .text unused
ADC_IRQHandler 0000007A

Symbol: ADC_IRQHandler
   Definitions
      At line 281 in file RTE\Device\LPC1768\startup_LPC17xx.s
   Uses
      At line 99 in file RTE\Device\LPC1768\startup_LPC17xx.s
      At line 245 in file RTE\Device\LPC1768\startup_LPC17xx.s

BOD_IRQHandler 0000007A

Symbol: BOD_IRQHandler
   Definitions
      At line 282 in file RTE\Device\LPC1768\startup_LPC17xx.s
   Uses
      At line 100 in file RTE\Device\LPC1768\startup_LPC17xx.s
      At line 246 in file RTE\Device\LPC1768\startup_LPC17xx.s

BusFault_Handler 0000006E

Symbol: BusFault_Handler
   Definitions
      At line 194 in file RTE\Device\LPC1768\startup_LPC17xx.s
   Uses
      At line 64 in file RTE\Device\LPC1768\startup_LPC17xx.s
      At line 195 in file RTE\Device\LPC1768\startup_LPC17xx.s

CANActivity_IRQHandler 0000007A

Symbol: CANActivity_IRQHandler
   Definitions
      At line 293 in file RTE\Device\LPC1768\startup_LPC17xx.s
   Uses
      At line 111 in file RTE\Device\LPC1768\startup_LPC17xx.s
      At line 257 in file RTE\Device\LPC1768\startup_LPC17xx.s

CAN_IRQHandler 0000007A

Symbol: CAN_IRQHandler
   Definitions
      At line 284 in file RTE\Device\LPC1768\startup_LPC17xx.s
   Uses
      At line 102 in file RTE\Device\LPC1768\startup_LPC17xx.s
      At line 248 in file RTE\Device\LPC1768\startup_LPC17xx.s

DMA_IRQHandler 0000007A

Symbol: DMA_IRQHandler
   Definitions
      At line 285 in file RTE\Device\LPC1768\startup_LPC17xx.s
   Uses



ARM Macro Assembler    Page 2 Alphabetic symbol ordering
Relocatable symbols

      At line 103 in file RTE\Device\LPC1768\startup_LPC17xx.s
      At line 249 in file RTE\Device\LPC1768\startup_LPC17xx.s

DebugMon_Handler 00000074

Symbol: DebugMon_Handler
   Definitions
      At line 208 in file RTE\Device\LPC1768\startup_LPC17xx.s
   Uses
      At line 71 in file RTE\Device\LPC1768\startup_LPC17xx.s
      At line 209 in file RTE\Device\LPC1768\startup_LPC17xx.s

Default_Handler 0000007A

Symbol: Default_Handler
   Definitions
      At line 221 in file RTE\Device\LPC1768\startup_LPC17xx.s
   Uses
      None
Comment: Default_Handler unused
EINT0_IRQHandler 0000007A

Symbol: EINT0_IRQHandler
   Definitions
      At line 277 in file RTE\Device\LPC1768\startup_LPC17xx.s
   Uses
      At line 95 in file RTE\Device\LPC1768\startup_LPC17xx.s
      At line 241 in file RTE\Device\LPC1768\startup_LPC17xx.s

EINT1_IRQHandler 0000007A

Symbol: EINT1_IRQHandler
   Definitions
      At line 278 in file RTE\Device\LPC1768\startup_LPC17xx.s
   Uses
      At line 96 in file RTE\Device\LPC1768\startup_LPC17xx.s
      At line 242 in file RTE\Device\LPC1768\startup_LPC17xx.s

EINT2_IRQHandler 0000007A

Symbol: EINT2_IRQHandler
   Definitions
      At line 279 in file RTE\Device\LPC1768\startup_LPC17xx.s
   Uses
      At line 97 in file RTE\Device\LPC1768\startup_LPC17xx.s
      At line 243 in file RTE\Device\LPC1768\startup_LPC17xx.s

EINT3_IRQHandler 0000007A

Symbol: EINT3_IRQHandler
   Definitions
      At line 280 in file RTE\Device\LPC1768\startup_LPC17xx.s
   Uses
      At line 98 in file RTE\Device\LPC1768\startup_LPC17xx.s
      At line 244 in file RTE\Device\LPC1768\startup_LPC17xx.s

ENET_IRQHandler 0000007A

Symbol: ENET_IRQHandler



ARM Macro Assembler    Page 3 Alphabetic symbol ordering
Relocatable symbols

   Definitions
      At line 287 in file RTE\Device\LPC1768\startup_LPC17xx.s
   Uses
      At line 105 in file RTE\Device\LPC1768\startup_LPC17xx.s
      At line 251 in file RTE\Device\LPC1768\startup_LPC17xx.s

HardFault_Handler 0000006A

Symbol: HardFault_Handler
   Definitions
      At line 184 in file RTE\Device\LPC1768\startup_LPC17xx.s
   Uses
      At line 62 in file RTE\Device\LPC1768\startup_LPC17xx.s
      At line 185 in file RTE\Device\LPC1768\startup_LPC17xx.s

I2C0_IRQHandler 0000007A

Symbol: I2C0_IRQHandler
   Definitions
      At line 269 in file RTE\Device\LPC1768\startup_LPC17xx.s
   Uses
      At line 87 in file RTE\Device\LPC1768\startup_LPC17xx.s
      At line 233 in file RTE\Device\LPC1768\startup_LPC17xx.s

I2C1_IRQHandler 0000007A

Symbol: I2C1_IRQHandler
   Definitions
      At line 270 in file RTE\Device\LPC1768\startup_LPC17xx.s
   Uses
      At line 88 in file RTE\Device\LPC1768\startup_LPC17xx.s
      At line 234 in file RTE\Device\LPC1768\startup_LPC17xx.s

I2C2_IRQHandler 0000007A

Symbol: I2C2_IRQHandler
   Definitions
      At line 271 in file RTE\Device\LPC1768\startup_LPC17xx.s
   Uses
      At line 89 in file RTE\Device\LPC1768\startup_LPC17xx.s
      At line 235 in file RTE\Device\LPC1768\startup_LPC17xx.s

I2S_IRQHandler 0000007A

Symbol: I2S_IRQHandler
   Definitions
      At line 286 in file RTE\Device\LPC1768\startup_LPC17xx.s
   Uses
      At line 104 in file RTE\Device\LPC1768\startup_LPC17xx.s
      At line 250 in file RTE\Device\LPC1768\startup_LPC17xx.s

MCPWM_IRQHandler 0000007A

Symbol: MCPWM_IRQHandler
   Definitions
      At line 289 in file RTE\Device\LPC1768\startup_LPC17xx.s
   Uses
      At line 107 in file RTE\Device\LPC1768\startup_LPC17xx.s
      At line 253 in file RTE\Device\LPC1768\startup_LPC17xx.s



ARM Macro Assembler    Page 4 Alphabetic symbol ordering
Relocatable symbols


MemManage_Handler 0000006C

Symbol: MemManage_Handler
   Definitions
      At line 189 in file RTE\Device\LPC1768\startup_LPC17xx.s
   Uses
      At line 63 in file RTE\Device\LPC1768\startup_LPC17xx.s
      At line 190 in file RTE\Device\LPC1768\startup_LPC17xx.s

NMI_Handler 00000068

Symbol: NMI_Handler
   Definitions
      At line 179 in file RTE\Device\LPC1768\startup_LPC17xx.s
   Uses
      At line 61 in file RTE\Device\LPC1768\startup_LPC17xx.s
      At line 180 in file RTE\Device\LPC1768\startup_LPC17xx.s

PLL0_IRQHandler 0000007A

Symbol: PLL0_IRQHandler
   Definitions
      At line 275 in file RTE\Device\LPC1768\startup_LPC17xx.s
   Uses
      At line 93 in file RTE\Device\LPC1768\startup_LPC17xx.s
      At line 239 in file RTE\Device\LPC1768\startup_LPC17xx.s

PLL1_IRQHandler 0000007A

Symbol: PLL1_IRQHandler
   Definitions
      At line 291 in file RTE\Device\LPC1768\startup_LPC17xx.s
   Uses
      At line 109 in file RTE\Device\LPC1768\startup_LPC17xx.s
      At line 255 in file RTE\Device\LPC1768\startup_LPC17xx.s

PWM1_IRQHandler 0000007A

Symbol: PWM1_IRQHandler
   Definitions
      At line 268 in file RTE\Device\LPC1768\startup_LPC17xx.s
   Uses
      At line 86 in file RTE\Device\LPC1768\startup_LPC17xx.s
      At line 232 in file RTE\Device\LPC1768\startup_LPC17xx.s

PendSV_Handler 00000076

Symbol: PendSV_Handler
   Definitions
      At line 212 in file RTE\Device\LPC1768\startup_LPC17xx.s
   Uses
      At line 73 in file RTE\Device\LPC1768\startup_LPC17xx.s
      At line 213 in file RTE\Device\LPC1768\startup_LPC17xx.s

QEI_IRQHandler 0000007A

Symbol: QEI_IRQHandler
   Definitions



ARM Macro Assembler    Page 5 Alphabetic symbol ordering
Relocatable symbols

      At line 290 in file RTE\Device\LPC1768\startup_LPC17xx.s
   Uses
      At line 108 in file RTE\Device\LPC1768\startup_LPC17xx.s
      At line 254 in file RTE\Device\LPC1768\startup_LPC17xx.s

RIT_IRQHandler 0000007A

Symbol: RIT_IRQHandler
   Definitions
      At line 288 in file RTE\Device\LPC1768\startup_LPC17xx.s
   Uses
      At line 106 in file RTE\Device\LPC1768\startup_LPC17xx.s
      At line 252 in file RTE\Device\LPC1768\startup_LPC17xx.s

RTC_IRQHandler 0000007A

Symbol: RTC_IRQHandler
   Definitions
      At line 276 in file RTE\Device\LPC1768\startup_LPC17xx.s
   Uses
      At line 94 in file RTE\Device\LPC1768\startup_LPC17xx.s
      At line 240 in file RTE\Device\LPC1768\startup_LPC17xx.s

Reset_Handler 00000000

Symbol: Reset_Handler
   Definitions
      At line 125 in file RTE\Device\LPC1768\startup_LPC17xx.s
   Uses
      At line 60 in file RTE\Device\LPC1768\startup_LPC17xx.s
      At line 126 in file RTE\Device\LPC1768\startup_LPC17xx.s

SPI_IRQHandler 0000007A

Symbol: SPI_IRQHandler
   Definitions
      At line 272 in file RTE\Device\LPC1768\startup_LPC17xx.s
   Uses
      At line 90 in file RTE\Device\LPC1768\startup_LPC17xx.s
      At line 236 in file RTE\Device\LPC1768\startup_LPC17xx.s

SSP0_IRQHandler 0000007A

Symbol: SSP0_IRQHandler
   Definitions
      At line 273 in file RTE\Device\LPC1768\startup_LPC17xx.s
   Uses
      At line 91 in file RTE\Device\LPC1768\startup_LPC17xx.s
      At line 237 in file RTE\Device\LPC1768\startup_LPC17xx.s

SSP1_IRQHandler 0000007A

Symbol: SSP1_IRQHandler
   Definitions
      At line 274 in file RTE\Device\LPC1768\startup_LPC17xx.s
   Uses
      At line 92 in file RTE\Device\LPC1768\startup_LPC17xx.s
      At line 238 in file RTE\Device\LPC1768\startup_LPC17xx.s




ARM Macro Assembler    Page 6 Alphabetic symbol ordering
Relocatable symbols

SVC_Handler 00000072

Symbol: SVC_Handler
   Definitions
      At line 203 in file RTE\Device\LPC1768\startup_LPC17xx.s
   Uses
      At line 70 in file RTE\Device\LPC1768\startup_LPC17xx.s
      At line 204 in file RTE\Device\LPC1768\startup_LPC17xx.s

SysTick_Handler 00000078

Symbol: SysTick_Handler
   Definitions
      At line 216 in file RTE\Device\LPC1768\startup_LPC17xx.s
   Uses
      At line 74 in file RTE\Device\LPC1768\startup_LPC17xx.s
      At line 217 in file RTE\Device\LPC1768\startup_LPC17xx.s

TIMER0_IRQHandler 0000007A

Symbol: TIMER0_IRQHandler
   Definitions
      At line 260 in file RTE\Device\LPC1768\startup_LPC17xx.s
   Uses
      At line 78 in file RTE\Device\LPC1768\startup_LPC17xx.s
      At line 224 in file RTE\Device\LPC1768\startup_LPC17xx.s

TIMER1_IRQHandler 0000007A

Symbol: TIMER1_IRQHandler
   Definitions
      At line 261 in file RTE\Device\LPC1768\startup_LPC17xx.s
   Uses
      At line 79 in file RTE\Device\LPC1768\startup_LPC17xx.s
      At line 225 in file RTE\Device\LPC1768\startup_LPC17xx.s

TIMER2_IRQHandler 0000007A

Symbol: TIMER2_IRQHandler
   Definitions
      At line 262 in file RTE\Device\LPC1768\startup_LPC17xx.s
   Uses
      At line 80 in file RTE\Device\LPC1768\startup_LPC17xx.s
      At line 226 in file RTE\Device\LPC1768\startup_LPC17xx.s

TIMER3_IRQHandler 0000007A

Symbol: TIMER3_IRQHandler
   Definitions
      At line 263 in file RTE\Device\LPC1768\startup_LPC17xx.s
   Uses
      At line 81 in file RTE\Device\LPC1768\startup_LPC17xx.s
      At line 227 in file RTE\Device\LPC1768\startup_LPC17xx.s

UART0_IRQHandler 0000007A

Symbol: UART0_IRQHandler
   Definitions
      At line 264 in file RTE\Device\LPC1768\startup_LPC17xx.s



ARM Macro Assembler    Page 7 Alphabetic symbol ordering
Relocatable symbols

   Uses
      At line 82 in file RTE\Device\LPC1768\startup_LPC17xx.s
      At line 228 in file RTE\Device\LPC1768\startup_LPC17xx.s

UART1_IRQHandler 0000007A

Symbol: UART1_IRQHandler
   Definitions
      At line 265 in file RTE\Device\LPC1768\startup_LPC17xx.s
   Uses
      At line 83 in file RTE\Device\LPC1768\startup_LPC17xx.s
      At line 229 in file RTE\Device\LPC1768\startup_LPC17xx.s

UART2_IRQHandler 0000007A

Symbol: UART2_IRQHandler
   Definitions
      At line 266 in file RTE\Device\LPC1768\startup_LPC17xx.s
   Uses
      At line 84 in file RTE\Device\LPC1768\startup_LPC17xx.s
      At line 230 in file RTE\Device\LPC1768\startup_LPC17xx.s

UART3_IRQHandler 0000007A

Symbol: UART3_IRQHandler
   Definitions
      At line 267 in file RTE\Device\LPC1768\startup_LPC17xx.s
   Uses
      At line 85 in file RTE\Device\LPC1768\startup_LPC17xx.s
      At line 231 in file RTE\Device\LPC1768\startup_LPC17xx.s

USBActivity_IRQHandler 0000007A

Symbol: USBActivity_IRQHandler
   Definitions
      At line 292 in file RTE\Device\LPC1768\startup_LPC17xx.s
   Uses
      At line 110 in file RTE\Device\LPC1768\startup_LPC17xx.s
      At line 256 in file RTE\Device\LPC1768\startup_LPC17xx.s

USB_IRQHandler 0000007A

Symbol: USB_IRQHandler
   Definitions
      At line 283 in file RTE\Device\LPC1768\startup_LPC17xx.s
   Uses
      At line 101 in file RTE\Device\LPC1768\startup_LPC17xx.s
      At line 247 in file RTE\Device\LPC1768\startup_LPC17xx.s

UsageFault_Handler 00000070

Symbol: UsageFault_Handler
   Definitions
      At line 199 in file RTE\Device\LPC1768\startup_LPC17xx.s
   Uses
      At line 65 in file RTE\Device\LPC1768\startup_LPC17xx.s
      At line 200 in file RTE\Device\LPC1768\startup_LPC17xx.s

WDT_IRQHandler 0000007A



ARM Macro Assembler    Page 8 Alphabetic symbol ordering
Relocatable symbols


Symbol: WDT_IRQHandler
   Definitions
      At line 259 in file RTE\Device\LPC1768\startup_LPC17xx.s
   Uses
      At line 77 in file RTE\Device\LPC1768\startup_LPC17xx.s
      At line 223 in file RTE\Device\LPC1768\startup_LPC17xx.s

__user_initial_stackheap 0000007C

Symbol: __user_initial_stackheap
   Definitions
      At line 315 in file RTE\Device\LPC1768\startup_LPC17xx.s
   Uses
      At line 314 in file RTE\Device\LPC1768\startup_LPC17xx.s
Comment: __user_initial_stackheap used once
continue 00000056

Symbol: continue
   Definitions
      At line 165 in file RTE\Device\LPC1768\startup_LPC17xx.s
   Uses
      At line 160 in file RTE\Device\LPC1768\startup_LPC17xx.s
Comment: continue used once
cycle 00000022

Symbol: cycle
   Definitions
      At line 147 in file RTE\Device\LPC1768\startup_LPC17xx.s
   Uses
      At line 170 in file RTE\Device\LPC1768\startup_LPC17xx.s
Comment: cycle used once
notLastCycle 00000046

Symbol: notLastCycle
   Definitions
      At line 161 in file RTE\Device\LPC1768\startup_LPC17xx.s
   Uses
      At line 157 in file RTE\Device\LPC1768\startup_LPC17xx.s
Comment: notLastCycle used once
rLowerT 00000038

Symbol: rLowerT
   Definitions
      At line 155 in file RTE\Device\LPC1768\startup_LPC17xx.s
   Uses
      At line 148 in file RTE\Device\LPC1768\startup_LPC17xx.s
Comment: rLowerT used once
restoringSquareRoot 00000008

Symbol: restoringSquareRoot
   Definitions
      At line 135 in file RTE\Device\LPC1768\startup_LPC17xx.s
   Uses
      At line 136 in file RTE\Device\LPC1768\startup_LPC17xx.s
Comment: restoringSquareRoot used once
53 symbols



ARM Macro Assembler    Page 1 Alphabetic symbol ordering
Absolute symbols

Heap_Size 00000000

Symbol: Heap_Size
   Definitions
      At line 42 in file RTE\Device\LPC1768\startup_LPC17xx.s
   Uses
      At line 46 in file RTE\Device\LPC1768\startup_LPC17xx.s
      At line 319 in file RTE\Device\LPC1768\startup_LPC17xx.s

Stack_Size 00000200

Symbol: Stack_Size
   Definitions
      At line 31 in file RTE\Device\LPC1768\startup_LPC17xx.s
   Uses
      At line 34 in file RTE\Device\LPC1768\startup_LPC17xx.s
      At line 318 in file RTE\Device\LPC1768\startup_LPC17xx.s

2 symbols



ARM Macro Assembler    Page 1 Alphabetic symbol ordering
External symbols

SystemInit 00000000

Symbol: SystemInit
   Definitions
      At line 127 in file RTE\Device\LPC1768\startup_LPC17xx.s
   Uses
      At line 129 in file RTE\Device\LPC1768\startup_LPC17xx.s
Comment: SystemInit used once
__main 00000000

Symbol: __main
   Definitions
      At line 128 in file RTE\Device\LPC1768\startup_LPC17xx.s
   Uses
      At line 131 in file RTE\Device\LPC1768\startup_LPC17xx.s
Comment: __main used once
__use_two_region_memory 00000000

Symbol: __use_two_region_memory
   Definitions
      At line 313 in file RTE\Device\LPC1768\startup_LPC17xx.s
   Uses
      None
Comment: __use_two_region_memory unused
3 symbols
409 symbols in table
