


ARM Macro Assembler    Page 1 


    1 00000000         ;/******************************************************
                       ********************//**
    2 00000000         ; * @file     startup_LPC17xx.s
    3 00000000         ; * @brief    CMSIS Cortex-M3 Core Device Startup File f
                       or
    4 00000000         ; *           NXP LPC17xx Device Series
    5 00000000         ; * @version  V1.10
    6 00000000         ; * @date     06. April 2011
    7 00000000         ; *
    8 00000000         ; * @note
    9 00000000         ; * Copyright (C) 2009-2011 ARM Limited. All rights rese
                       rved.
   10 00000000         ; *
   11 00000000         ; * @par
   12 00000000         ; * ARM Limited (ARM) is supplying this software for use
                        with Cortex-M
   13 00000000         ; * processor based microcontrollers.  This file can be 
                       freely distributed
   14 00000000         ; * within development tools that are supporting such AR
                       M based processors.
   15 00000000         ; *
   16 00000000         ; * @par
   17 00000000         ; * THIS SOFTWARE IS PROVIDED "AS IS".  NO WARRANTIES, W
                       HETHER EXPRESS, IMPLIED
   18 00000000         ; * OR STATUTORY, INCLUDING, BUT NOT LIMITED TO, IMPLIED
                        WARRANTIES OF
   19 00000000         ; * MERCHANTABILITY AND FITNESS FOR A PARTICULAR PURPOSE
                        APPLY TO THIS SOFTWARE.
   20 00000000         ; * ARM SHALL NOT, IN ANY CIRCUMSTANCES, BE LIABLE FOR S
                       PECIAL, INCIDENTAL, OR
   21 00000000         ; * CONSEQUENTIAL DAMAGES, FOR ANY REASON WHATSOEVER.
   22 00000000         ; *
   23 00000000         ; ******************************************************
                       ************************/
   24 00000000         
   25 00000000         ; *------- <<< Use Configuration Wizard in Context Menu 
                       >>> ------------------
   26 00000000         
   27 00000000         ; <h> Stack Configuration
   28 00000000         ;   <o> Stack Size (in Bytes) <0x0-0xFFFFFFFF:8>
   29 00000000         ; </h>
   30 00000000         
   31 00000000 00000200 
                       Stack_Size
                               EQU              0x00000200
   32 00000000         
   33 00000000                 AREA             STACK, NOINIT, READWRITE, ALIGN
=3
   34 00000000         Stack_Mem
                               SPACE            Stack_Size
   35 00000200         __initial_sp
   36 00000200         
   37 00000200         
   38 00000200         ; <h> Heap Configuration
   39 00000200         ;   <o>  Heap Size (in Bytes) <0x0-0xFFFFFFFF:8>
   40 00000200         ; </h>
   41 00000200         
   42 00000200 00000000 
                       Heap_Size



ARM Macro Assembler    Page 2 


                               EQU              0x00000000
   43 00000200         
   44 00000200                 AREA             HEAP, NOINIT, READWRITE, ALIGN=
3
   45 00000000         __heap_base
   46 00000000         Heap_Mem
                               SPACE            Heap_Size
   47 00000000         __heap_limit
   48 00000000         
   49 00000000         
   50 00000000                 PRESERVE8
   51 00000000                 THUMB
   52 00000000         
   53 00000000         
   54 00000000         ; Vector Table Mapped to Address 0 at Reset
   55 00000000         
   56 00000000                 AREA             RESET, DATA, READONLY
   57 00000000                 EXPORT           __Vectors
   58 00000000         
   59 00000000 00000000 
                       __Vectors
                               DCD              __initial_sp ; Top of Stack
   60 00000004 00000000        DCD              Reset_Handler ; Reset Handler
   61 00000008 00000000        DCD              NMI_Handler ; NMI Handler
   62 0000000C 00000000        DCD              HardFault_Handler ; Hard Fault 
                                                            Handler
   63 00000010 00000000        DCD              MemManage_Handler 
                                                            ; MPU Fault Handler
                                                            
   64 00000014 00000000        DCD              BusFault_Handler 
                                                            ; Bus Fault Handler
                                                            
   65 00000018 00000000        DCD              UsageFault_Handler ; Usage Faul
                                                            t Handler
   66 0000001C 00000000        DCD              0           ; Reserved
   67 00000020 00000000        DCD              0           ; Reserved
   68 00000024 00000000        DCD              0           ; Reserved
   69 00000028 00000000        DCD              0           ; Reserved
   70 0000002C 00000000        DCD              SVC_Handler ; SVCall Handler
   71 00000030 00000000        DCD              DebugMon_Handler ; Debug Monito
                                                            r Handler
   72 00000034 00000000        DCD              0           ; Reserved
   73 00000038 00000000        DCD              PendSV_Handler ; PendSV Handler
                                                            
   74 0000003C 00000000        DCD              SysTick_Handler 
                                                            ; SysTick Handler
   75 00000040         
   76 00000040         ; External Interrupts
   77 00000040 00000000        DCD              WDT_IRQHandler ; 16: Watchdog T
                                                            imer
   78 00000044 00000000        DCD              TIMER0_IRQHandler ; 17: Timer0
   79 00000048 00000000        DCD              TIMER1_IRQHandler ; 18: Timer1
   80 0000004C 00000000        DCD              TIMER2_IRQHandler ; 19: Timer2
   81 00000050 00000000        DCD              TIMER3_IRQHandler ; 20: Timer3
   82 00000054 00000000        DCD              UART0_IRQHandler ; 21: UART0
   83 00000058 00000000        DCD              UART1_IRQHandler ; 22: UART1
   84 0000005C 00000000        DCD              UART2_IRQHandler ; 23: UART2
   85 00000060 00000000        DCD              UART3_IRQHandler ; 24: UART3
   86 00000064 00000000        DCD              PWM1_IRQHandler ; 25: PWM1



ARM Macro Assembler    Page 3 


   87 00000068 00000000        DCD              I2C0_IRQHandler ; 26: I2C0
   88 0000006C 00000000        DCD              I2C1_IRQHandler ; 27: I2C1
   89 00000070 00000000        DCD              I2C2_IRQHandler ; 28: I2C2
   90 00000074 00000000        DCD              SPI_IRQHandler ; 29: SPI
   91 00000078 00000000        DCD              SSP0_IRQHandler ; 30: SSP0
   92 0000007C 00000000        DCD              SSP1_IRQHandler ; 31: SSP1
   93 00000080 00000000        DCD              PLL0_IRQHandler ; 32: PLL0 Lock
                                                             (Main PLL)
   94 00000084 00000000        DCD              RTC_IRQHandler ; 33: Real Time 
                                                            Clock
   95 00000088 00000000        DCD              EINT0_IRQHandler ; 34: External
                                                             Interrupt 0
   96 0000008C 00000000        DCD              EINT1_IRQHandler ; 35: External
                                                             Interrupt 1
   97 00000090 00000000        DCD              EINT2_IRQHandler ; 36: External
                                                             Interrupt 2
   98 00000094 00000000        DCD              EINT3_IRQHandler ; 37: External
                                                             Interrupt 3
   99 00000098 00000000        DCD              ADC_IRQHandler 
                                                            ; 38: A/D Converter
                                                            
  100 0000009C 00000000        DCD              BOD_IRQHandler ; 39: Brown-Out 
                                                            Detect
  101 000000A0 00000000        DCD              USB_IRQHandler ; 40: USB
  102 000000A4 00000000        DCD              CAN_IRQHandler ; 41: CAN
  103 000000A8 00000000        DCD              DMA_IRQHandler ; 42: General Pu
                                                            rpose DMA
  104 000000AC 00000000        DCD              I2S_IRQHandler ; 43: I2S
  105 000000B0 00000000        DCD              ENET_IRQHandler ; 44: Ethernet
  106 000000B4 00000000        DCD              RIT_IRQHandler ; 45: Repetitive
                                                             Interrupt Timer
  107 000000B8 00000000        DCD              MCPWM_IRQHandler ; 46: Motor Co
                                                            ntrol PWM
  108 000000BC 00000000        DCD              QEI_IRQHandler ; 47: Quadrature
                                                             Encoder Interface
  109 000000C0 00000000        DCD              PLL1_IRQHandler ; 48: PLL1 Lock
                                                             (USB PLL)
  110 000000C4 00000000        DCD              USBActivity_IRQHandler ; 49: US
                                                            B Activity interrup
                                                            t to wakeup
  111 000000C8 00000000        DCD              CANActivity_IRQHandler ; 50: CA
                                                            N Activity interrup
                                                            t to wakeup
  112 000000CC         
  113 000000CC         
  114 000000CC                 IF               :LNOT::DEF:NO_CRP
  115 000000CC                 AREA             |.ARM.__at_0x02FC|, CODE, READO
NLY
  116 00000000 FFFFFFFF 
                       CRP_Key DCD              0xFFFFFFFF
  117 00000004                 ENDIF
  118 00000004         
  119 00000004         
  120 00000004                 AREA             |.text|, CODE, READONLY
  121 00000000         
  122 00000000         
  123 00000000         ; Reset Handler
  124 00000000         
  125 00000000         Reset_Handler



ARM Macro Assembler    Page 4 


                               PROC
  126 00000000                 EXPORT           Reset_Handler             [WEAK
]
  127 00000000         
  128 00000000         ; item 1
  129 00000000         ;MOV r0, #1
  130 00000000         ;BL radical
  131 00000000         
  132 00000000 F04F 0002       MOV              r0, #2
  133 00000004 F7FF FFFE       BL               radical
  134 00000008         
  135 00000008 F04F 0003       MOV              r0, #3
  136 0000000C F7FF FFFE       BL               radical
  137 00000010         
  138 00000010 F04F 0004       MOV              r0, #4
  139 00000014 F7FF FFFE       BL               radical
  140 00000018         
  141 00000018 F04F 0022       MOV              r0, #34
  142 0000001C F7FF FFFE       BL               radical
  143 00000020         
  144 00000020 F645 7058       MOV              r0, #24408
  145 00000024 F7FF FFFE       BL               radical
  146 00000028         
  147 00000028         ; remove comments to solve item 2
  148 00000028 F04F 0018       MOV              r0, #24
  149 0000002C F04F 011E       MOV              r1, #30
  150 00000030 F7FF FFFE       BL               coprime
  151 00000034         
  152 00000034 F04F 0018       MOV              r0, #24
  153 00000038 F04F 010F       MOV              r1, #15
  154 0000003C F7FF FFFE       BL               coprime
  155 00000040         
  156 00000040 F04F 0018       MOV              r0, #24
  157 00000044 F04F 0111       MOV              r1, #17
  158 00000048 F7FF FFFE       BL               coprime
  159 0000004C         
  160 0000004C F04F 0007       MOV              r0, #7
  161 00000050 F04F 0107       MOV              r1, #7
  162 00000054 F7FF FFFE       BL               coprime
  163 00000058         
  164 00000058         ; remove comments to solve item 3
  165 00000058                 IMPORT           SystemInit
  166 00000058                 IMPORT           __main
  167 00000058 482D            LDR              R0, =SystemInit
  168 0000005A 4780            BLX              R0
  169 0000005C 482D            LDR              R0, =__main
  170 0000005E 4700            BX               R0
  171 00000060 E7FE    stop    B                stop
  172 00000062                 ENDP
  173 00000062         
  174 00000062         radical PROC
  175 00000062                 EXPORT           radical
  176 00000062 B530            PUSH             {r4,r5,LR}
  177 00000064         ; r0  x
  178 00000064 F04F 0401       MOV              r4, #1      ; result to return
  179 00000068 F04F 0102       MOV              r1, #2      ; index
  180 0000006C F04F 0501       MOV              r5, #1      ; power
  181 00000070 FBB0 F2F1 
                       cycleR  UDIV             r2, r0, r1  ; for checking the 



ARM Macro Assembler    Page 5 


                                                            exact divisor
  182 00000074 FB02 F301       MUL              r3, r2, r1  ; for checking the 
                                                            exact divisor
  183 00000078 4283            CMP              r3, r0
  184 0000007A D004            BEQ              isDivisor
  185 0000007C         ; isn't an exact divisor
  186 0000007C F04F 0501       MOV              r5, #1      ; power to 1
  187 00000080 F101 0101       ADD              r1, #1      ; increment index
  188 00000084 E7F4            B                cycleR
  189 00000086 4610    isDivisor
                               MOV              r0, r2      ; now r0 is dividev
                                                             by index for next 
                                                            op
  190 00000088 2D01            CMP              r5, #1
  191 0000008A D101            BNE              continueR
  192 0000008C         ; if power = 1, first found
  193 0000008C FB04 F401       MUL              r4, r4, r1  ; res *= index
  194 00000090 F105 0501 
                       continueR
                               ADD              r5, #1      ; add a power to in
                                                            dex
  195 00000094 2801            CMP              r0, #1
  196 00000096 D1EB            BNE              cycleR      ; if x=1 so termina
                                                            te
  197 00000098 4620            MOV              r0, r4      ; save the result
  198 0000009A BD30            POP              {r4,r5,PC}
  199 0000009C                 ENDP
  200 0000009C         
  201 0000009C         coprime PROC
  202 0000009C                 EXPORT           coprime
  203 0000009C B510            PUSH             {r4,LR}
  204 0000009E         ; r0 = u
  205 0000009E         ; r1 = v
  206 0000009E EA82 0202       EOR              r2, r2      ; result, default 0
                                                            , they aren't copri
                                                            me
  207 000000A2 F000 0301       AND              r3, r0, #1  ; take LSB
  208 000000A6 EA4F 0343       LSL              r3, #1      ; move it in the 2n
                                                            d bit
  209 000000AA F001 0401       AND              r4, r1, #1  ; take LSB
  210 000000AE 4423            ADD              r3, r4      ; move it int the 1
                                                            st bit of r3
  211 000000B0 2B00            CMP              r3, #2_00   ; if both are 0
  212 000000B2 D01B            BEQ              endC
  213 000000B4 0840    divideU LSRS             r0, #1
  214 000000B6 D3FD            BCC              divideU     ; divide by two unt
                                                            il is odd
  215 000000B8 EA4F 0040       LSL              r0, #1      ; if it was odd, so
                                                             I return to odd
  216 000000BC F100 0001       ADD              r0, #1
  217 000000C0 0849    cycleU  LSRS             r1, #1
  218 000000C2 D3FD            BCC              cycleU      ; divide by two unt
                                                            ill is odd
  219 000000C4 EA4F 0141       LSL              r1, #1      ; if it was odd, so
                                                             I return to odd
  220 000000C8 F101 0101       ADD              r1, #1
  221 000000CC 4288            CMP              r0, r1
  222 000000CE D905            BLS              continueU
  223 000000D0         ; if u > V



ARM Macro Assembler    Page 6 


  224 000000D0 EA80 0001       EOR              r0, r1      ; swap
  225 000000D4 EA81 0100       EOR              r1, r0      ; swap
  226 000000D8 EA80 0001       EOR              r0, r1      ; swap
  227 000000DC EBA1 0100 
                       continueU
                               SUB              r1, r0      ; v = v - u
  228 000000E0 2900            CMP              r1, #0
  229 000000E2 D1ED            BNE              cycleU      ; while (v!=0)
  230 000000E4 2801            CMP              r0, #1
  231 000000E6 D101            BNE              endC
  232 000000E8 F04F 0201       MOV              r2, #1
  233 000000EC 4610    endC    MOV              r0, r2      ; save the result f
                                                            or return
  234 000000EE BD10            POP              {r4,PC}
  235 000000F0                 ENDP
  236 000000F0         
  237 000000F0         ; Dummy Exception Handlers (infinite loops which can be 
                       modified)
  238 000000F0         
  239 000000F0         NMI_Handler
                               PROC
  240 000000F0                 EXPORT           NMI_Handler               [WEAK
]
  241 000000F0 E7FE            B                .
  242 000000F2                 ENDP
  244 000000F2         HardFault_Handler
                               PROC
  245 000000F2                 EXPORT           HardFault_Handler         [WEAK
]
  246 000000F2 E7FE            B                .
  247 000000F4                 ENDP
  249 000000F4         MemManage_Handler
                               PROC
  250 000000F4                 EXPORT           MemManage_Handler         [WEAK
]
  251 000000F4 E7FE            B                .
  252 000000F6                 ENDP
  254 000000F6         BusFault_Handler
                               PROC
  255 000000F6                 EXPORT           BusFault_Handler          [WEAK
]
  256 000000F6 E7FE            B                .
  257 000000F8                 ENDP
  259 000000F8         UsageFault_Handler
                               PROC
  260 000000F8                 EXPORT           UsageFault_Handler        [WEAK
]
  261 000000F8 E7FE            B                .
  262 000000FA                 ENDP
  263 000000FA         SVC_Handler
                               PROC
  264 000000FA                 EXPORT           SVC_Handler               [WEAK
]
  265 000000FA E7FE            B                .
  266 000000FC                 ENDP
  268 000000FC         DebugMon_Handler
                               PROC
  269 000000FC                 EXPORT           DebugMon_Handler          [WEAK
]



ARM Macro Assembler    Page 7 


  270 000000FC E7FE            B                .
  271 000000FE                 ENDP
  272 000000FE         PendSV_Handler
                               PROC
  273 000000FE                 EXPORT           PendSV_Handler            [WEAK
]
  274 000000FE E7FE            B                .
  275 00000100                 ENDP
  276 00000100         SysTick_Handler
                               PROC
  277 00000100                 EXPORT           SysTick_Handler           [WEAK
]
  278 00000100 E7FE            B                .
  279 00000102                 ENDP
  280 00000102         
  281 00000102         Default_Handler
                               PROC
  282 00000102         
  283 00000102                 EXPORT           WDT_IRQHandler            [WEAK
]
  284 00000102                 EXPORT           TIMER0_IRQHandler         [WEAK
]
  285 00000102                 EXPORT           TIMER1_IRQHandler         [WEAK
]
  286 00000102                 EXPORT           TIMER2_IRQHandler         [WEAK
]
  287 00000102                 EXPORT           TIMER3_IRQHandler         [WEAK
]
  288 00000102                 EXPORT           UART0_IRQHandler          [WEAK
]
  289 00000102                 EXPORT           UART1_IRQHandler          [WEAK
]
  290 00000102                 EXPORT           UART2_IRQHandler          [WEAK
]
  291 00000102                 EXPORT           UART3_IRQHandler          [WEAK
]
  292 00000102                 EXPORT           PWM1_IRQHandler           [WEAK
]
  293 00000102                 EXPORT           I2C0_IRQHandler           [WEAK
]
  294 00000102                 EXPORT           I2C1_IRQHandler           [WEAK
]
  295 00000102                 EXPORT           I2C2_IRQHandler           [WEAK
]
  296 00000102                 EXPORT           SPI_IRQHandler            [WEAK
]
  297 00000102                 EXPORT           SSP0_IRQHandler           [WEAK
]
  298 00000102                 EXPORT           SSP1_IRQHandler           [WEAK
]
  299 00000102                 EXPORT           PLL0_IRQHandler           [WEAK
]
  300 00000102                 EXPORT           RTC_IRQHandler            [WEAK
]
  301 00000102                 EXPORT           EINT0_IRQHandler          [WEAK
]
  302 00000102                 EXPORT           EINT1_IRQHandler          [WEAK
]
  303 00000102                 EXPORT           EINT2_IRQHandler          [WEAK



ARM Macro Assembler    Page 8 


]
  304 00000102                 EXPORT           EINT3_IRQHandler          [WEAK
]
  305 00000102                 EXPORT           ADC_IRQHandler            [WEAK
]
  306 00000102                 EXPORT           BOD_IRQHandler            [WEAK
]
  307 00000102                 EXPORT           USB_IRQHandler            [WEAK
]
  308 00000102                 EXPORT           CAN_IRQHandler            [WEAK
]
  309 00000102                 EXPORT           DMA_IRQHandler            [WEAK
]
  310 00000102                 EXPORT           I2S_IRQHandler            [WEAK
]
  311 00000102                 EXPORT           ENET_IRQHandler           [WEAK
]
  312 00000102                 EXPORT           RIT_IRQHandler            [WEAK
]
  313 00000102                 EXPORT           MCPWM_IRQHandler          [WEAK
]
  314 00000102                 EXPORT           QEI_IRQHandler            [WEAK
]
  315 00000102                 EXPORT           PLL1_IRQHandler           [WEAK
]
  316 00000102                 EXPORT           USBActivity_IRQHandler    [WEAK
]
  317 00000102                 EXPORT           CANActivity_IRQHandler    [WEAK
]
  318 00000102         
  319 00000102         WDT_IRQHandler
  320 00000102         TIMER0_IRQHandler
  321 00000102         TIMER1_IRQHandler
  322 00000102         TIMER2_IRQHandler
  323 00000102         TIMER3_IRQHandler
  324 00000102         UART0_IRQHandler
  325 00000102         UART1_IRQHandler
  326 00000102         UART2_IRQHandler
  327 00000102         UART3_IRQHandler
  328 00000102         PWM1_IRQHandler
  329 00000102         I2C0_IRQHandler
  330 00000102         I2C1_IRQHandler
  331 00000102         I2C2_IRQHandler
  332 00000102         SPI_IRQHandler
  333 00000102         SSP0_IRQHandler
  334 00000102         SSP1_IRQHandler
  335 00000102         PLL0_IRQHandler
  336 00000102         RTC_IRQHandler
  337 00000102         EINT0_IRQHandler
  338 00000102         EINT1_IRQHandler
  339 00000102         EINT2_IRQHandler
  340 00000102         EINT3_IRQHandler
  341 00000102         ADC_IRQHandler
  342 00000102         BOD_IRQHandler
  343 00000102         USB_IRQHandler
  344 00000102         CAN_IRQHandler
  345 00000102         DMA_IRQHandler
  346 00000102         I2S_IRQHandler
  347 00000102         ENET_IRQHandler



ARM Macro Assembler    Page 9 


  348 00000102         RIT_IRQHandler
  349 00000102         MCPWM_IRQHandler
  350 00000102         QEI_IRQHandler
  351 00000102         PLL1_IRQHandler
  352 00000102         USBActivity_IRQHandler
  353 00000102         CANActivity_IRQHandler
  354 00000102         
  355 00000102 E7FE            B                .
  356 00000104         
  357 00000104                 ENDP
  358 00000104         
  359 00000104         
  360 00000104                 ALIGN
  361 00000104         
  362 00000104         
  363 00000104         ; User Initial Stack & Heap
  364 00000104         
  365 00000104                 IF               :DEF:__MICROLIB
  372 00000104         
  373 00000104                 IMPORT           __use_two_region_memory
  374 00000104                 EXPORT           __user_initial_stackheap
  375 00000104         __user_initial_stackheap
  376 00000104         
  377 00000104 4804            LDR              R0, =  Heap_Mem
  378 00000106 4905            LDR              R1, =(Stack_Mem + Stack_Size)
  379 00000108 4A03            LDR              R2, = (Heap_Mem +  Heap_Size)
  380 0000010A 4B05            LDR              R3, = Stack_Mem
  381 0000010C 4770            BX               LR
  382 0000010E         
  383 0000010E 00 00           ALIGN
  384 00000110         
  385 00000110                 ENDIF
  386 00000110         
  387 00000110         
  388 00000110                 END
              00000000 
              00000000 
              00000000 
              00000200 
              00000000 
Command Line: --debug --xref --diag_suppress=9931 --cpu=Cortex-M3 --apcs=interw
ork --depend=.\objects\startup_lpc17xx.d -o.\objects\startup_lpc17xx.o -I.\RTE\
Device\LPC1768 -I.\RTE\_Target_1 -IC:\Users\asus\AppData\Local\Arm\Packs\ARM\CM
SIS\5.8.0\CMSIS\Core\Include -IC:\Users\asus\AppData\Local\Arm\Packs\Keil\LPC17
00_DFP\2.7.1\Device\Include --predefine="__EVAL SETA 1" --predefine="__UVISION_
VERSION SETA 536" --predefine="_RTE_ SETA 1" --predefine="LPC175x_6x SETA 1" --
predefine="_RTE_ SETA 1" --list=.\listings\startup_lpc17xx.lst RTE\Device\LPC17
68\startup_LPC17xx.s



ARM Macro Assembler    Page 1 Alphabetic symbol ordering
Relocatable symbols

STACK 00000000

Symbol: STACK
   Definitions
      At line 33 in file RTE\Device\LPC1768\startup_LPC17xx.s
   Uses
      None
Comment: STACK unused
Stack_Mem 00000000

Symbol: Stack_Mem
   Definitions
      At line 34 in file RTE\Device\LPC1768\startup_LPC17xx.s
   Uses
      At line 378 in file RTE\Device\LPC1768\startup_LPC17xx.s
      At line 380 in file RTE\Device\LPC1768\startup_LPC17xx.s

__initial_sp 00000200

Symbol: __initial_sp
   Definitions
      At line 35 in file RTE\Device\LPC1768\startup_LPC17xx.s
   Uses
      At line 59 in file RTE\Device\LPC1768\startup_LPC17xx.s
Comment: __initial_sp used once
3 symbols



ARM Macro Assembler    Page 1 Alphabetic symbol ordering
Relocatable symbols

HEAP 00000000

Symbol: HEAP
   Definitions
      At line 44 in file RTE\Device\LPC1768\startup_LPC17xx.s
   Uses
      None
Comment: HEAP unused
Heap_Mem 00000000

Symbol: Heap_Mem
   Definitions
      At line 46 in file RTE\Device\LPC1768\startup_LPC17xx.s
   Uses
      At line 377 in file RTE\Device\LPC1768\startup_LPC17xx.s
      At line 379 in file RTE\Device\LPC1768\startup_LPC17xx.s

__heap_base 00000000

Symbol: __heap_base
   Definitions
      At line 45 in file RTE\Device\LPC1768\startup_LPC17xx.s
   Uses
      None
Comment: __heap_base unused
__heap_limit 00000000

Symbol: __heap_limit
   Definitions
      At line 47 in file RTE\Device\LPC1768\startup_LPC17xx.s
   Uses
      None
Comment: __heap_limit unused
4 symbols



ARM Macro Assembler    Page 1 Alphabetic symbol ordering
Relocatable symbols

RESET 00000000

Symbol: RESET
   Definitions
      At line 56 in file RTE\Device\LPC1768\startup_LPC17xx.s
   Uses
      None
Comment: RESET unused
__Vectors 00000000

Symbol: __Vectors
   Definitions
      At line 59 in file RTE\Device\LPC1768\startup_LPC17xx.s
   Uses
      At line 57 in file RTE\Device\LPC1768\startup_LPC17xx.s
Comment: __Vectors used once
2 symbols



ARM Macro Assembler    Page 1 Alphabetic symbol ordering
Relocatable symbols

.ARM.__at_0x02FC 00000000

Symbol: .ARM.__at_0x02FC
   Definitions
      At line 115 in file RTE\Device\LPC1768\startup_LPC17xx.s
   Uses
      None
Comment: .ARM.__at_0x02FC unused
CRP_Key 00000000

Symbol: CRP_Key
   Definitions
      At line 116 in file RTE\Device\LPC1768\startup_LPC17xx.s
   Uses
      None
Comment: CRP_Key unused
2 symbols



ARM Macro Assembler    Page 1 Alphabetic symbol ordering
Relocatable symbols

.text 00000000

Symbol: .text
   Definitions
      At line 120 in file RTE\Device\LPC1768\startup_LPC17xx.s
   Uses
      None
Comment: .text unused
ADC_IRQHandler 00000102

Symbol: ADC_IRQHandler
   Definitions
      At line 341 in file RTE\Device\LPC1768\startup_LPC17xx.s
   Uses
      At line 99 in file RTE\Device\LPC1768\startup_LPC17xx.s
      At line 305 in file RTE\Device\LPC1768\startup_LPC17xx.s

BOD_IRQHandler 00000102

Symbol: BOD_IRQHandler
   Definitions
      At line 342 in file RTE\Device\LPC1768\startup_LPC17xx.s
   Uses
      At line 100 in file RTE\Device\LPC1768\startup_LPC17xx.s
      At line 306 in file RTE\Device\LPC1768\startup_LPC17xx.s

BusFault_Handler 000000F6

Symbol: BusFault_Handler
   Definitions
      At line 254 in file RTE\Device\LPC1768\startup_LPC17xx.s
   Uses
      At line 64 in file RTE\Device\LPC1768\startup_LPC17xx.s
      At line 255 in file RTE\Device\LPC1768\startup_LPC17xx.s

CANActivity_IRQHandler 00000102

Symbol: CANActivity_IRQHandler
   Definitions
      At line 353 in file RTE\Device\LPC1768\startup_LPC17xx.s
   Uses
      At line 111 in file RTE\Device\LPC1768\startup_LPC17xx.s
      At line 317 in file RTE\Device\LPC1768\startup_LPC17xx.s

CAN_IRQHandler 00000102

Symbol: CAN_IRQHandler
   Definitions
      At line 344 in file RTE\Device\LPC1768\startup_LPC17xx.s
   Uses
      At line 102 in file RTE\Device\LPC1768\startup_LPC17xx.s
      At line 308 in file RTE\Device\LPC1768\startup_LPC17xx.s

DMA_IRQHandler 00000102

Symbol: DMA_IRQHandler
   Definitions
      At line 345 in file RTE\Device\LPC1768\startup_LPC17xx.s
   Uses



ARM Macro Assembler    Page 2 Alphabetic symbol ordering
Relocatable symbols

      At line 103 in file RTE\Device\LPC1768\startup_LPC17xx.s
      At line 309 in file RTE\Device\LPC1768\startup_LPC17xx.s

DebugMon_Handler 000000FC

Symbol: DebugMon_Handler
   Definitions
      At line 268 in file RTE\Device\LPC1768\startup_LPC17xx.s
   Uses
      At line 71 in file RTE\Device\LPC1768\startup_LPC17xx.s
      At line 269 in file RTE\Device\LPC1768\startup_LPC17xx.s

Default_Handler 00000102

Symbol: Default_Handler
   Definitions
      At line 281 in file RTE\Device\LPC1768\startup_LPC17xx.s
   Uses
      None
Comment: Default_Handler unused
EINT0_IRQHandler 00000102

Symbol: EINT0_IRQHandler
   Definitions
      At line 337 in file RTE\Device\LPC1768\startup_LPC17xx.s
   Uses
      At line 95 in file RTE\Device\LPC1768\startup_LPC17xx.s
      At line 301 in file RTE\Device\LPC1768\startup_LPC17xx.s

EINT1_IRQHandler 00000102

Symbol: EINT1_IRQHandler
   Definitions
      At line 338 in file RTE\Device\LPC1768\startup_LPC17xx.s
   Uses
      At line 96 in file RTE\Device\LPC1768\startup_LPC17xx.s
      At line 302 in file RTE\Device\LPC1768\startup_LPC17xx.s

EINT2_IRQHandler 00000102

Symbol: EINT2_IRQHandler
   Definitions
      At line 339 in file RTE\Device\LPC1768\startup_LPC17xx.s
   Uses
      At line 97 in file RTE\Device\LPC1768\startup_LPC17xx.s
      At line 303 in file RTE\Device\LPC1768\startup_LPC17xx.s

EINT3_IRQHandler 00000102

Symbol: EINT3_IRQHandler
   Definitions
      At line 340 in file RTE\Device\LPC1768\startup_LPC17xx.s
   Uses
      At line 98 in file RTE\Device\LPC1768\startup_LPC17xx.s
      At line 304 in file RTE\Device\LPC1768\startup_LPC17xx.s

ENET_IRQHandler 00000102

Symbol: ENET_IRQHandler



ARM Macro Assembler    Page 3 Alphabetic symbol ordering
Relocatable symbols

   Definitions
      At line 347 in file RTE\Device\LPC1768\startup_LPC17xx.s
   Uses
      At line 105 in file RTE\Device\LPC1768\startup_LPC17xx.s
      At line 311 in file RTE\Device\LPC1768\startup_LPC17xx.s

HardFault_Handler 000000F2

Symbol: HardFault_Handler
   Definitions
      At line 244 in file RTE\Device\LPC1768\startup_LPC17xx.s
   Uses
      At line 62 in file RTE\Device\LPC1768\startup_LPC17xx.s
      At line 245 in file RTE\Device\LPC1768\startup_LPC17xx.s

I2C0_IRQHandler 00000102

Symbol: I2C0_IRQHandler
   Definitions
      At line 329 in file RTE\Device\LPC1768\startup_LPC17xx.s
   Uses
      At line 87 in file RTE\Device\LPC1768\startup_LPC17xx.s
      At line 293 in file RTE\Device\LPC1768\startup_LPC17xx.s

I2C1_IRQHandler 00000102

Symbol: I2C1_IRQHandler
   Definitions
      At line 330 in file RTE\Device\LPC1768\startup_LPC17xx.s
   Uses
      At line 88 in file RTE\Device\LPC1768\startup_LPC17xx.s
      At line 294 in file RTE\Device\LPC1768\startup_LPC17xx.s

I2C2_IRQHandler 00000102

Symbol: I2C2_IRQHandler
   Definitions
      At line 331 in file RTE\Device\LPC1768\startup_LPC17xx.s
   Uses
      At line 89 in file RTE\Device\LPC1768\startup_LPC17xx.s
      At line 295 in file RTE\Device\LPC1768\startup_LPC17xx.s

I2S_IRQHandler 00000102

Symbol: I2S_IRQHandler
   Definitions
      At line 346 in file RTE\Device\LPC1768\startup_LPC17xx.s
   Uses
      At line 104 in file RTE\Device\LPC1768\startup_LPC17xx.s
      At line 310 in file RTE\Device\LPC1768\startup_LPC17xx.s

MCPWM_IRQHandler 00000102

Symbol: MCPWM_IRQHandler
   Definitions
      At line 349 in file RTE\Device\LPC1768\startup_LPC17xx.s
   Uses
      At line 107 in file RTE\Device\LPC1768\startup_LPC17xx.s
      At line 313 in file RTE\Device\LPC1768\startup_LPC17xx.s



ARM Macro Assembler    Page 4 Alphabetic symbol ordering
Relocatable symbols


MemManage_Handler 000000F4

Symbol: MemManage_Handler
   Definitions
      At line 249 in file RTE\Device\LPC1768\startup_LPC17xx.s
   Uses
      At line 63 in file RTE\Device\LPC1768\startup_LPC17xx.s
      At line 250 in file RTE\Device\LPC1768\startup_LPC17xx.s

NMI_Handler 000000F0

Symbol: NMI_Handler
   Definitions
      At line 239 in file RTE\Device\LPC1768\startup_LPC17xx.s
   Uses
      At line 61 in file RTE\Device\LPC1768\startup_LPC17xx.s
      At line 240 in file RTE\Device\LPC1768\startup_LPC17xx.s

PLL0_IRQHandler 00000102

Symbol: PLL0_IRQHandler
   Definitions
      At line 335 in file RTE\Device\LPC1768\startup_LPC17xx.s
   Uses
      At line 93 in file RTE\Device\LPC1768\startup_LPC17xx.s
      At line 299 in file RTE\Device\LPC1768\startup_LPC17xx.s

PLL1_IRQHandler 00000102

Symbol: PLL1_IRQHandler
   Definitions
      At line 351 in file RTE\Device\LPC1768\startup_LPC17xx.s
   Uses
      At line 109 in file RTE\Device\LPC1768\startup_LPC17xx.s
      At line 315 in file RTE\Device\LPC1768\startup_LPC17xx.s

PWM1_IRQHandler 00000102

Symbol: PWM1_IRQHandler
   Definitions
      At line 328 in file RTE\Device\LPC1768\startup_LPC17xx.s
   Uses
      At line 86 in file RTE\Device\LPC1768\startup_LPC17xx.s
      At line 292 in file RTE\Device\LPC1768\startup_LPC17xx.s

PendSV_Handler 000000FE

Symbol: PendSV_Handler
   Definitions
      At line 272 in file RTE\Device\LPC1768\startup_LPC17xx.s
   Uses
      At line 73 in file RTE\Device\LPC1768\startup_LPC17xx.s
      At line 273 in file RTE\Device\LPC1768\startup_LPC17xx.s

QEI_IRQHandler 00000102

Symbol: QEI_IRQHandler
   Definitions



ARM Macro Assembler    Page 5 Alphabetic symbol ordering
Relocatable symbols

      At line 350 in file RTE\Device\LPC1768\startup_LPC17xx.s
   Uses
      At line 108 in file RTE\Device\LPC1768\startup_LPC17xx.s
      At line 314 in file RTE\Device\LPC1768\startup_LPC17xx.s

RIT_IRQHandler 00000102

Symbol: RIT_IRQHandler
   Definitions
      At line 348 in file RTE\Device\LPC1768\startup_LPC17xx.s
   Uses
      At line 106 in file RTE\Device\LPC1768\startup_LPC17xx.s
      At line 312 in file RTE\Device\LPC1768\startup_LPC17xx.s

RTC_IRQHandler 00000102

Symbol: RTC_IRQHandler
   Definitions
      At line 336 in file RTE\Device\LPC1768\startup_LPC17xx.s
   Uses
      At line 94 in file RTE\Device\LPC1768\startup_LPC17xx.s
      At line 300 in file RTE\Device\LPC1768\startup_LPC17xx.s

Reset_Handler 00000000

Symbol: Reset_Handler
   Definitions
      At line 125 in file RTE\Device\LPC1768\startup_LPC17xx.s
   Uses
      At line 60 in file RTE\Device\LPC1768\startup_LPC17xx.s
      At line 126 in file RTE\Device\LPC1768\startup_LPC17xx.s

SPI_IRQHandler 00000102

Symbol: SPI_IRQHandler
   Definitions
      At line 332 in file RTE\Device\LPC1768\startup_LPC17xx.s
   Uses
      At line 90 in file RTE\Device\LPC1768\startup_LPC17xx.s
      At line 296 in file RTE\Device\LPC1768\startup_LPC17xx.s

SSP0_IRQHandler 00000102

Symbol: SSP0_IRQHandler
   Definitions
      At line 333 in file RTE\Device\LPC1768\startup_LPC17xx.s
   Uses
      At line 91 in file RTE\Device\LPC1768\startup_LPC17xx.s
      At line 297 in file RTE\Device\LPC1768\startup_LPC17xx.s

SSP1_IRQHandler 00000102

Symbol: SSP1_IRQHandler
   Definitions
      At line 334 in file RTE\Device\LPC1768\startup_LPC17xx.s
   Uses
      At line 92 in file RTE\Device\LPC1768\startup_LPC17xx.s
      At line 298 in file RTE\Device\LPC1768\startup_LPC17xx.s




ARM Macro Assembler    Page 6 Alphabetic symbol ordering
Relocatable symbols

SVC_Handler 000000FA

Symbol: SVC_Handler
   Definitions
      At line 263 in file RTE\Device\LPC1768\startup_LPC17xx.s
   Uses
      At line 70 in file RTE\Device\LPC1768\startup_LPC17xx.s
      At line 264 in file RTE\Device\LPC1768\startup_LPC17xx.s

SysTick_Handler 00000100

Symbol: SysTick_Handler
   Definitions
      At line 276 in file RTE\Device\LPC1768\startup_LPC17xx.s
   Uses
      At line 74 in file RTE\Device\LPC1768\startup_LPC17xx.s
      At line 277 in file RTE\Device\LPC1768\startup_LPC17xx.s

TIMER0_IRQHandler 00000102

Symbol: TIMER0_IRQHandler
   Definitions
      At line 320 in file RTE\Device\LPC1768\startup_LPC17xx.s
   Uses
      At line 78 in file RTE\Device\LPC1768\startup_LPC17xx.s
      At line 284 in file RTE\Device\LPC1768\startup_LPC17xx.s

TIMER1_IRQHandler 00000102

Symbol: TIMER1_IRQHandler
   Definitions
      At line 321 in file RTE\Device\LPC1768\startup_LPC17xx.s
   Uses
      At line 79 in file RTE\Device\LPC1768\startup_LPC17xx.s
      At line 285 in file RTE\Device\LPC1768\startup_LPC17xx.s

TIMER2_IRQHandler 00000102

Symbol: TIMER2_IRQHandler
   Definitions
      At line 322 in file RTE\Device\LPC1768\startup_LPC17xx.s
   Uses
      At line 80 in file RTE\Device\LPC1768\startup_LPC17xx.s
      At line 286 in file RTE\Device\LPC1768\startup_LPC17xx.s

TIMER3_IRQHandler 00000102

Symbol: TIMER3_IRQHandler
   Definitions
      At line 323 in file RTE\Device\LPC1768\startup_LPC17xx.s
   Uses
      At line 81 in file RTE\Device\LPC1768\startup_LPC17xx.s
      At line 287 in file RTE\Device\LPC1768\startup_LPC17xx.s

UART0_IRQHandler 00000102

Symbol: UART0_IRQHandler
   Definitions
      At line 324 in file RTE\Device\LPC1768\startup_LPC17xx.s



ARM Macro Assembler    Page 7 Alphabetic symbol ordering
Relocatable symbols

   Uses
      At line 82 in file RTE\Device\LPC1768\startup_LPC17xx.s
      At line 288 in file RTE\Device\LPC1768\startup_LPC17xx.s

UART1_IRQHandler 00000102

Symbol: UART1_IRQHandler
   Definitions
      At line 325 in file RTE\Device\LPC1768\startup_LPC17xx.s
   Uses
      At line 83 in file RTE\Device\LPC1768\startup_LPC17xx.s
      At line 289 in file RTE\Device\LPC1768\startup_LPC17xx.s

UART2_IRQHandler 00000102

Symbol: UART2_IRQHandler
   Definitions
      At line 326 in file RTE\Device\LPC1768\startup_LPC17xx.s
   Uses
      At line 84 in file RTE\Device\LPC1768\startup_LPC17xx.s
      At line 290 in file RTE\Device\LPC1768\startup_LPC17xx.s

UART3_IRQHandler 00000102

Symbol: UART3_IRQHandler
   Definitions
      At line 327 in file RTE\Device\LPC1768\startup_LPC17xx.s
   Uses
      At line 85 in file RTE\Device\LPC1768\startup_LPC17xx.s
      At line 291 in file RTE\Device\LPC1768\startup_LPC17xx.s

USBActivity_IRQHandler 00000102

Symbol: USBActivity_IRQHandler
   Definitions
      At line 352 in file RTE\Device\LPC1768\startup_LPC17xx.s
   Uses
      At line 110 in file RTE\Device\LPC1768\startup_LPC17xx.s
      At line 316 in file RTE\Device\LPC1768\startup_LPC17xx.s

USB_IRQHandler 00000102

Symbol: USB_IRQHandler
   Definitions
      At line 343 in file RTE\Device\LPC1768\startup_LPC17xx.s
   Uses
      At line 101 in file RTE\Device\LPC1768\startup_LPC17xx.s
      At line 307 in file RTE\Device\LPC1768\startup_LPC17xx.s

UsageFault_Handler 000000F8

Symbol: UsageFault_Handler
   Definitions
      At line 259 in file RTE\Device\LPC1768\startup_LPC17xx.s
   Uses
      At line 65 in file RTE\Device\LPC1768\startup_LPC17xx.s
      At line 260 in file RTE\Device\LPC1768\startup_LPC17xx.s

WDT_IRQHandler 00000102



ARM Macro Assembler    Page 8 Alphabetic symbol ordering
Relocatable symbols


Symbol: WDT_IRQHandler
   Definitions
      At line 319 in file RTE\Device\LPC1768\startup_LPC17xx.s
   Uses
      At line 77 in file RTE\Device\LPC1768\startup_LPC17xx.s
      At line 283 in file RTE\Device\LPC1768\startup_LPC17xx.s

__user_initial_stackheap 00000104

Symbol: __user_initial_stackheap
   Definitions
      At line 375 in file RTE\Device\LPC1768\startup_LPC17xx.s
   Uses
      At line 374 in file RTE\Device\LPC1768\startup_LPC17xx.s
Comment: __user_initial_stackheap used once
continueR 00000090

Symbol: continueR
   Definitions
      At line 194 in file RTE\Device\LPC1768\startup_LPC17xx.s
   Uses
      At line 191 in file RTE\Device\LPC1768\startup_LPC17xx.s
Comment: continueR used once
continueU 000000DC

Symbol: continueU
   Definitions
      At line 227 in file RTE\Device\LPC1768\startup_LPC17xx.s
   Uses
      At line 222 in file RTE\Device\LPC1768\startup_LPC17xx.s
Comment: continueU used once
coprime 0000009C

Symbol: coprime
   Definitions
      At line 201 in file RTE\Device\LPC1768\startup_LPC17xx.s
   Uses
      At line 150 in file RTE\Device\LPC1768\startup_LPC17xx.s
      At line 154 in file RTE\Device\LPC1768\startup_LPC17xx.s
      At line 158 in file RTE\Device\LPC1768\startup_LPC17xx.s
      At line 162 in file RTE\Device\LPC1768\startup_LPC17xx.s
      At line 202 in file RTE\Device\LPC1768\startup_LPC17xx.s

cycleR 00000070

Symbol: cycleR
   Definitions
      At line 181 in file RTE\Device\LPC1768\startup_LPC17xx.s
   Uses
      At line 188 in file RTE\Device\LPC1768\startup_LPC17xx.s
      At line 196 in file RTE\Device\LPC1768\startup_LPC17xx.s

cycleU 000000C0

Symbol: cycleU
   Definitions
      At line 217 in file RTE\Device\LPC1768\startup_LPC17xx.s
   Uses



ARM Macro Assembler    Page 9 Alphabetic symbol ordering
Relocatable symbols

      At line 218 in file RTE\Device\LPC1768\startup_LPC17xx.s
      At line 229 in file RTE\Device\LPC1768\startup_LPC17xx.s

divideU 000000B4

Symbol: divideU
   Definitions
      At line 213 in file RTE\Device\LPC1768\startup_LPC17xx.s
   Uses
      At line 214 in file RTE\Device\LPC1768\startup_LPC17xx.s
Comment: divideU used once
endC 000000EC

Symbol: endC
   Definitions
      At line 233 in file RTE\Device\LPC1768\startup_LPC17xx.s
   Uses
      At line 212 in file RTE\Device\LPC1768\startup_LPC17xx.s
      At line 231 in file RTE\Device\LPC1768\startup_LPC17xx.s

isDivisor 00000086

Symbol: isDivisor
   Definitions
      At line 189 in file RTE\Device\LPC1768\startup_LPC17xx.s
   Uses
      At line 184 in file RTE\Device\LPC1768\startup_LPC17xx.s
Comment: isDivisor used once
radical 00000062

Symbol: radical
   Definitions
      At line 174 in file RTE\Device\LPC1768\startup_LPC17xx.s
   Uses
      At line 133 in file RTE\Device\LPC1768\startup_LPC17xx.s
      At line 136 in file RTE\Device\LPC1768\startup_LPC17xx.s
      At line 139 in file RTE\Device\LPC1768\startup_LPC17xx.s
      At line 142 in file RTE\Device\LPC1768\startup_LPC17xx.s
      At line 145 in file RTE\Device\LPC1768\startup_LPC17xx.s
      At line 175 in file RTE\Device\LPC1768\startup_LPC17xx.s

stop 00000060

Symbol: stop
   Definitions
      At line 171 in file RTE\Device\LPC1768\startup_LPC17xx.s
   Uses
      At line 171 in file RTE\Device\LPC1768\startup_LPC17xx.s
Comment: stop used once
58 symbols



ARM Macro Assembler    Page 1 Alphabetic symbol ordering
Absolute symbols

Heap_Size 00000000

Symbol: Heap_Size
   Definitions
      At line 42 in file RTE\Device\LPC1768\startup_LPC17xx.s
   Uses
      At line 46 in file RTE\Device\LPC1768\startup_LPC17xx.s
      At line 379 in file RTE\Device\LPC1768\startup_LPC17xx.s

Stack_Size 00000200

Symbol: Stack_Size
   Definitions
      At line 31 in file RTE\Device\LPC1768\startup_LPC17xx.s
   Uses
      At line 34 in file RTE\Device\LPC1768\startup_LPC17xx.s
      At line 378 in file RTE\Device\LPC1768\startup_LPC17xx.s

2 symbols



ARM Macro Assembler    Page 1 Alphabetic symbol ordering
External symbols

SystemInit 00000000

Symbol: SystemInit
   Definitions
      At line 165 in file RTE\Device\LPC1768\startup_LPC17xx.s
   Uses
      At line 167 in file RTE\Device\LPC1768\startup_LPC17xx.s
Comment: SystemInit used once
__main 00000000

Symbol: __main
   Definitions
      At line 166 in file RTE\Device\LPC1768\startup_LPC17xx.s
   Uses
      At line 169 in file RTE\Device\LPC1768\startup_LPC17xx.s
Comment: __main used once
__use_two_region_memory 00000000

Symbol: __use_two_region_memory
   Definitions
      At line 373 in file RTE\Device\LPC1768\startup_LPC17xx.s
   Uses
      None
Comment: __use_two_region_memory unused
3 symbols
414 symbols in table
