


ARM Macro Assembler    Page 1 


    1 00000000         ;/******************************************************
                       ********************//**
    2 00000000         ; * @file     startup_LPC17xx.s
    3 00000000         ; * @brief    CMSIS Cortex-M3 Core Device Startup File f
                       or
    4 00000000         ; *           NXP LPC17xx Device Series
    5 00000000         ; * @version  V1.10
    6 00000000         ; * @date     06. April 2011
    7 00000000         ; *
    8 00000000         ; * @note
    9 00000000         ; * Copyright (C) 2009-2011 ARM Limited. All rights rese
                       rved.
   10 00000000         ; *
   11 00000000         ; * @par
   12 00000000         ; * ARM Limited (ARM) is supplying this software for use
                        with Cortex-M
   13 00000000         ; * processor based microcontrollers.  This file can be 
                       freely distributed
   14 00000000         ; * within development tools that are supporting such AR
                       M based processors.
   15 00000000         ; *
   16 00000000         ; * @par
   17 00000000         ; * THIS SOFTWARE IS PROVIDED "AS IS".  NO WARRANTIES, W
                       HETHER EXPRESS, IMPLIED
   18 00000000         ; * OR STATUTORY, INCLUDING, BUT NOT LIMITED TO, IMPLIED
                        WARRANTIES OF
   19 00000000         ; * MERCHANTABILITY AND FITNESS FOR A PARTICULAR PURPOSE
                        APPLY TO THIS SOFTWARE.
   20 00000000         ; * ARM SHALL NOT, IN ANY CIRCUMSTANCES, BE LIABLE FOR S
                       PECIAL, INCIDENTAL, OR
   21 00000000         ; * CONSEQUENTIAL DAMAGES, FOR ANY REASON WHATSOEVER.
   22 00000000         ; *
   23 00000000         ; ******************************************************
                       ************************/
   24 00000000         
   25 00000000         ; *------- <<< Use Configuration Wizard in Context Menu 
                       >>> ------------------
   26 00000000         
   27 00000000         ; <h> Stack Configuration
   28 00000000         ;   <o> Stack Size (in Bytes) <0x0-0xFFFFFFFF:8>
   29 00000000         ; </h>
   30 00000000         
   31 00000000 00000200 
                       Stack_Size
                               EQU              0x00000200
   32 00000000         
   33 00000000                 AREA             STACK, NOINIT, READWRITE, ALIGN
=3
   34 00000000         Stack_Mem
                               SPACE            Stack_Size
   35 00000200         __initial_sp
   36 00000200         
   37 00000200         
   38 00000200         ; <h> Heap Configuration
   39 00000200         ;   <o>  Heap Size (in Bytes) <0x0-0xFFFFFFFF:8>
   40 00000200         ; </h>
   41 00000200         
   42 00000200 00000000 
                       Heap_Size



ARM Macro Assembler    Page 2 


                               EQU              0x00000000
   43 00000200         
   44 00000200                 AREA             HEAP, NOINIT, READWRITE, ALIGN=
3
   45 00000000         __heap_base
   46 00000000         Heap_Mem
                               SPACE            Heap_Size
   47 00000000         __heap_limit
   48 00000000         
   49 00000000         
   50 00000000                 PRESERVE8
   51 00000000                 THUMB
   52 00000000         
   53 00000000         
   54 00000000         ; Vector Table Mapped to Address 0 at Reset
   55 00000000         
   56 00000000                 AREA             RESET, DATA, READONLY
   57 00000000                 EXPORT           __Vectors
   58 00000000         
   59 00000000 00000000 
                       __Vectors
                               DCD              __initial_sp ; Top of Stack
   60 00000004 00000000        DCD              Reset_Handler ; Reset Handler
   61 00000008 00000000        DCD              NMI_Handler ; NMI Handler
   62 0000000C 00000000        DCD              HardFault_Handler ; Hard Fault 
                                                            Handler
   63 00000010 00000000        DCD              MemManage_Handler 
                                                            ; MPU Fault Handler
                                                            
   64 00000014 00000000        DCD              BusFault_Handler 
                                                            ; Bus Fault Handler
                                                            
   65 00000018 00000000        DCD              UsageFault_Handler ; Usage Faul
                                                            t Handler
   66 0000001C 00000000        DCD              0           ; Reserved
   67 00000020 00000000        DCD              0           ; Reserved
   68 00000024 00000000        DCD              0           ; Reserved
   69 00000028 00000000        DCD              0           ; Reserved
   70 0000002C 00000000        DCD              SVC_Handler ; SVCall Handler
   71 00000030 00000000        DCD              DebugMon_Handler ; Debug Monito
                                                            r Handler
   72 00000034 00000000        DCD              0           ; Reserved
   73 00000038 00000000        DCD              PendSV_Handler ; PendSV Handler
                                                            
   74 0000003C 00000000        DCD              SysTick_Handler 
                                                            ; SysTick Handler
   75 00000040         
   76 00000040         ; External Interrupts
   77 00000040 00000000        DCD              WDT_IRQHandler ; 16: Watchdog T
                                                            imer
   78 00000044 00000000        DCD              TIMER0_IRQHandler ; 17: Timer0
   79 00000048 00000000        DCD              TIMER1_IRQHandler ; 18: Timer1
   80 0000004C 00000000        DCD              TIMER2_IRQHandler ; 19: Timer2
   81 00000050 00000000        DCD              TIMER3_IRQHandler ; 20: Timer3
   82 00000054 00000000        DCD              UART0_IRQHandler ; 21: UART0
   83 00000058 00000000        DCD              UART1_IRQHandler ; 22: UART1
   84 0000005C 00000000        DCD              UART2_IRQHandler ; 23: UART2
   85 00000060 00000000        DCD              UART3_IRQHandler ; 24: UART3
   86 00000064 00000000        DCD              PWM1_IRQHandler ; 25: PWM1



ARM Macro Assembler    Page 3 


   87 00000068 00000000        DCD              I2C0_IRQHandler ; 26: I2C0
   88 0000006C 00000000        DCD              I2C1_IRQHandler ; 27: I2C1
   89 00000070 00000000        DCD              I2C2_IRQHandler ; 28: I2C2
   90 00000074 00000000        DCD              SPI_IRQHandler ; 29: SPI
   91 00000078 00000000        DCD              SSP0_IRQHandler ; 30: SSP0
   92 0000007C 00000000        DCD              SSP1_IRQHandler ; 31: SSP1
   93 00000080 00000000        DCD              PLL0_IRQHandler ; 32: PLL0 Lock
                                                             (Main PLL)
   94 00000084 00000000        DCD              RTC_IRQHandler ; 33: Real Time 
                                                            Clock
   95 00000088 00000000        DCD              EINT0_IRQHandler ; 34: External
                                                             Interrupt 0
   96 0000008C 00000000        DCD              EINT1_IRQHandler ; 35: External
                                                             Interrupt 1
   97 00000090 00000000        DCD              EINT2_IRQHandler ; 36: External
                                                             Interrupt 2
   98 00000094 00000000        DCD              EINT3_IRQHandler ; 37: External
                                                             Interrupt 3
   99 00000098 00000000        DCD              ADC_IRQHandler 
                                                            ; 38: A/D Converter
                                                            
  100 0000009C 00000000        DCD              BOD_IRQHandler ; 39: Brown-Out 
                                                            Detect
  101 000000A0 00000000        DCD              USB_IRQHandler ; 40: USB
  102 000000A4 00000000        DCD              CAN_IRQHandler ; 41: CAN
  103 000000A8 00000000        DCD              DMA_IRQHandler ; 42: General Pu
                                                            rpose DMA
  104 000000AC 00000000        DCD              I2S_IRQHandler ; 43: I2S
  105 000000B0 00000000        DCD              ENET_IRQHandler ; 44: Ethernet
  106 000000B4 00000000        DCD              RIT_IRQHandler ; 45: Repetitive
                                                             Interrupt Timer
  107 000000B8 00000000        DCD              MCPWM_IRQHandler ; 46: Motor Co
                                                            ntrol PWM
  108 000000BC 00000000        DCD              QEI_IRQHandler ; 47: Quadrature
                                                             Encoder Interface
  109 000000C0 00000000        DCD              PLL1_IRQHandler ; 48: PLL1 Lock
                                                             (USB PLL)
  110 000000C4 00000000        DCD              USBActivity_IRQHandler ; 49: US
                                                            B Activity interrup
                                                            t to wakeup
  111 000000C8 00000000        DCD              CANActivity_IRQHandler ; 50: CA
                                                            N Activity interrup
                                                            t to wakeup
  112 000000CC         
  113 000000CC         
  114 000000CC                 IF               :LNOT::DEF:NO_CRP
  115 000000CC                 AREA             |.ARM.__at_0x02FC|, CODE, READO
NLY
  116 00000000 FFFFFFFF 
                       CRP_Key DCD              0xFFFFFFFF
  117 00000004                 ENDIF
  118 00000004         
  119 00000004         
  120 00000004                 AREA             |.text|, CODE, READONLY
  121 00000000         
  122 00000000         
  123 00000000         ; Reset Handler
  124 00000000         
  125 00000000         Reset_Handler



ARM Macro Assembler    Page 4 


                               PROC
  126 00000000                 EXPORT           Reset_Handler             [WEAK
]
  127 00000000         
  128 00000000                 ENDP
  129 00000000         
  130 00000000         cosine  PROC
  131 00000000         ; r0 = x
  132 00000000 FB00 F000       MUL              r0, r0, r0  ; x^2
  133 00000004 EA4F 2010       LSR              r0, #8      ; x^2/256
  134 00000008 F1C0 0080       RSB              r0, r0, #128 ; 128 - r0
  135 0000000C 4770            BX               LR
  136 0000000E                 ENDP
  137 0000000E         
  138 0000000E         doubleAngleSine
                               PROC
  139 0000000E B500            PUSH             {LR}
  140 00000010         ;r0 = x
  141 00000010         ; begin abs of x on r1
  142 00000010 4601            MOV              r1, r0      ;  ; save the signe
                                                            d value
  143 00000012 EA4F 72E1       ASR              r2, r1, #31
  144 00000016 4411            ADD              r1, r2, r1
  145 00000018 EA82 0101       EOR              r1, r2, r1
  146 0000001C         ; end abs of r0 in r1
  147 0000001C 2940            CMP              r1, #64
  148 0000001E D30E            BLO              endAngleSine ; if -64<x<64 retu
                                                            rn x
  149 00000020 EA4F 0060       ASR              r0, #1      ; x/2
  150 00000024 B401            PUSH             {r0}        ; save r0
  151 00000026 F7FF FFFE       BL               cosine      ; it returns 128*co
                                                            s(x/2) in r0
  152 0000002A 4601            MOV              r1, r0      ; move r0 in r1
  153 0000002C BC01            POP              {r0}        ; take the x/2
  154 0000002E B402            PUSH             {r1}        ; save the return o
                                                            f cosine in r1
  155 00000030 F7FF FFFE       BL               doubleAngleSine ; it returns 12
                                                            8*sin(x/2) in r0
  156 00000034 BC02            POP              {r1}        ; take the return o
                                                            f first cosine
  157 00000036 FB00 F001       MUL              r0, r0, r1  ; save the returned
                                                             values
  158 0000003A EA4F 10A0       ASR              r0, #6      ; divide by 64
  159 0000003E BD00    endAngleSine
                               POP{PC}
  160 00000040                 ENDP
  161 00000040         
  162 00000040         doubleAngleCosine
                               PROC
  163 00000040 B500            PUSH             {LR}
  164 00000042         ; r0 = x
  165 00000042         ; begin abs of r0 in r1
  166 00000042 4601            MOV              r1, r0      ; save the signed v
                                                            alue
  167 00000044 EA4F 72E1       ASR              r2, r1, #31
  168 00000048 4411            ADD              r1, r2, r1
  169 0000004A EA82 0101       EOR              r1, r2, r1
  170 0000004E         ; end abs
  171 0000004E 2980            CMP              r1, #128



ARM Macro Assembler    Page 5 


  172 00000050 D202            BHS              contAngleCos
  173 00000052         ; -128<r1<128
  174 00000052 F7FF FFFE       BL               cosine      ; in r0 is saved th
                                                            e result
  175 00000056 E009            B                endAngleCosine
  176 00000058 EA4F 0060 
                       contAngleCos
                               ASR              r0, #1      ; x/2
  177 0000005C F7FF FFFE       BL               doubleAngleSine ; in r0 is save
                                                            d the sine of x/2
  178 00000060 FB00 F000       MUL              r0, r0, r0  ; r0^2
  179 00000064 EA4F 10A0       ASR              r0, #6      ; r0/64
  180 00000068 F1C0 0080       RSB              r0, r0, #128 ; r0 = 128 - r0   
                                                            
  181 0000006C BD00    endAngleCosine
                               POP{PC}
  182 0000006E                 ENDP
  183 0000006E         
  184 0000006E         
  185 0000006E         
  186 0000006E         
  187 0000006E         ; Dummy Exception Handlers (infinite loops which can be 
                       modified)
  188 0000006E         
  189 0000006E         NMI_Handler
                               PROC
  190 0000006E                 EXPORT           NMI_Handler               [WEAK
]
  191 0000006E E7FE            B                .
  192 00000070                 ENDP
  194 00000070         HardFault_Handler
                               PROC
  195 00000070                 EXPORT           HardFault_Handler         [WEAK
]
  196 00000070 E7FE            B                .
  197 00000072                 ENDP
  199 00000072         MemManage_Handler
                               PROC
  200 00000072                 EXPORT           MemManage_Handler         [WEAK
]
  201 00000072 E7FE            B                .
  202 00000074                 ENDP
  204 00000074         BusFault_Handler
                               PROC
  205 00000074                 EXPORT           BusFault_Handler          [WEAK
]
  206 00000074 E7FE            B                .
  207 00000076                 ENDP
  209 00000076         UsageFault_Handler
                               PROC
  210 00000076                 EXPORT           UsageFault_Handler        [WEAK
]
  211 00000076 E7FE            B                .
  212 00000078                 ENDP
  213 00000078         SVC_Handler
                               PROC
  214 00000078                 EXPORT           SVC_Handler               [WEAK
]
  215 00000078 E7FE            B                .



ARM Macro Assembler    Page 6 


  216 0000007A                 ENDP
  218 0000007A         DebugMon_Handler
                               PROC
  219 0000007A                 EXPORT           DebugMon_Handler          [WEAK
]
  220 0000007A E7FE            B                .
  221 0000007C                 ENDP
  222 0000007C         PendSV_Handler
                               PROC
  223 0000007C                 EXPORT           PendSV_Handler            [WEAK
]
  224 0000007C E7FE            B                .
  225 0000007E                 ENDP
  226 0000007E         SysTick_Handler
                               PROC
  227 0000007E                 EXPORT           SysTick_Handler           [WEAK
]
  228 0000007E E7FE            B                .
  229 00000080                 ENDP
  230 00000080         
  231 00000080         Default_Handler
                               PROC
  232 00000080         
  233 00000080                 EXPORT           WDT_IRQHandler            [WEAK
]
  234 00000080                 EXPORT           TIMER0_IRQHandler         [WEAK
]
  235 00000080                 EXPORT           TIMER1_IRQHandler         [WEAK
]
  236 00000080                 EXPORT           TIMER2_IRQHandler         [WEAK
]
  237 00000080                 EXPORT           TIMER3_IRQHandler         [WEAK
]
  238 00000080                 EXPORT           UART0_IRQHandler          [WEAK
]
  239 00000080                 EXPORT           UART1_IRQHandler          [WEAK
]
  240 00000080                 EXPORT           UART2_IRQHandler          [WEAK
]
  241 00000080                 EXPORT           UART3_IRQHandler          [WEAK
]
  242 00000080                 EXPORT           PWM1_IRQHandler           [WEAK
]
  243 00000080                 EXPORT           I2C0_IRQHandler           [WEAK
]
  244 00000080                 EXPORT           I2C1_IRQHandler           [WEAK
]
  245 00000080                 EXPORT           I2C2_IRQHandler           [WEAK
]
  246 00000080                 EXPORT           SPI_IRQHandler            [WEAK
]
  247 00000080                 EXPORT           SSP0_IRQHandler           [WEAK
]
  248 00000080                 EXPORT           SSP1_IRQHandler           [WEAK
]
  249 00000080                 EXPORT           PLL0_IRQHandler           [WEAK
]
  250 00000080                 EXPORT           RTC_IRQHandler            [WEAK
]



ARM Macro Assembler    Page 7 


  251 00000080                 EXPORT           EINT0_IRQHandler          [WEAK
]
  252 00000080                 EXPORT           EINT1_IRQHandler          [WEAK
]
  253 00000080                 EXPORT           EINT2_IRQHandler          [WEAK
]
  254 00000080                 EXPORT           EINT3_IRQHandler          [WEAK
]
  255 00000080                 EXPORT           ADC_IRQHandler            [WEAK
]
  256 00000080                 EXPORT           BOD_IRQHandler            [WEAK
]
  257 00000080                 EXPORT           USB_IRQHandler            [WEAK
]
  258 00000080                 EXPORT           CAN_IRQHandler            [WEAK
]
  259 00000080                 EXPORT           DMA_IRQHandler            [WEAK
]
  260 00000080                 EXPORT           I2S_IRQHandler            [WEAK
]
  261 00000080                 EXPORT           ENET_IRQHandler           [WEAK
]
  262 00000080                 EXPORT           RIT_IRQHandler            [WEAK
]
  263 00000080                 EXPORT           MCPWM_IRQHandler          [WEAK
]
  264 00000080                 EXPORT           QEI_IRQHandler            [WEAK
]
  265 00000080                 EXPORT           PLL1_IRQHandler           [WEAK
]
  266 00000080                 EXPORT           USBActivity_IRQHandler    [WEAK
]
  267 00000080                 EXPORT           CANActivity_IRQHandler    [WEAK
]
  268 00000080         
  269 00000080         WDT_IRQHandler
  270 00000080         TIMER0_IRQHandler
  271 00000080         TIMER1_IRQHandler
  272 00000080         TIMER2_IRQHandler
  273 00000080         TIMER3_IRQHandler
  274 00000080         UART0_IRQHandler
  275 00000080         UART1_IRQHandler
  276 00000080         UART2_IRQHandler
  277 00000080         UART3_IRQHandler
  278 00000080         PWM1_IRQHandler
  279 00000080         I2C0_IRQHandler
  280 00000080         I2C1_IRQHandler
  281 00000080         I2C2_IRQHandler
  282 00000080         SPI_IRQHandler
  283 00000080         SSP0_IRQHandler
  284 00000080         SSP1_IRQHandler
  285 00000080         PLL0_IRQHandler
  286 00000080         RTC_IRQHandler
  287 00000080         EINT0_IRQHandler
  288 00000080         EINT1_IRQHandler
  289 00000080         EINT2_IRQHandler
  290 00000080         EINT3_IRQHandler
  291 00000080         ADC_IRQHandler
  292 00000080         BOD_IRQHandler



ARM Macro Assembler    Page 8 


  293 00000080         USB_IRQHandler
  294 00000080         CAN_IRQHandler
  295 00000080         DMA_IRQHandler
  296 00000080         I2S_IRQHandler
  297 00000080         ENET_IRQHandler
  298 00000080         RIT_IRQHandler
  299 00000080         MCPWM_IRQHandler
  300 00000080         QEI_IRQHandler
  301 00000080         PLL1_IRQHandler
  302 00000080         USBActivity_IRQHandler
  303 00000080         CANActivity_IRQHandler
  304 00000080         
  305 00000080 E7FE            B                .
  306 00000082         
  307 00000082                 ENDP
  308 00000082         
  309 00000082         
  310 00000082 00 00           ALIGN
  311 00000084         
  312 00000084         
  313 00000084         ; User Initial Stack & Heap
  314 00000084         
  315 00000084                 IF               :DEF:__MICROLIB
  322 00000084         
  323 00000084                 IMPORT           __use_two_region_memory
  324 00000084                 EXPORT           __user_initial_stackheap
  325 00000084         __user_initial_stackheap
  326 00000084         
  327 00000084 4802            LDR              R0, =  Heap_Mem
  328 00000086 4903            LDR              R1, =(Stack_Mem + Stack_Size)
  329 00000088 4A01            LDR              R2, = (Heap_Mem +  Heap_Size)
  330 0000008A 4B03            LDR              R3, = Stack_Mem
  331 0000008C 4770            BX               LR
  332 0000008E         
  333 0000008E 00 00           ALIGN
  334 00000090         
  335 00000090                 ENDIF
  336 00000090         
  337 00000090         
  338 00000090                 END
              00000000 
              00000200 
              00000000 
Command Line: --debug --xref --diag_suppress=9931 --cpu=Cortex-M3 --apcs=interw
ork --depend=.\objects\startup_lpc17xx.d -o.\objects\startup_lpc17xx.o -I.\RTE\
Device\LPC1768 -I.\RTE\_Target_1 -IC:\Users\asus\AppData\Local\Arm\Packs\ARM\CM
SIS\5.8.0\CMSIS\Core\Include -IC:\Users\asus\AppData\Local\Arm\Packs\Keil\LPC17
00_DFP\2.7.1\Device\Include --predefine="__EVAL SETA 1" --predefine="__UVISION_
VERSION SETA 536" --predefine="_RTE_ SETA 1" --predefine="LPC175x_6x SETA 1" --
predefine="_RTE_ SETA 1" --list=.\listings\startup_lpc17xx.lst RTE\Device\LPC17
68\startup_LPC17xx.s



ARM Macro Assembler    Page 1 Alphabetic symbol ordering
Relocatable symbols

STACK 00000000

Symbol: STACK
   Definitions
      At line 33 in file RTE\Device\LPC1768\startup_LPC17xx.s
   Uses
      None
Comment: STACK unused
Stack_Mem 00000000

Symbol: Stack_Mem
   Definitions
      At line 34 in file RTE\Device\LPC1768\startup_LPC17xx.s
   Uses
      At line 328 in file RTE\Device\LPC1768\startup_LPC17xx.s
      At line 330 in file RTE\Device\LPC1768\startup_LPC17xx.s

__initial_sp 00000200

Symbol: __initial_sp
   Definitions
      At line 35 in file RTE\Device\LPC1768\startup_LPC17xx.s
   Uses
      At line 59 in file RTE\Device\LPC1768\startup_LPC17xx.s
Comment: __initial_sp used once
3 symbols



ARM Macro Assembler    Page 1 Alphabetic symbol ordering
Relocatable symbols

HEAP 00000000

Symbol: HEAP
   Definitions
      At line 44 in file RTE\Device\LPC1768\startup_LPC17xx.s
   Uses
      None
Comment: HEAP unused
Heap_Mem 00000000

Symbol: Heap_Mem
   Definitions
      At line 46 in file RTE\Device\LPC1768\startup_LPC17xx.s
   Uses
      At line 327 in file RTE\Device\LPC1768\startup_LPC17xx.s
      At line 329 in file RTE\Device\LPC1768\startup_LPC17xx.s

__heap_base 00000000

Symbol: __heap_base
   Definitions
      At line 45 in file RTE\Device\LPC1768\startup_LPC17xx.s
   Uses
      None
Comment: __heap_base unused
__heap_limit 00000000

Symbol: __heap_limit
   Definitions
      At line 47 in file RTE\Device\LPC1768\startup_LPC17xx.s
   Uses
      None
Comment: __heap_limit unused
4 symbols



ARM Macro Assembler    Page 1 Alphabetic symbol ordering
Relocatable symbols

RESET 00000000

Symbol: RESET
   Definitions
      At line 56 in file RTE\Device\LPC1768\startup_LPC17xx.s
   Uses
      None
Comment: RESET unused
__Vectors 00000000

Symbol: __Vectors
   Definitions
      At line 59 in file RTE\Device\LPC1768\startup_LPC17xx.s
   Uses
      At line 57 in file RTE\Device\LPC1768\startup_LPC17xx.s
Comment: __Vectors used once
2 symbols



ARM Macro Assembler    Page 1 Alphabetic symbol ordering
Relocatable symbols

.ARM.__at_0x02FC 00000000

Symbol: .ARM.__at_0x02FC
   Definitions
      At line 115 in file RTE\Device\LPC1768\startup_LPC17xx.s
   Uses
      None
Comment: .ARM.__at_0x02FC unused
CRP_Key 00000000

Symbol: CRP_Key
   Definitions
      At line 116 in file RTE\Device\LPC1768\startup_LPC17xx.s
   Uses
      None
Comment: CRP_Key unused
2 symbols



ARM Macro Assembler    Page 1 Alphabetic symbol ordering
Relocatable symbols

.text 00000000

Symbol: .text
   Definitions
      At line 120 in file RTE\Device\LPC1768\startup_LPC17xx.s
   Uses
      None
Comment: .text unused
ADC_IRQHandler 00000080

Symbol: ADC_IRQHandler
   Definitions
      At line 291 in file RTE\Device\LPC1768\startup_LPC17xx.s
   Uses
      At line 99 in file RTE\Device\LPC1768\startup_LPC17xx.s
      At line 255 in file RTE\Device\LPC1768\startup_LPC17xx.s

BOD_IRQHandler 00000080

Symbol: BOD_IRQHandler
   Definitions
      At line 292 in file RTE\Device\LPC1768\startup_LPC17xx.s
   Uses
      At line 100 in file RTE\Device\LPC1768\startup_LPC17xx.s
      At line 256 in file RTE\Device\LPC1768\startup_LPC17xx.s

BusFault_Handler 00000074

Symbol: BusFault_Handler
   Definitions
      At line 204 in file RTE\Device\LPC1768\startup_LPC17xx.s
   Uses
      At line 64 in file RTE\Device\LPC1768\startup_LPC17xx.s
      At line 205 in file RTE\Device\LPC1768\startup_LPC17xx.s

CANActivity_IRQHandler 00000080

Symbol: CANActivity_IRQHandler
   Definitions
      At line 303 in file RTE\Device\LPC1768\startup_LPC17xx.s
   Uses
      At line 111 in file RTE\Device\LPC1768\startup_LPC17xx.s
      At line 267 in file RTE\Device\LPC1768\startup_LPC17xx.s

CAN_IRQHandler 00000080

Symbol: CAN_IRQHandler
   Definitions
      At line 294 in file RTE\Device\LPC1768\startup_LPC17xx.s
   Uses
      At line 102 in file RTE\Device\LPC1768\startup_LPC17xx.s
      At line 258 in file RTE\Device\LPC1768\startup_LPC17xx.s

DMA_IRQHandler 00000080

Symbol: DMA_IRQHandler
   Definitions
      At line 295 in file RTE\Device\LPC1768\startup_LPC17xx.s
   Uses



ARM Macro Assembler    Page 2 Alphabetic symbol ordering
Relocatable symbols

      At line 103 in file RTE\Device\LPC1768\startup_LPC17xx.s
      At line 259 in file RTE\Device\LPC1768\startup_LPC17xx.s

DebugMon_Handler 0000007A

Symbol: DebugMon_Handler
   Definitions
      At line 218 in file RTE\Device\LPC1768\startup_LPC17xx.s
   Uses
      At line 71 in file RTE\Device\LPC1768\startup_LPC17xx.s
      At line 219 in file RTE\Device\LPC1768\startup_LPC17xx.s

Default_Handler 00000080

Symbol: Default_Handler
   Definitions
      At line 231 in file RTE\Device\LPC1768\startup_LPC17xx.s
   Uses
      None
Comment: Default_Handler unused
EINT0_IRQHandler 00000080

Symbol: EINT0_IRQHandler
   Definitions
      At line 287 in file RTE\Device\LPC1768\startup_LPC17xx.s
   Uses
      At line 95 in file RTE\Device\LPC1768\startup_LPC17xx.s
      At line 251 in file RTE\Device\LPC1768\startup_LPC17xx.s

EINT1_IRQHandler 00000080

Symbol: EINT1_IRQHandler
   Definitions
      At line 288 in file RTE\Device\LPC1768\startup_LPC17xx.s
   Uses
      At line 96 in file RTE\Device\LPC1768\startup_LPC17xx.s
      At line 252 in file RTE\Device\LPC1768\startup_LPC17xx.s

EINT2_IRQHandler 00000080

Symbol: EINT2_IRQHandler
   Definitions
      At line 289 in file RTE\Device\LPC1768\startup_LPC17xx.s
   Uses
      At line 97 in file RTE\Device\LPC1768\startup_LPC17xx.s
      At line 253 in file RTE\Device\LPC1768\startup_LPC17xx.s

EINT3_IRQHandler 00000080

Symbol: EINT3_IRQHandler
   Definitions
      At line 290 in file RTE\Device\LPC1768\startup_LPC17xx.s
   Uses
      At line 98 in file RTE\Device\LPC1768\startup_LPC17xx.s
      At line 254 in file RTE\Device\LPC1768\startup_LPC17xx.s

ENET_IRQHandler 00000080

Symbol: ENET_IRQHandler



ARM Macro Assembler    Page 3 Alphabetic symbol ordering
Relocatable symbols

   Definitions
      At line 297 in file RTE\Device\LPC1768\startup_LPC17xx.s
   Uses
      At line 105 in file RTE\Device\LPC1768\startup_LPC17xx.s
      At line 261 in file RTE\Device\LPC1768\startup_LPC17xx.s

HardFault_Handler 00000070

Symbol: HardFault_Handler
   Definitions
      At line 194 in file RTE\Device\LPC1768\startup_LPC17xx.s
   Uses
      At line 62 in file RTE\Device\LPC1768\startup_LPC17xx.s
      At line 195 in file RTE\Device\LPC1768\startup_LPC17xx.s

I2C0_IRQHandler 00000080

Symbol: I2C0_IRQHandler
   Definitions
      At line 279 in file RTE\Device\LPC1768\startup_LPC17xx.s
   Uses
      At line 87 in file RTE\Device\LPC1768\startup_LPC17xx.s
      At line 243 in file RTE\Device\LPC1768\startup_LPC17xx.s

I2C1_IRQHandler 00000080

Symbol: I2C1_IRQHandler
   Definitions
      At line 280 in file RTE\Device\LPC1768\startup_LPC17xx.s
   Uses
      At line 88 in file RTE\Device\LPC1768\startup_LPC17xx.s
      At line 244 in file RTE\Device\LPC1768\startup_LPC17xx.s

I2C2_IRQHandler 00000080

Symbol: I2C2_IRQHandler
   Definitions
      At line 281 in file RTE\Device\LPC1768\startup_LPC17xx.s
   Uses
      At line 89 in file RTE\Device\LPC1768\startup_LPC17xx.s
      At line 245 in file RTE\Device\LPC1768\startup_LPC17xx.s

I2S_IRQHandler 00000080

Symbol: I2S_IRQHandler
   Definitions
      At line 296 in file RTE\Device\LPC1768\startup_LPC17xx.s
   Uses
      At line 104 in file RTE\Device\LPC1768\startup_LPC17xx.s
      At line 260 in file RTE\Device\LPC1768\startup_LPC17xx.s

MCPWM_IRQHandler 00000080

Symbol: MCPWM_IRQHandler
   Definitions
      At line 299 in file RTE\Device\LPC1768\startup_LPC17xx.s
   Uses
      At line 107 in file RTE\Device\LPC1768\startup_LPC17xx.s
      At line 263 in file RTE\Device\LPC1768\startup_LPC17xx.s



ARM Macro Assembler    Page 4 Alphabetic symbol ordering
Relocatable symbols


MemManage_Handler 00000072

Symbol: MemManage_Handler
   Definitions
      At line 199 in file RTE\Device\LPC1768\startup_LPC17xx.s
   Uses
      At line 63 in file RTE\Device\LPC1768\startup_LPC17xx.s
      At line 200 in file RTE\Device\LPC1768\startup_LPC17xx.s

NMI_Handler 0000006E

Symbol: NMI_Handler
   Definitions
      At line 189 in file RTE\Device\LPC1768\startup_LPC17xx.s
   Uses
      At line 61 in file RTE\Device\LPC1768\startup_LPC17xx.s
      At line 190 in file RTE\Device\LPC1768\startup_LPC17xx.s

PLL0_IRQHandler 00000080

Symbol: PLL0_IRQHandler
   Definitions
      At line 285 in file RTE\Device\LPC1768\startup_LPC17xx.s
   Uses
      At line 93 in file RTE\Device\LPC1768\startup_LPC17xx.s
      At line 249 in file RTE\Device\LPC1768\startup_LPC17xx.s

PLL1_IRQHandler 00000080

Symbol: PLL1_IRQHandler
   Definitions
      At line 301 in file RTE\Device\LPC1768\startup_LPC17xx.s
   Uses
      At line 109 in file RTE\Device\LPC1768\startup_LPC17xx.s
      At line 265 in file RTE\Device\LPC1768\startup_LPC17xx.s

PWM1_IRQHandler 00000080

Symbol: PWM1_IRQHandler
   Definitions
      At line 278 in file RTE\Device\LPC1768\startup_LPC17xx.s
   Uses
      At line 86 in file RTE\Device\LPC1768\startup_LPC17xx.s
      At line 242 in file RTE\Device\LPC1768\startup_LPC17xx.s

PendSV_Handler 0000007C

Symbol: PendSV_Handler
   Definitions
      At line 222 in file RTE\Device\LPC1768\startup_LPC17xx.s
   Uses
      At line 73 in file RTE\Device\LPC1768\startup_LPC17xx.s
      At line 223 in file RTE\Device\LPC1768\startup_LPC17xx.s

QEI_IRQHandler 00000080

Symbol: QEI_IRQHandler
   Definitions



ARM Macro Assembler    Page 5 Alphabetic symbol ordering
Relocatable symbols

      At line 300 in file RTE\Device\LPC1768\startup_LPC17xx.s
   Uses
      At line 108 in file RTE\Device\LPC1768\startup_LPC17xx.s
      At line 264 in file RTE\Device\LPC1768\startup_LPC17xx.s

RIT_IRQHandler 00000080

Symbol: RIT_IRQHandler
   Definitions
      At line 298 in file RTE\Device\LPC1768\startup_LPC17xx.s
   Uses
      At line 106 in file RTE\Device\LPC1768\startup_LPC17xx.s
      At line 262 in file RTE\Device\LPC1768\startup_LPC17xx.s

RTC_IRQHandler 00000080

Symbol: RTC_IRQHandler
   Definitions
      At line 286 in file RTE\Device\LPC1768\startup_LPC17xx.s
   Uses
      At line 94 in file RTE\Device\LPC1768\startup_LPC17xx.s
      At line 250 in file RTE\Device\LPC1768\startup_LPC17xx.s

Reset_Handler 00000000

Symbol: Reset_Handler
   Definitions
      At line 125 in file RTE\Device\LPC1768\startup_LPC17xx.s
   Uses
      At line 60 in file RTE\Device\LPC1768\startup_LPC17xx.s
      At line 126 in file RTE\Device\LPC1768\startup_LPC17xx.s

SPI_IRQHandler 00000080

Symbol: SPI_IRQHandler
   Definitions
      At line 282 in file RTE\Device\LPC1768\startup_LPC17xx.s
   Uses
      At line 90 in file RTE\Device\LPC1768\startup_LPC17xx.s
      At line 246 in file RTE\Device\LPC1768\startup_LPC17xx.s

SSP0_IRQHandler 00000080

Symbol: SSP0_IRQHandler
   Definitions
      At line 283 in file RTE\Device\LPC1768\startup_LPC17xx.s
   Uses
      At line 91 in file RTE\Device\LPC1768\startup_LPC17xx.s
      At line 247 in file RTE\Device\LPC1768\startup_LPC17xx.s

SSP1_IRQHandler 00000080

Symbol: SSP1_IRQHandler
   Definitions
      At line 284 in file RTE\Device\LPC1768\startup_LPC17xx.s
   Uses
      At line 92 in file RTE\Device\LPC1768\startup_LPC17xx.s
      At line 248 in file RTE\Device\LPC1768\startup_LPC17xx.s




ARM Macro Assembler    Page 6 Alphabetic symbol ordering
Relocatable symbols

SVC_Handler 00000078

Symbol: SVC_Handler
   Definitions
      At line 213 in file RTE\Device\LPC1768\startup_LPC17xx.s
   Uses
      At line 70 in file RTE\Device\LPC1768\startup_LPC17xx.s
      At line 214 in file RTE\Device\LPC1768\startup_LPC17xx.s

SysTick_Handler 0000007E

Symbol: SysTick_Handler
   Definitions
      At line 226 in file RTE\Device\LPC1768\startup_LPC17xx.s
   Uses
      At line 74 in file RTE\Device\LPC1768\startup_LPC17xx.s
      At line 227 in file RTE\Device\LPC1768\startup_LPC17xx.s

TIMER0_IRQHandler 00000080

Symbol: TIMER0_IRQHandler
   Definitions
      At line 270 in file RTE\Device\LPC1768\startup_LPC17xx.s
   Uses
      At line 78 in file RTE\Device\LPC1768\startup_LPC17xx.s
      At line 234 in file RTE\Device\LPC1768\startup_LPC17xx.s

TIMER1_IRQHandler 00000080

Symbol: TIMER1_IRQHandler
   Definitions
      At line 271 in file RTE\Device\LPC1768\startup_LPC17xx.s
   Uses
      At line 79 in file RTE\Device\LPC1768\startup_LPC17xx.s
      At line 235 in file RTE\Device\LPC1768\startup_LPC17xx.s

TIMER2_IRQHandler 00000080

Symbol: TIMER2_IRQHandler
   Definitions
      At line 272 in file RTE\Device\LPC1768\startup_LPC17xx.s
   Uses
      At line 80 in file RTE\Device\LPC1768\startup_LPC17xx.s
      At line 236 in file RTE\Device\LPC1768\startup_LPC17xx.s

TIMER3_IRQHandler 00000080

Symbol: TIMER3_IRQHandler
   Definitions
      At line 273 in file RTE\Device\LPC1768\startup_LPC17xx.s
   Uses
      At line 81 in file RTE\Device\LPC1768\startup_LPC17xx.s
      At line 237 in file RTE\Device\LPC1768\startup_LPC17xx.s

UART0_IRQHandler 00000080

Symbol: UART0_IRQHandler
   Definitions
      At line 274 in file RTE\Device\LPC1768\startup_LPC17xx.s



ARM Macro Assembler    Page 7 Alphabetic symbol ordering
Relocatable symbols

   Uses
      At line 82 in file RTE\Device\LPC1768\startup_LPC17xx.s
      At line 238 in file RTE\Device\LPC1768\startup_LPC17xx.s

UART1_IRQHandler 00000080

Symbol: UART1_IRQHandler
   Definitions
      At line 275 in file RTE\Device\LPC1768\startup_LPC17xx.s
   Uses
      At line 83 in file RTE\Device\LPC1768\startup_LPC17xx.s
      At line 239 in file RTE\Device\LPC1768\startup_LPC17xx.s

UART2_IRQHandler 00000080

Symbol: UART2_IRQHandler
   Definitions
      At line 276 in file RTE\Device\LPC1768\startup_LPC17xx.s
   Uses
      At line 84 in file RTE\Device\LPC1768\startup_LPC17xx.s
      At line 240 in file RTE\Device\LPC1768\startup_LPC17xx.s

UART3_IRQHandler 00000080

Symbol: UART3_IRQHandler
   Definitions
      At line 277 in file RTE\Device\LPC1768\startup_LPC17xx.s
   Uses
      At line 85 in file RTE\Device\LPC1768\startup_LPC17xx.s
      At line 241 in file RTE\Device\LPC1768\startup_LPC17xx.s

USBActivity_IRQHandler 00000080

Symbol: USBActivity_IRQHandler
   Definitions
      At line 302 in file RTE\Device\LPC1768\startup_LPC17xx.s
   Uses
      At line 110 in file RTE\Device\LPC1768\startup_LPC17xx.s
      At line 266 in file RTE\Device\LPC1768\startup_LPC17xx.s

USB_IRQHandler 00000080

Symbol: USB_IRQHandler
   Definitions
      At line 293 in file RTE\Device\LPC1768\startup_LPC17xx.s
   Uses
      At line 101 in file RTE\Device\LPC1768\startup_LPC17xx.s
      At line 257 in file RTE\Device\LPC1768\startup_LPC17xx.s

UsageFault_Handler 00000076

Symbol: UsageFault_Handler
   Definitions
      At line 209 in file RTE\Device\LPC1768\startup_LPC17xx.s
   Uses
      At line 65 in file RTE\Device\LPC1768\startup_LPC17xx.s
      At line 210 in file RTE\Device\LPC1768\startup_LPC17xx.s

WDT_IRQHandler 00000080



ARM Macro Assembler    Page 8 Alphabetic symbol ordering
Relocatable symbols


Symbol: WDT_IRQHandler
   Definitions
      At line 269 in file RTE\Device\LPC1768\startup_LPC17xx.s
   Uses
      At line 77 in file RTE\Device\LPC1768\startup_LPC17xx.s
      At line 233 in file RTE\Device\LPC1768\startup_LPC17xx.s

__user_initial_stackheap 00000084

Symbol: __user_initial_stackheap
   Definitions
      At line 325 in file RTE\Device\LPC1768\startup_LPC17xx.s
   Uses
      At line 324 in file RTE\Device\LPC1768\startup_LPC17xx.s
Comment: __user_initial_stackheap used once
contAngleCos 00000058

Symbol: contAngleCos
   Definitions
      At line 176 in file RTE\Device\LPC1768\startup_LPC17xx.s
   Uses
      At line 172 in file RTE\Device\LPC1768\startup_LPC17xx.s
Comment: contAngleCos used once
cosine 00000000

Symbol: cosine
   Definitions
      At line 130 in file RTE\Device\LPC1768\startup_LPC17xx.s
   Uses
      At line 151 in file RTE\Device\LPC1768\startup_LPC17xx.s
      At line 174 in file RTE\Device\LPC1768\startup_LPC17xx.s

doubleAngleCosine 00000040

Symbol: doubleAngleCosine
   Definitions
      At line 162 in file RTE\Device\LPC1768\startup_LPC17xx.s
   Uses
      None
Comment: doubleAngleCosine unused
doubleAngleSine 0000000E

Symbol: doubleAngleSine
   Definitions
      At line 138 in file RTE\Device\LPC1768\startup_LPC17xx.s
   Uses
      At line 155 in file RTE\Device\LPC1768\startup_LPC17xx.s
      At line 177 in file RTE\Device\LPC1768\startup_LPC17xx.s

endAngleCosine 0000006C

Symbol: endAngleCosine
   Definitions
      At line 181 in file RTE\Device\LPC1768\startup_LPC17xx.s
   Uses
      At line 175 in file RTE\Device\LPC1768\startup_LPC17xx.s
Comment: endAngleCosine used once
endAngleSine 0000003E



ARM Macro Assembler    Page 9 Alphabetic symbol ordering
Relocatable symbols


Symbol: endAngleSine
   Definitions
      At line 159 in file RTE\Device\LPC1768\startup_LPC17xx.s
   Uses
      At line 148 in file RTE\Device\LPC1768\startup_LPC17xx.s
Comment: endAngleSine used once
54 symbols



ARM Macro Assembler    Page 1 Alphabetic symbol ordering
Absolute symbols

Heap_Size 00000000

Symbol: Heap_Size
   Definitions
      At line 42 in file RTE\Device\LPC1768\startup_LPC17xx.s
   Uses
      At line 46 in file RTE\Device\LPC1768\startup_LPC17xx.s
      At line 329 in file RTE\Device\LPC1768\startup_LPC17xx.s

Stack_Size 00000200

Symbol: Stack_Size
   Definitions
      At line 31 in file RTE\Device\LPC1768\startup_LPC17xx.s
   Uses
      At line 34 in file RTE\Device\LPC1768\startup_LPC17xx.s
      At line 328 in file RTE\Device\LPC1768\startup_LPC17xx.s

2 symbols



ARM Macro Assembler    Page 1 Alphabetic symbol ordering
External symbols

__use_two_region_memory 00000000

Symbol: __use_two_region_memory
   Definitions
      At line 323 in file RTE\Device\LPC1768\startup_LPC17xx.s
   Uses
      None
Comment: __use_two_region_memory unused
1 symbol
408 symbols in table
